#
# There is insufficient memory for the Java Runtime Environment to continue.
# Native memory allocation (malloc) failed to allocate 1510896 bytes for Chunk::new
# Possible reasons:
#   The system is out of physical RAM or swap space
#   The process is running with CompressedOops enabled, and the Java Heap may be blocking the growth of the native heap
# Possible solutions:
#   Reduce memory load on the system
#   Increase physical memory or swap space
#   Check if swap backing store is full
#   Decrease Java heap size (-Xmx/-Xms)
#   Decrease number of Java threads
#   Decrease Java thread stack sizes (-Xss)
#   Set larger code cache with -XX:ReservedCodeCacheSize=
#   JVM is running with Unscaled Compressed Oops mode in which the Java heap is
#     placed in the first 4GB address space. The Java Heap base address is the
#     maximum limit for the native heap growth. Please use -XX:HeapBaseMinAddress
#     to set the Java Heap base and to place the Java Heap above 4GB virtual address.
# This output file may be truncated or incomplete.
#
#  Out of Memory Error (./src/hotspot/share/memory/arena.cpp:197), pid=8068, tid=2800
#
# JRE version: OpenJDK Runtime Environment (11.0.12+7) (build 11.0.12+7-b1504.28-7817840)
# Java VM: OpenJDK 64-Bit Server VM (11.0.12+7-b1504.28-7817840, mixed mode, tiered, compressed oops, g1 gc, windows-amd64)
# No core dump will be written. Minidumps are not enabled by default on client versions of Windows
#

---------------  S U M M A R Y ------------

Command Line: --add-opens=java.base/java.util=ALL-UNNAMED --add-opens=java.base/java.lang=ALL-UNNAMED --add-opens=java.base/java.lang.invoke=ALL-UNNAMED --add-opens=java.base/java.util=ALL-UNNAMED --add-opens=java.prefs/java.util.prefs=ALL-UNNAMED --add-opens=java.prefs/java.util.prefs=ALL-UNNAMED --add-opens=java.base/java.nio.charset=ALL-UNNAMED --add-opens=java.base/java.net=ALL-UNNAMED --add-opens=java.base/java.util.concurrent.atomic=ALL-UNNAMED -Xmx2048m -Dfile.encoding=UTF-8 -Duser.country=US -Duser.language=en -Duser.variant org.gradle.launcher.daemon.bootstrap.GradleDaemon 7.3.3

Host: AMD Ryzen 3 3200G with Radeon Vega Graphics    , 4 cores, 3G,  Windows 10 , 64 bit Build 19041 (10.0.19041.1889)
Time: Wed Aug 31 17:52:06 2022 Bangladesh Standard Time elapsed time: 69.229791 seconds (0d 0h 1m 9s)

---------------  T H R E A D  ---------------

Current thread (0x000001ed3744c000):  JavaThread "C2 CompilerThread0" daemon [_thread_in_native, id=2800, stack(0x000000c1a2b00000,0x000000c1a2c00000)]


Current CompileTask:
C2:  69230 13409       4       org.gradle.internal.instantiation.generator.DependencyInjectingInstantiator::newInstance (8 bytes)

Stack: [0x000000c1a2b00000,0x000000c1a2c00000]
Native frames: (J=compiled Java code, j=interpreted, Vv=VM code, C=native code)
V  [jvm.dll+0x5fbcea]
V  [jvm.dll+0x731905]
V  [jvm.dll+0x732f1d]
V  [jvm.dll+0x7335d3]
V  [jvm.dll+0x247bf8]
V  [jvm.dll+0xc018c]
V  [jvm.dll+0xc06cc]
V  [jvm.dll+0x35b2db]
V  [jvm.dll+0x328803]
V  [jvm.dll+0x327cfa]
V  [jvm.dll+0x200602]
V  [jvm.dll+0x1ff794]
V  [jvm.dll+0x18868c]
V  [jvm.dll+0x20e0d7]
V  [jvm.dll+0x20c901]
V  [jvm.dll+0x6f9b7f]
V  [jvm.dll+0x6f26a5]
V  [jvm.dll+0x5fabf6]
C  [ucrtbase.dll+0x21bb2]
C  [KERNEL32.DLL+0x17034]
C  [ntdll.dll+0x526a1]


---------------  P R O C E S S  ---------------

Threads class SMR info:
_java_thread_list=0x000001ed3f8ca7d0, length=89, elements={
0x000001ed1c8fc000, 0x000001ed373e3800, 0x000001ed373ef800, 0x000001ed37442800,
0x000001ed37444800, 0x000001ed37446000, 0x000001ed3744c000, 0x000001ed37454000,
0x000001ed37455800, 0x000001ed376a8000, 0x000001ed39ed5800, 0x000001ed392ef800,
0x000001ed39547800, 0x000001ed3a23a000, 0x000001ed3a23b000, 0x000001ed39546000,
0x000001ed39546800, 0x000001ed3965b800, 0x000001ed394b9800, 0x000001ed394b3800,
0x000001ed394b7000, 0x000001ed394b8000, 0x000001ed394b8800, 0x000001ed394b5800,
0x000001ed394ba800, 0x000001ed394b4800, 0x000001ed394b6000, 0x000001ed3afc3000,
0x000001ed3afbd000, 0x000001ed3afbf000, 0x000001ed3afc4000, 0x000001ed3afc5800,
0x000001ed3afc0800, 0x000001ed3afc7000, 0x000001ed3afc1800, 0x000001ed3afc8000,
0x000001ed3afc9800, 0x000001ed3afc8800, 0x000001ed3afca800, 0x000001ed3afcb000,
0x000001ed3afcc000, 0x000001ed39eda000, 0x000001ed39ed9800, 0x000001ed39edc000,
0x000001ed39edb000, 0x000001ed39ed6000, 0x000001ed39edc800, 0x000001ed39ed7000,
0x000001ed39edd800, 0x000001ed39ed7800, 0x000001ed39ede000, 0x000001ed39ed8800,
0x000001ed39ee4000, 0x000001ed39edf000, 0x000001ed39ee0800, 0x000001ed39ee1800,
0x000001ed39ee2800, 0x000001ed39ee3000, 0x000001ed39ee5000, 0x000001ed39ee0000,
0x000001ed3b25b000, 0x000001ed3b259800, 0x000001ed3b25e800, 0x000001ed3b25c000,
0x000001ed3b25d800, 0x000001ed3b258800, 0x000001ed3b25f000, 0x000001ed3b260000,
0x000001ed3b25a800, 0x000001ed3b261000, 0x000001ed3b261800, 0x000001ed3b25c800,
0x000001ed3b263800, 0x000001ed3b265800, 0x000001ed3b262800, 0x000001ed3b266800,
0x000001ed3b267800, 0x000001ed3b265000, 0x000001ed3f818000, 0x000001ed3f814000,
0x000001ed3f815000, 0x000001ed3f819000, 0x000001ed3f813800, 0x000001ed3f816000,
0x000001ed3f81a000, 0x000001ed3f81b800, 0x000001ed3f817800, 0x000001ed3f81a800,
0x000001ed3f816800
}

Java Threads: ( => current thread )
  0x000001ed1c8fc000 JavaThread "main" [_thread_blocked, id=5220, stack(0x000000c1a1f00000,0x000000c1a2000000)]
  0x000001ed373e3800 JavaThread "Reference Handler" daemon [_thread_blocked, id=1232, stack(0x000000c1a2600000,0x000000c1a2700000)]
  0x000001ed373ef800 JavaThread "Finalizer" daemon [_thread_blocked, id=7328, stack(0x000000c1a2700000,0x000000c1a2800000)]
  0x000001ed37442800 JavaThread "Signal Dispatcher" daemon [_thread_blocked, id=8800, stack(0x000000c1a2800000,0x000000c1a2900000)]
  0x000001ed37444800 JavaThread "Attach Listener" daemon [_thread_blocked, id=5384, stack(0x000000c1a2900000,0x000000c1a2a00000)]
  0x000001ed37446000 JavaThread "Service Thread" daemon [_thread_blocked, id=1960, stack(0x000000c1a2a00000,0x000000c1a2b00000)]
=>0x000001ed3744c000 JavaThread "C2 CompilerThread0" daemon [_thread_in_native, id=2800, stack(0x000000c1a2b00000,0x000000c1a2c00000)]
  0x000001ed37454000 JavaThread "C1 CompilerThread0" daemon [_thread_blocked, id=856, stack(0x000000c1a2c00000,0x000000c1a2d00000)]
  0x000001ed37455800 JavaThread "Sweeper thread" daemon [_thread_blocked, id=2504, stack(0x000000c1a2d00000,0x000000c1a2e00000)]
  0x000001ed376a8000 JavaThread "Common-Cleaner" daemon [_thread_blocked, id=4716, stack(0x000000c1a2e00000,0x000000c1a2f00000)]
  0x000001ed39ed5800 JavaThread "Daemon health stats" [_thread_blocked, id=8200, stack(0x000000c1a3100000,0x000000c1a3200000)]
  0x000001ed392ef800 JavaThread "Incoming local TCP Connector on port 54331" [_thread_in_native, id=3732, stack(0x000000c1a3200000,0x000000c1a3300000)]
  0x000001ed39547800 JavaThread "Daemon periodic checks" [_thread_blocked, id=1644, stack(0x000000c1a3300000,0x000000c1a3400000)]
  0x000001ed3a23a000 JavaThread "Daemon" [_thread_blocked, id=5428, stack(0x000000c1a3400000,0x000000c1a3500000)]
  0x000001ed3a23b000 JavaThread "Handler for socket connection from /127.0.0.1:54331 to /127.0.0.1:54332" [_thread_in_native, id=4296, stack(0x000000c1a3500000,0x000000c1a3600000)]
  0x000001ed39546000 JavaThread "Cancel handler" [_thread_blocked, id=5188, stack(0x000000c1a3800000,0x000000c1a3900000)]
  0x000001ed39546800 JavaThread "Daemon worker" [_thread_blocked, id=7172, stack(0x000000c1a3900000,0x000000c1a3a00000)]
  0x000001ed3965b800 JavaThread "Asynchronous log dispatcher for DefaultDaemonConnection: socket connection from /127.0.0.1:54331 to /127.0.0.1:54332" [_thread_blocked, id=3792, stack(0x000000c1a3a00000,0x000000c1a3b00000)]
  0x000001ed394b9800 JavaThread "Daemon client event forwarder" [_thread_blocked, id=6876, stack(0x000000c1a3c00000,0x000000c1a3d00000)]
  0x000001ed394b3800 JavaThread "Cache worker for journal cache (C:\Users\user\.gradle\caches\journal-1)" [_thread_blocked, id=3960, stack(0x000000c1a3d00000,0x000000c1a3e00000)]
  0x000001ed394b7000 JavaThread "File lock request listener" [_thread_in_native, id=5464, stack(0x000000c1a3e00000,0x000000c1a3f00000)]
  0x000001ed394b8000 JavaThread "Cache worker for file hash cache (C:\Users\user\.gradle\caches\7.3.3\fileHashes)" [_thread_blocked, id=9732, stack(0x000000c1a3f00000,0x000000c1a4000000)]
  0x000001ed394b8800 JavaThread "Cache worker for file hash cache (C:\Users\user\AndroidStudioProjects\TaxCalculator\.gradle\7.3.3\fileHashes)" [_thread_blocked, id=9740, stack(0x000000c1a4000000,0x000000c1a4100000)]
  0x000001ed394b5800 JavaThread "File watcher server" daemon [_thread_in_native, id=10036, stack(0x000000c1a4100000,0x000000c1a4200000)]
  0x000001ed394ba800 JavaThread "File watcher consumer" daemon [_thread_blocked, id=9484, stack(0x000000c1a4200000,0x000000c1a4300000)]
  0x000001ed394b4800 JavaThread "Cache worker for checksums cache (C:\Users\user\AndroidStudioProjects\TaxCalculator\.gradle\7.3.3\checksums)" [_thread_blocked, id=4668, stack(0x000000c1a4300000,0x000000c1a4400000)]
  0x000001ed394b6000 JavaThread "Cache worker for cache directory md-supplier (C:\Users\user\.gradle\caches\7.3.3\md-supplier)" [_thread_blocked, id=1192, stack(0x000000c1a4400000,0x000000c1a4500000)]
  0x000001ed3afc3000 JavaThread "Cache worker for cache directory md-rule (C:\Users\user\.gradle\caches\7.3.3\md-rule)" [_thread_blocked, id=8532, stack(0x000000c1a4500000,0x000000c1a4600000)]
  0x000001ed3afbd000 JavaThread "Cache worker for execution history cache (C:\Users\user\.gradle\caches\7.3.3\executionHistory)" [_thread_blocked, id=5064, stack(0x000000c1a4600000,0x000000c1a4700000)]
  0x000001ed3afbf000 JavaThread "jar transforms" [_thread_blocked, id=9896, stack(0x000000c1a4700000,0x000000c1a4800000)]
  0x000001ed3afc4000 JavaThread "jar transforms Thread 2" [_thread_blocked, id=8736, stack(0x000000c1a4800000,0x000000c1a4900000)]
  0x000001ed3afc5800 JavaThread "Cache worker for file content cache (C:\Users\user\.gradle\caches\7.3.3\fileContent)" [_thread_blocked, id=7628, stack(0x000000c1a4900000,0x000000c1a4a00000)]
  0x000001ed3afc0800 JavaThread "Cache worker for dependencies-accessors (C:\Users\user\AndroidStudioProjects\TaxCalculator\.gradle\7.3.3\dependencies-accessors)" [_thread_blocked, id=9128, stack(0x000000c1a4a00000,0x000000c1a4b00000)]
  0x000001ed3afc7000 JavaThread "jar transforms Thread 3" [_thread_blocked, id=8204, stack(0x000000c1a4b00000,0x000000c1a4c00000)]
  0x000001ed3afc1800 JavaThread "Cache worker for Build Output Cleanup Cache (C:\Users\user\AndroidStudioProjects\TaxCalculator\.gradle\buildOutputCleanup)" [_thread_blocked, id=1588, stack(0x000000c1a4c00000,0x000000c1a4d00000)]
  0x000001ed3afc8000 JavaThread "Unconstrained build operations" [_thread_blocked, id=2120, stack(0x000000c1a4d00000,0x000000c1a4e00000)]
  0x000001ed3afc9800 JavaThread "Unconstrained build operations Thread 2" [_thread_blocked, id=9928, stack(0x000000c1a4e00000,0x000000c1a4f00000)]
  0x000001ed3afc8800 JavaThread "Unconstrained build operations Thread 3" [_thread_blocked, id=9816, stack(0x000000c1a4f00000,0x000000c1a5000000)]
  0x000001ed3afca800 JavaThread "Unconstrained build operations Thread 4" [_thread_blocked, id=5556, stack(0x000000c1a5000000,0x000000c1a5100000)]
  0x000001ed3afcb000 JavaThread "Unconstrained build operations Thread 5" [_thread_blocked, id=6496, stack(0x000000c1a5100000,0x000000c1a5200000)]
  0x000001ed3afcc000 JavaThread "Unconstrained build operations Thread 6" [_thread_blocked, id=9868, stack(0x000000c1a5200000,0x000000c1a5300000)]
  0x000001ed39eda000 JavaThread "Unconstrained build operations Thread 7" [_thread_blocked, id=7248, stack(0x000000c1a5300000,0x000000c1a5400000)]
  0x000001ed39ed9800 JavaThread "Unconstrained build operations Thread 8" [_thread_blocked, id=1424, stack(0x000000c1a5400000,0x000000c1a5500000)]
  0x000001ed39edc000 JavaThread "Unconstrained build operations Thread 9" [_thread_blocked, id=5404, stack(0x000000c1a5500000,0x000000c1a5600000)]
  0x000001ed39edb000 JavaThread "Unconstrained build operations Thread 10" [_thread_blocked, id=8700, stack(0x000000c1a5600000,0x000000c1a5700000)]
  0x000001ed39ed6000 JavaThread "Unconstrained build operations Thread 11" [_thread_blocked, id=6328, stack(0x000000c1a5700000,0x000000c1a5800000)]
  0x000001ed39edc800 JavaThread "Unconstrained build operations Thread 12" [_thread_blocked, id=8812, stack(0x000000c1a5800000,0x000000c1a5900000)]
  0x000001ed39ed7000 JavaThread "Unconstrained build operations Thread 13" [_thread_blocked, id=1356, stack(0x000000c1a5900000,0x000000c1a5a00000)]
  0x000001ed39edd800 JavaThread "Unconstrained build operations Thread 14" [_thread_blocked, id=9440, stack(0x000000c1a5a00000,0x000000c1a5b00000)]
  0x000001ed39ed7800 JavaThread "Unconstrained build operations Thread 15" [_thread_blocked, id=5280, stack(0x000000c1a5b00000,0x000000c1a5c00000)]
  0x000001ed39ede000 JavaThread "Unconstrained build operations Thread 16" [_thread_blocked, id=7984, stack(0x000000c1a5c00000,0x000000c1a5d00000)]
  0x000001ed39ed8800 JavaThread "Unconstrained build operations Thread 17" [_thread_blocked, id=10172, stack(0x000000c1a5d00000,0x000000c1a5e00000)]
  0x000001ed39ee4000 JavaThread "Unconstrained build operations Thread 18" [_thread_blocked, id=4984, stack(0x000000c1a5e00000,0x000000c1a5f00000)]
  0x000001ed39edf000 JavaThread "Unconstrained build operations Thread 19" [_thread_blocked, id=5872, stack(0x000000c1a5f00000,0x000000c1a6000000)]
  0x000001ed39ee0800 JavaThread "Unconstrained build operations Thread 20" [_thread_blocked, id=2248, stack(0x000000c1a6000000,0x000000c1a6100000)]
  0x000001ed39ee1800 JavaThread "Unconstrained build operations Thread 21" [_thread_blocked, id=8020, stack(0x000000c1a6100000,0x000000c1a6200000)]
  0x000001ed39ee2800 JavaThread "Unconstrained build operations Thread 22" [_thread_blocked, id=6964, stack(0x000000c1a6200000,0x000000c1a6300000)]
  0x000001ed39ee3000 JavaThread "Unconstrained build operations Thread 23" [_thread_blocked, id=5964, stack(0x000000c1a6300000,0x000000c1a6400000)]
  0x000001ed39ee5000 JavaThread "Unconstrained build operations Thread 24" [_thread_blocked, id=8788, stack(0x000000c1a6400000,0x000000c1a6500000)]
  0x000001ed39ee0000 JavaThread "Unconstrained build operations Thread 25" [_thread_blocked, id=544, stack(0x000000c1a6500000,0x000000c1a6600000)]
  0x000001ed3b25b000 JavaThread "Unconstrained build operations Thread 26" [_thread_blocked, id=7856, stack(0x000000c1a6600000,0x000000c1a6700000)]
  0x000001ed3b259800 JavaThread "Unconstrained build operations Thread 27" [_thread_blocked, id=7460, stack(0x000000c1a6700000,0x000000c1a6800000)]
  0x000001ed3b25e800 JavaThread "Unconstrained build operations Thread 28" [_thread_blocked, id=7036, stack(0x000000c1a6800000,0x000000c1a6900000)]
  0x000001ed3b25c000 JavaThread "Unconstrained build operations Thread 29" [_thread_blocked, id=8604, stack(0x000000c1a6900000,0x000000c1a6a00000)]
  0x000001ed3b25d800 JavaThread "Unconstrained build operations Thread 30" [_thread_blocked, id=10192, stack(0x000000c1a6a00000,0x000000c1a6b00000)]
  0x000001ed3b258800 JavaThread "Unconstrained build operations Thread 31" [_thread_blocked, id=2000, stack(0x000000c1a6b00000,0x000000c1a6c00000)]
  0x000001ed3b25f000 JavaThread "Unconstrained build operations Thread 32" [_thread_blocked, id=7060, stack(0x000000c1a6c00000,0x000000c1a6d00000)]
  0x000001ed3b260000 JavaThread "Unconstrained build operations Thread 33" [_thread_blocked, id=1128, stack(0x000000c1a6d00000,0x000000c1a6e00000)]
  0x000001ed3b25a800 JavaThread "Unconstrained build operations Thread 34" [_thread_blocked, id=4900, stack(0x000000c1a6e00000,0x000000c1a6f00000)]
  0x000001ed3b261000 JavaThread "Unconstrained build operations Thread 35" [_thread_blocked, id=2436, stack(0x000000c1a6f00000,0x000000c1a7000000)]
  0x000001ed3b261800 JavaThread "Unconstrained build operations Thread 36" [_thread_blocked, id=6140, stack(0x000000c1a7000000,0x000000c1a7100000)]
  0x000001ed3b25c800 JavaThread "Unconstrained build operations Thread 37" [_thread_blocked, id=3120, stack(0x000000c1a7100000,0x000000c1a7200000)]
  0x000001ed3b263800 JavaThread "Unconstrained build operations Thread 38" [_thread_blocked, id=6124, stack(0x000000c1a7200000,0x000000c1a7300000)]
  0x000001ed3b265800 JavaThread "Unconstrained build operations Thread 39" [_thread_blocked, id=1540, stack(0x000000c1a7300000,0x000000c1a7400000)]
  0x000001ed3b262800 JavaThread "Unconstrained build operations Thread 40" [_thread_blocked, id=3904, stack(0x000000c1a7400000,0x000000c1a7500000)]
  0x000001ed3b266800 JavaThread "jar transforms Thread 4" [_thread_blocked, id=9576, stack(0x000000c1a7500000,0x000000c1a7600000)]
  0x000001ed3b267800 JavaThread "Memory manager" [_thread_blocked, id=7072, stack(0x000000c1a7600000,0x000000c1a7700000)]
  0x000001ed3b265000 JavaThread "build event listener" [_thread_blocked, id=6416, stack(0x000000c1a7700000,0x000000c1a7800000)]
  0x000001ed3f818000 JavaThread "Execution worker for ':'" [_thread_blocked, id=7544, stack(0x000000c1a7800000,0x000000c1a7900000)]
  0x000001ed3f814000 JavaThread "Execution worker for ':' Thread 2" [_thread_in_native, id=3356, stack(0x000000c1a7900000,0x000000c1a7a00000)]
  0x000001ed3f815000 JavaThread "Execution worker for ':' Thread 3" [_thread_blocked, id=8436, stack(0x000000c1a7a00000,0x000000c1a7b00000)]
  0x000001ed3f819000 JavaThread "Cache worker for execution history cache (C:\Users\user\AndroidStudioProjects\TaxCalculator\.gradle\7.3.3\executionHistory)" [_thread_blocked, id=5952, stack(0x000000c1a7b00000,0x000000c1a7c00000)]
  0x000001ed3f813800 JavaThread "WorkerExecutor Queue" [_thread_blocked, id=3600, stack(0x000000c1a7c00000,0x000000c1a7d00000)]
  0x000001ed3f816000 JavaThread "WorkerExecutor Queue Thread 2" [_thread_blocked, id=7404, stack(0x000000c1a7d00000,0x000000c1a7e00000)]
  0x000001ed3f81a000 JavaThread "WorkerExecutor Queue Thread 3" [_thread_blocked, id=1352, stack(0x000000c1a7e00000,0x000000c1a7f00000)]
  0x000001ed3f81b800 JavaThread "WorkerExecutor Queue Thread 4" [_thread_blocked, id=5760, stack(0x000000c1a7f00000,0x000000c1a8000000)]
  0x000001ed3f817800 JavaThread "pool-3-thread-1" [_thread_blocked, id=3508, stack(0x000000c1a8000000,0x000000c1a8100000)]
  0x000001ed3f81a800 JavaThread "stderr" [_thread_in_native, id=6680, stack(0x000000c1a8300000,0x000000c1a8400000)]
  0x000001ed3f816800 JavaThread "stdout" [_thread_in_native, id=7796, stack(0x000000c1a8400000,0x000000c1a8500000)]

Other Threads:
  0x000001ed373e1000 VMThread "VM Thread" [stack: 0x000000c1a2500000,0x000000c1a2600000] [id=2952]
  0x000001ed376fe000 WatcherThread [stack: 0x000000c1a2f00000,0x000000c1a3000000] [id=10104]
  0x000001ed1c915000 GCTaskThread "GC Thread#0" [stack: 0x000000c1a2000000,0x000000c1a2100000] [id=3632]
  0x000001ed37c0e800 GCTaskThread "GC Thread#1" [stack: 0x000000c1a3000000,0x000000c1a3100000] [id=5072]
  0x000001ed3934d800 GCTaskThread "GC Thread#2" [stack: 0x000000c1a3600000,0x000000c1a3700000] [id=9996]
  0x000001ed3969d800 GCTaskThread "GC Thread#3" [stack: 0x000000c1a3700000,0x000000c1a3800000] [id=9056]
  0x000001ed1c946800 ConcurrentGCThread "G1 Main Marker" [stack: 0x000000c1a2100000,0x000000c1a2200000] [id=6276]
  0x000001ed1c949000 ConcurrentGCThread "G1 Conc#0" [stack: 0x000000c1a2200000,0x000000c1a2300000] [id=5096]
  0x000001ed1c98f000 ConcurrentGCThread "G1 Refine#0" [stack: 0x000000c1a2300000,0x000000c1a2400000] [id=8556]
  0x000001ed1c990000 ConcurrentGCThread "G1 Young RemSet Sampling" [stack: 0x000000c1a2400000,0x000000c1a2500000] [id=5472]

Threads with active compile tasks:
C2 CompilerThread0  69362 13409       4       org.gradle.internal.instantiation.generator.DependencyInjectingInstantiator::newInstance (8 bytes)

VM state:not at safepoint (normal execution)

VM Mutex/Monitor currently owned by a thread: None

Heap address: 0x0000000080000000, size: 2048 MB, Compressed Oops mode: 32-bit
Narrow klass base: 0x0000000000000000, Narrow klass shift: 3
Compressed class space size: 1073741824 Address: 0x0000000100000000

Heap:
 garbage-first heap   total 323584K, used 106381K [0x0000000080000000, 0x0000000100000000)
  region size 1024K, 10 young (10240K), 2 survivors (2048K)
 Metaspace       used 97417K, capacity 99717K, committed 99916K, reserved 1136640K
  class space    used 12285K, capacity 13094K, committed 13184K, reserved 1048576K
Heap Regions: E=young(eden), S=young(survivor), O=old, HS=humongous(starts), HC=humongous(continues), CS=collection set, F=free, A=archive, TAMS=top-at-mark-start (previous, next)
|   0|0x0000000080000000, 0x0000000080100000, 0x0000000080100000|100%| O|  |TAMS 0x0000000080100000, 0x0000000080000000| Untracked 
|   1|0x0000000080100000, 0x0000000080200000, 0x0000000080200000|100%| O|  |TAMS 0x0000000080200000, 0x0000000080100000| Untracked 
|   2|0x0000000080200000, 0x0000000080300000, 0x0000000080300000|100%| O|  |TAMS 0x0000000080300000, 0x0000000080200000| Untracked 
|   3|0x0000000080300000, 0x0000000080400000, 0x0000000080400000|100%|HS|  |TAMS 0x0000000080400000, 0x0000000080300000| Complete 
|   4|0x0000000080400000, 0x0000000080500000, 0x0000000080500000|100%|HC|  |TAMS 0x0000000080500000, 0x0000000080400000| Complete 
|   5|0x0000000080500000, 0x0000000080600000, 0x0000000080600000|100%|HC|  |TAMS 0x0000000080600000, 0x0000000080500000| Complete 
|   6|0x0000000080600000, 0x0000000080700000, 0x0000000080700000|100%| O|  |TAMS 0x0000000080700000, 0x0000000080600000| Untracked 
|   7|0x0000000080700000, 0x0000000080800000, 0x0000000080800000|100%| O|  |TAMS 0x0000000080800000, 0x0000000080700000| Untracked 
|   8|0x0000000080800000, 0x0000000080900000, 0x0000000080900000|100%| O|  |TAMS 0x0000000080900000, 0x0000000080800000| Untracked 
|   9|0x0000000080900000, 0x0000000080a00000, 0x0000000080a00000|100%| O|  |TAMS 0x0000000080a00000, 0x0000000080900000| Untracked 
|  10|0x0000000080a00000, 0x0000000080b00000, 0x0000000080b00000|100%| O|  |TAMS 0x0000000080b00000, 0x0000000080a00000| Untracked 
|  11|0x0000000080b00000, 0x0000000080c00000, 0x0000000080c00000|100%| O|  |TAMS 0x0000000080c00000, 0x0000000080b00000| Untracked 
|  12|0x0000000080c00000, 0x0000000080d00000, 0x0000000080d00000|100%| O|  |TAMS 0x0000000080d00000, 0x0000000080c00000| Untracked 
|  13|0x0000000080d00000, 0x0000000080e00000, 0x0000000080e00000|100%| O|  |TAMS 0x0000000080e00000, 0x0000000080d00000| Untracked 
|  14|0x0000000080e00000, 0x0000000080f00000, 0x0000000080f00000|100%| O|  |TAMS 0x0000000080f00000, 0x0000000080e00000| Untracked 
|  15|0x0000000080f00000, 0x0000000081000000, 0x0000000081000000|100%| O|  |TAMS 0x0000000081000000, 0x0000000080f00000| Untracked 
|  16|0x0000000081000000, 0x0000000081100000, 0x0000000081100000|100%| O|  |TAMS 0x0000000081100000, 0x0000000081000000| Untracked 
|  17|0x0000000081100000, 0x0000000081200000, 0x0000000081200000|100%| O|  |TAMS 0x0000000081200000, 0x0000000081100000| Untracked 
|  18|0x0000000081200000, 0x0000000081300000, 0x0000000081300000|100%| O|  |TAMS 0x0000000081300000, 0x0000000081200000| Untracked 
|  19|0x0000000081300000, 0x0000000081400000, 0x0000000081400000|100%| O|  |TAMS 0x0000000081400000, 0x0000000081300000| Untracked 
|  20|0x0000000081400000, 0x0000000081500000, 0x0000000081500000|100%| O|  |TAMS 0x0000000081500000, 0x0000000081400000| Untracked 
|  21|0x0000000081500000, 0x0000000081600000, 0x0000000081600000|100%| O|  |TAMS 0x0000000081600000, 0x0000000081500000| Untracked 
|  22|0x0000000081600000, 0x0000000081700000, 0x0000000081700000|100%| O|  |TAMS 0x0000000081700000, 0x0000000081600000| Untracked 
|  23|0x0000000081700000, 0x0000000081800000, 0x0000000081800000|100%| O|  |TAMS 0x0000000081800000, 0x0000000081700000| Untracked 
|  24|0x0000000081800000, 0x0000000081900000, 0x0000000081900000|100%| O|  |TAMS 0x0000000081900000, 0x0000000081800000| Untracked 
|  25|0x0000000081900000, 0x0000000081a00000, 0x0000000081a00000|100%| O|  |TAMS 0x0000000081a00000, 0x0000000081900000| Untracked 
|  26|0x0000000081a00000, 0x0000000081b00000, 0x0000000081b00000|100%| O|  |TAMS 0x0000000081b00000, 0x0000000081a00000| Untracked 
|  27|0x0000000081b00000, 0x0000000081c00000, 0x0000000081c00000|100%| O|  |TAMS 0x0000000081c00000, 0x0000000081b00000| Untracked 
|  28|0x0000000081c00000, 0x0000000081d00000, 0x0000000081d00000|100%| O|  |TAMS 0x0000000081d00000, 0x0000000081c00000| Untracked 
|  29|0x0000000081d00000, 0x0000000081e00000, 0x0000000081e00000|100%| O|  |TAMS 0x0000000081e00000, 0x0000000081d00000| Untracked 
|  30|0x0000000081e00000, 0x0000000081f00000, 0x0000000081f00000|100%| O|  |TAMS 0x0000000081f00000, 0x0000000081e00000| Untracked 
|  31|0x0000000081f00000, 0x0000000082000000, 0x0000000082000000|100%|HS|  |TAMS 0x0000000082000000, 0x0000000081f00000| Complete 
|  32|0x0000000082000000, 0x0000000082100000, 0x0000000082100000|100%|HS|  |TAMS 0x0000000082100000, 0x0000000082000000| Complete 
|  33|0x0000000082100000, 0x0000000082200000, 0x0000000082200000|100%|HS|  |TAMS 0x0000000082200000, 0x0000000082100000| Complete 
|  34|0x0000000082200000, 0x0000000082300000, 0x0000000082300000|100%|HC|  |TAMS 0x0000000082300000, 0x0000000082200000| Complete 
|  35|0x0000000082300000, 0x0000000082400000, 0x0000000082400000|100%| O|  |TAMS 0x0000000082400000, 0x0000000082300000| Untracked 
|  36|0x0000000082400000, 0x0000000082500000, 0x0000000082500000|100%| O|  |TAMS 0x0000000082500000, 0x0000000082400000| Untracked 
|  37|0x0000000082500000, 0x0000000082600000, 0x0000000082600000|100%| O|  |TAMS 0x0000000082600000, 0x0000000082500000| Untracked 
|  38|0x0000000082600000, 0x0000000082700000, 0x0000000082700000|100%| O|  |TAMS 0x0000000082700000, 0x0000000082600000| Untracked 
|  39|0x0000000082700000, 0x0000000082800000, 0x0000000082800000|100%| O|  |TAMS 0x0000000082800000, 0x0000000082700000| Untracked 
|  40|0x0000000082800000, 0x0000000082900000, 0x0000000082900000|100%| O|  |TAMS 0x0000000082900000, 0x0000000082800000| Untracked 
|  41|0x0000000082900000, 0x0000000082a00000, 0x0000000082a00000|100%| O|  |TAMS 0x0000000082a00000, 0x0000000082900000| Untracked 
|  42|0x0000000082a00000, 0x0000000082b00000, 0x0000000082b00000|100%| O|  |TAMS 0x0000000082b00000, 0x0000000082a00000| Untracked 
|  43|0x0000000082b00000, 0x0000000082c00000, 0x0000000082c00000|100%| O|  |TAMS 0x0000000082c00000, 0x0000000082b00000| Untracked 
|  44|0x0000000082c00000, 0x0000000082d00000, 0x0000000082d00000|100%| O|  |TAMS 0x0000000082d00000, 0x0000000082c00000| Untracked 
|  45|0x0000000082d00000, 0x0000000082e00000, 0x0000000082e00000|100%| O|  |TAMS 0x0000000082e00000, 0x0000000082d00000| Untracked 
|  46|0x0000000082e00000, 0x0000000082f00000, 0x0000000082f00000|100%| O|  |TAMS 0x0000000082f00000, 0x0000000082e00000| Untracked 
|  47|0x0000000082f00000, 0x0000000083000000, 0x0000000083000000|100%| O|  |TAMS 0x0000000083000000, 0x0000000082f00000| Untracked 
|  48|0x0000000083000000, 0x0000000083100000, 0x0000000083100000|100%| O|  |TAMS 0x0000000083100000, 0x0000000083000000| Untracked 
|  49|0x0000000083100000, 0x0000000083200000, 0x0000000083200000|100%| O|  |TAMS 0x0000000083200000, 0x0000000083100000| Untracked 
|  50|0x0000000083200000, 0x0000000083300000, 0x0000000083300000|100%| O|  |TAMS 0x0000000083300000, 0x0000000083200000| Untracked 
|  51|0x0000000083300000, 0x0000000083400000, 0x0000000083400000|100%| O|  |TAMS 0x0000000083400000, 0x0000000083300000| Untracked 
|  52|0x0000000083400000, 0x0000000083500000, 0x0000000083500000|100%| O|  |TAMS 0x0000000083500000, 0x0000000083400000| Untracked 
|  53|0x0000000083500000, 0x0000000083600000, 0x0000000083600000|100%| O|  |TAMS 0x0000000083600000, 0x0000000083500000| Untracked 
|  54|0x0000000083600000, 0x0000000083700000, 0x0000000083700000|100%| O|  |TAMS 0x0000000083700000, 0x0000000083600000| Untracked 
|  55|0x0000000083700000, 0x0000000083800000, 0x0000000083800000|100%| O|  |TAMS 0x0000000083800000, 0x0000000083700000| Untracked 
|  56|0x0000000083800000, 0x0000000083900000, 0x0000000083900000|100%| O|  |TAMS 0x0000000083900000, 0x0000000083800000| Untracked 
|  57|0x0000000083900000, 0x0000000083a00000, 0x0000000083a00000|100%| O|  |TAMS 0x0000000083a00000, 0x0000000083900000| Untracked 
|  58|0x0000000083a00000, 0x0000000083b00000, 0x0000000083b00000|100%| O|  |TAMS 0x0000000083b00000, 0x0000000083a00000| Untracked 
|  59|0x0000000083b00000, 0x0000000083c00000, 0x0000000083c00000|100%| O|  |TAMS 0x0000000083c00000, 0x0000000083b00000| Untracked 
|  60|0x0000000083c00000, 0x0000000083d00000, 0x0000000083d00000|100%| O|  |TAMS 0x0000000083d00000, 0x0000000083c00000| Untracked 
|  61|0x0000000083d00000, 0x0000000083e00000, 0x0000000083e00000|100%| O|  |TAMS 0x0000000083e00000, 0x0000000083d00000| Untracked 
|  62|0x0000000083e00000, 0x0000000083f00000, 0x0000000083f00000|100%| O|  |TAMS 0x0000000083f00000, 0x0000000083e00000| Untracked 
|  63|0x0000000083f00000, 0x0000000084000000, 0x0000000084000000|100%| O|  |TAMS 0x0000000084000000, 0x0000000083f00000| Untracked 
|  64|0x0000000084000000, 0x0000000084100000, 0x0000000084100000|100%| O|  |TAMS 0x0000000084100000, 0x0000000084000000| Untracked 
|  65|0x0000000084100000, 0x0000000084200000, 0x0000000084200000|100%| O|  |TAMS 0x0000000084200000, 0x0000000084100000| Untracked 
|  66|0x0000000084200000, 0x0000000084300000, 0x0000000084300000|100%| O|  |TAMS 0x0000000084300000, 0x0000000084200000| Untracked 
|  67|0x0000000084300000, 0x0000000084400000, 0x0000000084400000|100%| O|  |TAMS 0x0000000084400000, 0x0000000084300000| Untracked 
|  68|0x0000000084400000, 0x0000000084500000, 0x0000000084500000|100%| O|  |TAMS 0x0000000084500000, 0x0000000084400000| Untracked 
|  69|0x0000000084500000, 0x0000000084600000, 0x0000000084600000|100%| O|  |TAMS 0x0000000084600000, 0x0000000084500000| Untracked 
|  70|0x0000000084600000, 0x0000000084700000, 0x0000000084700000|100%| O|  |TAMS 0x0000000084700000, 0x0000000084600000| Untracked 
|  71|0x0000000084700000, 0x0000000084800000, 0x0000000084800000|100%| O|  |TAMS 0x0000000084800000, 0x0000000084700000| Untracked 
|  72|0x0000000084800000, 0x0000000084900000, 0x0000000084900000|100%| O|  |TAMS 0x0000000084900000, 0x0000000084800000| Untracked 
|  73|0x0000000084900000, 0x0000000084a00000, 0x0000000084a00000|100%| O|  |TAMS 0x0000000084a00000, 0x0000000084900000| Untracked 
|  74|0x0000000084a00000, 0x0000000084b00000, 0x0000000084b00000|100%| O|  |TAMS 0x0000000084a00000, 0x0000000084a00000| Untracked 
|  75|0x0000000084b00000, 0x0000000084c00000, 0x0000000084c00000|100%| O|  |TAMS 0x0000000084b00000, 0x0000000084b00000| Untracked 
|  76|0x0000000084c00000, 0x0000000084d00000, 0x0000000084d00000|100%| O|  |TAMS 0x0000000084d00000, 0x0000000084c00000| Untracked 
|  77|0x0000000084d00000, 0x0000000084e00000, 0x0000000084e00000|100%| O|  |TAMS 0x0000000084d00000, 0x0000000084d00000| Untracked 
|  78|0x0000000084e00000, 0x0000000084f00000, 0x0000000084f00000|100%| O|  |TAMS 0x0000000084f00000, 0x0000000084e00000| Untracked 
|  79|0x0000000084f00000, 0x0000000085000000, 0x0000000085000000|100%| O|  |TAMS 0x0000000084f00000, 0x0000000084f00000| Untracked 
|  80|0x0000000085000000, 0x0000000085100000, 0x0000000085100000|100%| O|  |TAMS 0x000000008501b600, 0x0000000085000000| Untracked 
|  81|0x0000000085100000, 0x0000000085200000, 0x0000000085200000|100%| O|  |TAMS 0x0000000085200000, 0x0000000085100000| Untracked 
|  82|0x0000000085200000, 0x0000000085300000, 0x0000000085300000|100%| O|  |TAMS 0x0000000085300000, 0x0000000085200000| Untracked 
|  83|0x0000000085300000, 0x0000000085400000, 0x0000000085400000|100%| O|  |TAMS 0x0000000085300000, 0x0000000085300000| Untracked 
|  84|0x0000000085400000, 0x0000000085500000, 0x0000000085500000|100%| O|  |TAMS 0x0000000085400000, 0x0000000085400000| Untracked 
|  85|0x0000000085500000, 0x0000000085600000, 0x0000000085600000|100%| O|  |TAMS 0x0000000085600000, 0x0000000085500000| Untracked 
|  86|0x0000000085600000, 0x0000000085700000, 0x0000000085700000|100%| O|  |TAMS 0x0000000085700000, 0x0000000085600000| Untracked 
|  87|0x0000000085700000, 0x0000000085800000, 0x0000000085800000|100%| O|  |TAMS 0x0000000085700000, 0x0000000085700000| Untracked 
|  88|0x0000000085800000, 0x0000000085900000, 0x0000000085900000|100%| O|  |TAMS 0x0000000085800000, 0x0000000085800000| Untracked 
|  89|0x0000000085900000, 0x0000000085a00000, 0x0000000085a00000|100%| O|  |TAMS 0x0000000085900000, 0x0000000085900000| Untracked 
|  90|0x0000000085a00000, 0x0000000085b00000, 0x0000000085b00000|100%| O|  |TAMS 0x0000000085a00000, 0x0000000085a00000| Untracked 
|  91|0x0000000085b00000, 0x0000000085c00000, 0x0000000085c00000|100%| O|  |TAMS 0x0000000085b00000, 0x0000000085b00000| Untracked 
|  92|0x0000000085c00000, 0x0000000085d00000, 0x0000000085d00000|100%| O|  |TAMS 0x0000000085c00000, 0x0000000085c00000| Untracked 
|  93|0x0000000085d00000, 0x0000000085e00000, 0x0000000085e00000|100%| O|  |TAMS 0x0000000085d00000, 0x0000000085d00000| Untracked 
|  94|0x0000000085e00000, 0x0000000085f00000, 0x0000000085f00000|100%| O|  |TAMS 0x0000000085f00000, 0x0000000085e00000| Untracked 
|  95|0x0000000085f00000, 0x0000000085f83c00, 0x0000000086000000| 51%| O|  |TAMS 0x0000000085f00000, 0x0000000085f00000| Untracked 
|  96|0x0000000086000000, 0x0000000086000000, 0x0000000086100000|  0%| F|  |TAMS 0x0000000086000000, 0x0000000086000000| Untracked 
|  97|0x0000000086100000, 0x0000000086100000, 0x0000000086200000|  0%| F|  |TAMS 0x0000000086100000, 0x0000000086100000| Untracked 
|  98|0x0000000086200000, 0x0000000086200000, 0x0000000086300000|  0%| F|  |TAMS 0x0000000086200000, 0x0000000086200000| Untracked 
|  99|0x0000000086300000, 0x0000000086300000, 0x0000000086400000|  0%| F|  |TAMS 0x0000000086300000, 0x0000000086300000| Untracked 
| 100|0x0000000086400000, 0x0000000086400000, 0x0000000086500000|  0%| F|  |TAMS 0x0000000086400000, 0x0000000086400000| Untracked 
| 101|0x0000000086500000, 0x0000000086500000, 0x0000000086600000|  0%| F|  |TAMS 0x0000000086500000, 0x0000000086500000| Untracked 
| 102|0x0000000086600000, 0x0000000086600000, 0x0000000086700000|  0%| F|  |TAMS 0x0000000086600000, 0x0000000086600000| Untracked 
| 103|0x0000000086700000, 0x0000000086700000, 0x0000000086800000|  0%| F|  |TAMS 0x0000000086700000, 0x0000000086700000| Untracked 
| 104|0x0000000086800000, 0x0000000086800000, 0x0000000086900000|  0%| F|  |TAMS 0x0000000086800000, 0x0000000086800000| Untracked 
| 105|0x0000000086900000, 0x0000000086900000, 0x0000000086a00000|  0%| F|  |TAMS 0x0000000086900000, 0x0000000086900000| Untracked 
| 106|0x0000000086a00000, 0x0000000086a00000, 0x0000000086b00000|  0%| F|  |TAMS 0x0000000086a00000, 0x0000000086a00000| Untracked 
| 107|0x0000000086b00000, 0x0000000086b00000, 0x0000000086c00000|  0%| F|  |TAMS 0x0000000086b00000, 0x0000000086b00000| Untracked 
| 108|0x0000000086c00000, 0x0000000086c00000, 0x0000000086d00000|  0%| F|  |TAMS 0x0000000086c00000, 0x0000000086c00000| Untracked 
| 109|0x0000000086d00000, 0x0000000086d00000, 0x0000000086e00000|  0%| F|  |TAMS 0x0000000086d00000, 0x0000000086d00000| Untracked 
| 110|0x0000000086e00000, 0x0000000086e00000, 0x0000000086f00000|  0%| F|  |TAMS 0x0000000086e00000, 0x0000000086e00000| Untracked 
| 111|0x0000000086f00000, 0x0000000086f00000, 0x0000000087000000|  0%| F|  |TAMS 0x0000000086f00000, 0x0000000086f00000| Untracked 
| 112|0x0000000087000000, 0x0000000087100000, 0x0000000087100000|100%| O|  |TAMS 0x0000000087100000, 0x0000000087000000| Untracked 
| 113|0x0000000087100000, 0x0000000087100000, 0x0000000087200000|  0%| F|  |TAMS 0x0000000087100000, 0x0000000087100000| Untracked 
| 114|0x0000000087200000, 0x0000000087200000, 0x0000000087300000|  0%| F|  |TAMS 0x0000000087200000, 0x0000000087200000| Untracked 
| 115|0x0000000087300000, 0x0000000087300000, 0x0000000087400000|  0%| F|  |TAMS 0x0000000087300000, 0x0000000087300000| Untracked 
| 116|0x0000000087400000, 0x0000000087400000, 0x0000000087500000|  0%| F|  |TAMS 0x0000000087400000, 0x0000000087400000| Untracked 
| 117|0x0000000087500000, 0x0000000087500000, 0x0000000087600000|  0%| F|  |TAMS 0x0000000087500000, 0x0000000087500000| Untracked 
| 118|0x0000000087600000, 0x0000000087600000, 0x0000000087700000|  0%| F|  |TAMS 0x0000000087600000, 0x0000000087600000| Untracked 
| 119|0x0000000087700000, 0x0000000087700000, 0x0000000087800000|  0%| F|  |TAMS 0x0000000087700000, 0x0000000087700000| Untracked 
| 120|0x0000000087800000, 0x0000000087800000, 0x0000000087900000|  0%| F|  |TAMS 0x0000000087800000, 0x0000000087800000| Untracked 
| 121|0x0000000087900000, 0x0000000087900000, 0x0000000087a00000|  0%| F|  |TAMS 0x0000000087900000, 0x0000000087900000| Untracked 
| 122|0x0000000087a00000, 0x0000000087a00000, 0x0000000087b00000|  0%| F|  |TAMS 0x0000000087a00000, 0x0000000087a00000| Untracked 
| 123|0x0000000087b00000, 0x0000000087b00000, 0x0000000087c00000|  0%| F|  |TAMS 0x0000000087b00000, 0x0000000087b00000| Untracked 
| 124|0x0000000087c00000, 0x0000000087c00000, 0x0000000087d00000|  0%| F|  |TAMS 0x0000000087c00000, 0x0000000087c00000| Untracked 
| 125|0x0000000087d00000, 0x0000000087d00000, 0x0000000087e00000|  0%| F|  |TAMS 0x0000000087d00000, 0x0000000087d00000| Untracked 
| 126|0x0000000087e00000, 0x0000000087e00000, 0x0000000087f00000|  0%| F|  |TAMS 0x0000000087e00000, 0x0000000087e00000| Untracked 
| 127|0x0000000087f00000, 0x0000000087f00000, 0x0000000088000000|  0%| F|  |TAMS 0x0000000087f00000, 0x0000000087f00000| Untracked 
| 128|0x0000000088000000, 0x0000000088000000, 0x0000000088100000|  0%| F|  |TAMS 0x0000000088000000, 0x0000000088000000| Untracked 
| 129|0x0000000088100000, 0x0000000088100000, 0x0000000088200000|  0%| F|  |TAMS 0x0000000088100000, 0x0000000088100000| Untracked 
| 130|0x0000000088200000, 0x0000000088200000, 0x0000000088300000|  0%| F|  |TAMS 0x0000000088200000, 0x0000000088200000| Untracked 
| 131|0x0000000088300000, 0x0000000088300000, 0x0000000088400000|  0%| F|  |TAMS 0x0000000088300000, 0x0000000088300000| Untracked 
| 132|0x0000000088400000, 0x0000000088400000, 0x0000000088500000|  0%| F|  |TAMS 0x0000000088400000, 0x0000000088400000| Untracked 
| 133|0x0000000088500000, 0x0000000088500000, 0x0000000088600000|  0%| F|  |TAMS 0x0000000088500000, 0x0000000088500000| Untracked 
| 134|0x0000000088600000, 0x0000000088600000, 0x0000000088700000|  0%| F|  |TAMS 0x0000000088600000, 0x0000000088600000| Untracked 
| 135|0x0000000088700000, 0x0000000088700000, 0x0000000088800000|  0%| F|  |TAMS 0x0000000088700000, 0x0000000088700000| Untracked 
| 136|0x0000000088800000, 0x0000000088800000, 0x0000000088900000|  0%| F|  |TAMS 0x0000000088800000, 0x0000000088800000| Untracked 
| 137|0x0000000088900000, 0x0000000088900000, 0x0000000088a00000|  0%| F|  |TAMS 0x0000000088900000, 0x0000000088900000| Untracked 
| 138|0x0000000088a00000, 0x0000000088a00000, 0x0000000088b00000|  0%| F|  |TAMS 0x0000000088a00000, 0x0000000088a00000| Untracked 
| 139|0x0000000088b00000, 0x0000000088b00000, 0x0000000088c00000|  0%| F|  |TAMS 0x0000000088b00000, 0x0000000088b00000| Untracked 
| 140|0x0000000088c00000, 0x0000000088c00000, 0x0000000088d00000|  0%| F|  |TAMS 0x0000000088c00000, 0x0000000088c00000| Untracked 
| 141|0x0000000088d00000, 0x0000000088d00000, 0x0000000088e00000|  0%| F|  |TAMS 0x0000000088d00000, 0x0000000088d00000| Untracked 
| 142|0x0000000088e00000, 0x0000000088e00000, 0x0000000088f00000|  0%| F|  |TAMS 0x0000000088e00000, 0x0000000088e00000| Untracked 
| 143|0x0000000088f00000, 0x0000000088f00000, 0x0000000089000000|  0%| F|  |TAMS 0x0000000088f00000, 0x0000000088f00000| Untracked 
| 144|0x0000000089000000, 0x0000000089000000, 0x0000000089100000|  0%| F|  |TAMS 0x0000000089000000, 0x0000000089000000| Untracked 
| 145|0x0000000089100000, 0x0000000089100000, 0x0000000089200000|  0%| F|  |TAMS 0x0000000089100000, 0x0000000089100000| Untracked 
| 146|0x0000000089200000, 0x0000000089200000, 0x0000000089300000|  0%| F|  |TAMS 0x0000000089200000, 0x0000000089200000| Untracked 
| 147|0x0000000089300000, 0x0000000089300000, 0x0000000089400000|  0%| F|  |TAMS 0x0000000089300000, 0x0000000089300000| Untracked 
| 148|0x0000000089400000, 0x0000000089400000, 0x0000000089500000|  0%| F|  |TAMS 0x0000000089400000, 0x0000000089400000| Untracked 
| 149|0x0000000089500000, 0x0000000089500000, 0x0000000089600000|  0%| F|  |TAMS 0x0000000089500000, 0x0000000089500000| Untracked 
| 150|0x0000000089600000, 0x0000000089600000, 0x0000000089700000|  0%| F|  |TAMS 0x0000000089600000, 0x0000000089600000| Untracked 
| 151|0x0000000089700000, 0x0000000089700000, 0x0000000089800000|  0%| F|  |TAMS 0x0000000089700000, 0x0000000089700000| Untracked 
| 152|0x0000000089800000, 0x0000000089800000, 0x0000000089900000|  0%| F|  |TAMS 0x0000000089800000, 0x0000000089800000| Untracked 
| 153|0x0000000089900000, 0x0000000089900000, 0x0000000089a00000|  0%| F|  |TAMS 0x0000000089900000, 0x0000000089900000| Untracked 
| 154|0x0000000089a00000, 0x0000000089a00000, 0x0000000089b00000|  0%| F|  |TAMS 0x0000000089a00000, 0x0000000089a00000| Untracked 
| 155|0x0000000089b00000, 0x0000000089b00000, 0x0000000089c00000|  0%| F|  |TAMS 0x0000000089b00000, 0x0000000089b00000| Untracked 
| 156|0x0000000089c00000, 0x0000000089c00000, 0x0000000089d00000|  0%| F|  |TAMS 0x0000000089c00000, 0x0000000089c00000| Untracked 
| 157|0x0000000089d00000, 0x0000000089d00000, 0x0000000089e00000|  0%| F|  |TAMS 0x0000000089d00000, 0x0000000089d00000| Untracked 
| 158|0x0000000089e00000, 0x0000000089e00000, 0x0000000089f00000|  0%| F|  |TAMS 0x0000000089e00000, 0x0000000089e00000| Untracked 
| 159|0x0000000089f00000, 0x0000000089f00000, 0x000000008a000000|  0%| F|  |TAMS 0x0000000089f00000, 0x0000000089f00000| Untracked 
| 160|0x000000008a000000, 0x000000008a000000, 0x000000008a100000|  0%| F|  |TAMS 0x000000008a000000, 0x000000008a000000| Untracked 
| 161|0x000000008a100000, 0x000000008a100000, 0x000000008a200000|  0%| F|  |TAMS 0x000000008a100000, 0x000000008a100000| Untracked 
| 162|0x000000008a200000, 0x000000008a200000, 0x000000008a300000|  0%| F|  |TAMS 0x000000008a200000, 0x000000008a200000| Untracked 
| 163|0x000000008a300000, 0x000000008a300000, 0x000000008a400000|  0%| F|  |TAMS 0x000000008a300000, 0x000000008a300000| Untracked 
| 164|0x000000008a400000, 0x000000008a400000, 0x000000008a500000|  0%| F|  |TAMS 0x000000008a400000, 0x000000008a400000| Untracked 
| 165|0x000000008a500000, 0x000000008a500000, 0x000000008a600000|  0%| F|  |TAMS 0x000000008a500000, 0x000000008a500000| Untracked 
| 166|0x000000008a600000, 0x000000008a600000, 0x000000008a700000|  0%| F|  |TAMS 0x000000008a600000, 0x000000008a600000| Untracked 
| 167|0x000000008a700000, 0x000000008a700000, 0x000000008a800000|  0%| F|  |TAMS 0x000000008a700000, 0x000000008a700000| Untracked 
| 168|0x000000008a800000, 0x000000008a800000, 0x000000008a900000|  0%| F|  |TAMS 0x000000008a800000, 0x000000008a800000| Untracked 
| 169|0x000000008a900000, 0x000000008a900000, 0x000000008aa00000|  0%| F|  |TAMS 0x000000008a900000, 0x000000008a900000| Untracked 
| 170|0x000000008aa00000, 0x000000008aa00000, 0x000000008ab00000|  0%| F|  |TAMS 0x000000008aa00000, 0x000000008aa00000| Untracked 
| 171|0x000000008ab00000, 0x000000008ab00000, 0x000000008ac00000|  0%| F|  |TAMS 0x000000008ab00000, 0x000000008ab00000| Untracked 
| 172|0x000000008ac00000, 0x000000008ac00000, 0x000000008ad00000|  0%| F|  |TAMS 0x000000008ac00000, 0x000000008ac00000| Untracked 
| 173|0x000000008ad00000, 0x000000008ad00000, 0x000000008ae00000|  0%| F|  |TAMS 0x000000008ad00000, 0x000000008ad00000| Untracked 
| 174|0x000000008ae00000, 0x000000008ae00000, 0x000000008af00000|  0%| F|  |TAMS 0x000000008ae00000, 0x000000008ae00000| Untracked 
| 175|0x000000008af00000, 0x000000008af00000, 0x000000008b000000|  0%| F|  |TAMS 0x000000008af00000, 0x000000008af00000| Untracked 
| 176|0x000000008b000000, 0x000000008b000000, 0x000000008b100000|  0%| F|  |TAMS 0x000000008b000000, 0x000000008b000000| Untracked 
| 177|0x000000008b100000, 0x000000008b100000, 0x000000008b200000|  0%| F|  |TAMS 0x000000008b100000, 0x000000008b100000| Untracked 
| 178|0x000000008b200000, 0x000000008b200000, 0x000000008b300000|  0%| F|  |TAMS 0x000000008b200000, 0x000000008b200000| Untracked 
| 179|0x000000008b300000, 0x000000008b300000, 0x000000008b400000|  0%| F|  |TAMS 0x000000008b300000, 0x000000008b300000| Untracked 
| 180|0x000000008b400000, 0x000000008b400000, 0x000000008b500000|  0%| F|  |TAMS 0x000000008b400000, 0x000000008b400000| Untracked 
| 181|0x000000008b500000, 0x000000008b500000, 0x000000008b600000|  0%| F|  |TAMS 0x000000008b500000, 0x000000008b500000| Untracked 
| 182|0x000000008b600000, 0x000000008b600000, 0x000000008b700000|  0%| F|  |TAMS 0x000000008b600000, 0x000000008b600000| Untracked 
| 183|0x000000008b700000, 0x000000008b700000, 0x000000008b800000|  0%| F|  |TAMS 0x000000008b700000, 0x000000008b700000| Untracked 
| 184|0x000000008b800000, 0x000000008b800000, 0x000000008b900000|  0%| F|  |TAMS 0x000000008b800000, 0x000000008b800000| Untracked 
| 185|0x000000008b900000, 0x000000008b900000, 0x000000008ba00000|  0%| F|  |TAMS 0x000000008b900000, 0x000000008b900000| Untracked 
| 186|0x000000008ba00000, 0x000000008ba00000, 0x000000008bb00000|  0%| F|  |TAMS 0x000000008ba00000, 0x000000008ba00000| Untracked 
| 187|0x000000008bb00000, 0x000000008bb00000, 0x000000008bc00000|  0%| F|  |TAMS 0x000000008bb00000, 0x000000008bb00000| Untracked 
| 188|0x000000008bc00000, 0x000000008bc00000, 0x000000008bd00000|  0%| F|  |TAMS 0x000000008bc00000, 0x000000008bc00000| Untracked 
| 189|0x000000008bd00000, 0x000000008bd00000, 0x000000008be00000|  0%| F|  |TAMS 0x000000008bd00000, 0x000000008bd00000| Untracked 
| 190|0x000000008be00000, 0x000000008be00000, 0x000000008bf00000|  0%| F|  |TAMS 0x000000008be00000, 0x000000008be00000| Untracked 
| 191|0x000000008bf00000, 0x000000008bf00000, 0x000000008c000000|  0%| F|  |TAMS 0x000000008bf00000, 0x000000008bf00000| Untracked 
| 192|0x000000008c000000, 0x000000008c000000, 0x000000008c100000|  0%| F|  |TAMS 0x000000008c000000, 0x000000008c000000| Untracked 
| 193|0x000000008c100000, 0x000000008c100000, 0x000000008c200000|  0%| F|  |TAMS 0x000000008c100000, 0x000000008c100000| Untracked 
| 194|0x000000008c200000, 0x000000008c200000, 0x000000008c300000|  0%| F|  |TAMS 0x000000008c200000, 0x000000008c200000| Untracked 
| 195|0x000000008c300000, 0x000000008c300000, 0x000000008c400000|  0%| F|  |TAMS 0x000000008c300000, 0x000000008c300000| Untracked 
| 196|0x000000008c400000, 0x000000008c400000, 0x000000008c500000|  0%| F|  |TAMS 0x000000008c400000, 0x000000008c400000| Untracked 
| 197|0x000000008c500000, 0x000000008c500000, 0x000000008c600000|  0%| F|  |TAMS 0x000000008c500000, 0x000000008c500000| Untracked 
| 198|0x000000008c600000, 0x000000008c600000, 0x000000008c700000|  0%| F|  |TAMS 0x000000008c600000, 0x000000008c600000| Untracked 
| 199|0x000000008c700000, 0x000000008c700000, 0x000000008c800000|  0%| F|  |TAMS 0x000000008c700000, 0x000000008c700000| Untracked 
| 200|0x000000008c800000, 0x000000008c800000, 0x000000008c900000|  0%| F|  |TAMS 0x000000008c800000, 0x000000008c800000| Untracked 
| 201|0x000000008c900000, 0x000000008c900000, 0x000000008ca00000|  0%| F|  |TAMS 0x000000008c900000, 0x000000008c900000| Untracked 
| 202|0x000000008ca00000, 0x000000008ca00000, 0x000000008cb00000|  0%| F|  |TAMS 0x000000008ca00000, 0x000000008ca00000| Untracked 
| 203|0x000000008cb00000, 0x000000008cb00000, 0x000000008cc00000|  0%| F|  |TAMS 0x000000008cb00000, 0x000000008cb00000| Untracked 
| 204|0x000000008cc00000, 0x000000008cc00000, 0x000000008cd00000|  0%| F|  |TAMS 0x000000008cc00000, 0x000000008cc00000| Untracked 
| 205|0x000000008cd00000, 0x000000008cd00000, 0x000000008ce00000|  0%| F|  |TAMS 0x000000008cd00000, 0x000000008cd00000| Untracked 
| 206|0x000000008ce00000, 0x000000008ce00000, 0x000000008cf00000|  0%| F|  |TAMS 0x000000008ce00000, 0x000000008ce00000| Untracked 
| 207|0x000000008cf00000, 0x000000008cf00000, 0x000000008d000000|  0%| F|  |TAMS 0x000000008cf00000, 0x000000008cf00000| Untracked 
| 208|0x000000008d000000, 0x000000008d000000, 0x000000008d100000|  0%| F|  |TAMS 0x000000008d000000, 0x000000008d000000| Untracked 
| 209|0x000000008d100000, 0x000000008d100000, 0x000000008d200000|  0%| F|  |TAMS 0x000000008d100000, 0x000000008d100000| Untracked 
| 210|0x000000008d200000, 0x000000008d200000, 0x000000008d300000|  0%| F|  |TAMS 0x000000008d200000, 0x000000008d200000| Untracked 
| 211|0x000000008d300000, 0x000000008d300000, 0x000000008d400000|  0%| F|  |TAMS 0x000000008d300000, 0x000000008d300000| Untracked 
| 212|0x000000008d400000, 0x000000008d400000, 0x000000008d500000|  0%| F|  |TAMS 0x000000008d400000, 0x000000008d400000| Untracked 
| 213|0x000000008d500000, 0x000000008d500000, 0x000000008d600000|  0%| F|  |TAMS 0x000000008d500000, 0x000000008d500000| Untracked 
| 214|0x000000008d600000, 0x000000008d600000, 0x000000008d700000|  0%| F|  |TAMS 0x000000008d600000, 0x000000008d600000| Untracked 
| 215|0x000000008d700000, 0x000000008d700000, 0x000000008d800000|  0%| F|  |TAMS 0x000000008d700000, 0x000000008d700000| Untracked 
| 216|0x000000008d800000, 0x000000008d800000, 0x000000008d900000|  0%| F|  |TAMS 0x000000008d800000, 0x000000008d800000| Untracked 
| 217|0x000000008d900000, 0x000000008d900000, 0x000000008da00000|  0%| F|  |TAMS 0x000000008d900000, 0x000000008d900000| Untracked 
| 218|0x000000008da00000, 0x000000008da00000, 0x000000008db00000|  0%| F|  |TAMS 0x000000008da00000, 0x000000008da00000| Untracked 
| 219|0x000000008db00000, 0x000000008db00000, 0x000000008dc00000|  0%| F|  |TAMS 0x000000008db00000, 0x000000008db00000| Untracked 
| 220|0x000000008dc00000, 0x000000008dc00000, 0x000000008dd00000|  0%| F|  |TAMS 0x000000008dc00000, 0x000000008dc00000| Untracked 
| 221|0x000000008dd00000, 0x000000008dd00000, 0x000000008de00000|  0%| F|  |TAMS 0x000000008dd00000, 0x000000008dd00000| Untracked 
| 222|0x000000008de00000, 0x000000008de00000, 0x000000008df00000|  0%| F|  |TAMS 0x000000008de00000, 0x000000008de00000| Untracked 
| 223|0x000000008df00000, 0x000000008df00000, 0x000000008e000000|  0%| F|  |TAMS 0x000000008df00000, 0x000000008df00000| Untracked 
| 224|0x000000008e000000, 0x000000008e000000, 0x000000008e100000|  0%| F|  |TAMS 0x000000008e000000, 0x000000008e000000| Untracked 
| 225|0x000000008e100000, 0x000000008e100000, 0x000000008e200000|  0%| F|  |TAMS 0x000000008e100000, 0x000000008e100000| Untracked 
| 226|0x000000008e200000, 0x000000008e200000, 0x000000008e300000|  0%| F|  |TAMS 0x000000008e200000, 0x000000008e200000| Untracked 
| 227|0x000000008e300000, 0x000000008e300000, 0x000000008e400000|  0%| F|  |TAMS 0x000000008e300000, 0x000000008e300000| Untracked 
| 228|0x000000008e400000, 0x000000008e400000, 0x000000008e500000|  0%| F|  |TAMS 0x000000008e400000, 0x000000008e400000| Untracked 
| 229|0x000000008e500000, 0x000000008e500000, 0x000000008e600000|  0%| F|  |TAMS 0x000000008e500000, 0x000000008e500000| Untracked 
| 230|0x000000008e600000, 0x000000008e600000, 0x000000008e700000|  0%| F|  |TAMS 0x000000008e600000, 0x000000008e600000| Untracked 
| 231|0x000000008e700000, 0x000000008e700000, 0x000000008e800000|  0%| F|  |TAMS 0x000000008e700000, 0x000000008e700000| Untracked 
| 232|0x000000008e800000, 0x000000008e800000, 0x000000008e900000|  0%| F|  |TAMS 0x000000008e800000, 0x000000008e800000| Untracked 
| 233|0x000000008e900000, 0x000000008e900000, 0x000000008ea00000|  0%| F|  |TAMS 0x000000008e900000, 0x000000008e900000| Untracked 
| 234|0x000000008ea00000, 0x000000008ea00000, 0x000000008eb00000|  0%| F|  |TAMS 0x000000008ea00000, 0x000000008ea00000| Untracked 
| 235|0x000000008eb00000, 0x000000008eb00000, 0x000000008ec00000|  0%| F|  |TAMS 0x000000008eb00000, 0x000000008eb00000| Untracked 
| 236|0x000000008ec00000, 0x000000008ec00000, 0x000000008ed00000|  0%| F|  |TAMS 0x000000008ec00000, 0x000000008ec00000| Untracked 
| 237|0x000000008ed00000, 0x000000008ed00000, 0x000000008ee00000|  0%| F|  |TAMS 0x000000008ed00000, 0x000000008ed00000| Untracked 
| 238|0x000000008ee00000, 0x000000008ee00000, 0x000000008ef00000|  0%| F|  |TAMS 0x000000008ee00000, 0x000000008ee00000| Untracked 
| 239|0x000000008ef00000, 0x000000008ef00000, 0x000000008f000000|  0%| F|  |TAMS 0x000000008ef00000, 0x000000008ef00000| Untracked 
| 240|0x000000008f000000, 0x000000008f000000, 0x000000008f100000|  0%| F|  |TAMS 0x000000008f000000, 0x000000008f000000| Untracked 
| 241|0x000000008f100000, 0x000000008f100000, 0x000000008f200000|  0%| F|  |TAMS 0x000000008f100000, 0x000000008f100000| Untracked 
| 242|0x000000008f200000, 0x000000008f200000, 0x000000008f300000|  0%| F|  |TAMS 0x000000008f200000, 0x000000008f200000| Untracked 
| 243|0x000000008f300000, 0x000000008f300000, 0x000000008f400000|  0%| F|  |TAMS 0x000000008f300000, 0x000000008f300000| Untracked 
| 244|0x000000008f400000, 0x000000008f400000, 0x000000008f500000|  0%| F|  |TAMS 0x000000008f400000, 0x000000008f400000| Untracked 
| 245|0x000000008f500000, 0x000000008f500000, 0x000000008f600000|  0%| F|  |TAMS 0x000000008f500000, 0x000000008f500000| Untracked 
| 246|0x000000008f600000, 0x000000008f600000, 0x000000008f700000|  0%| F|  |TAMS 0x000000008f600000, 0x000000008f600000| Untracked 
| 247|0x000000008f700000, 0x000000008f700000, 0x000000008f800000|  0%| F|  |TAMS 0x000000008f700000, 0x000000008f700000| Untracked 
| 248|0x000000008f800000, 0x000000008f800000, 0x000000008f900000|  0%| F|  |TAMS 0x000000008f800000, 0x000000008f800000| Untracked 
| 249|0x000000008f900000, 0x000000008f900000, 0x000000008fa00000|  0%| F|  |TAMS 0x000000008f900000, 0x000000008f900000| Untracked 
| 250|0x000000008fa00000, 0x000000008fa00000, 0x000000008fb00000|  0%| F|  |TAMS 0x000000008fa00000, 0x000000008fa00000| Untracked 
| 251|0x000000008fb00000, 0x000000008fb00000, 0x000000008fc00000|  0%| F|  |TAMS 0x000000008fb00000, 0x000000008fb00000| Untracked 
| 252|0x000000008fc00000, 0x000000008fc00000, 0x000000008fd00000|  0%| F|  |TAMS 0x000000008fc00000, 0x000000008fc00000| Untracked 
| 253|0x000000008fd00000, 0x000000008fd00000, 0x000000008fe00000|  0%| F|  |TAMS 0x000000008fd00000, 0x000000008fd00000| Untracked 
| 254|0x000000008fe00000, 0x000000008fe00000, 0x000000008ff00000|  0%| F|  |TAMS 0x000000008fe00000, 0x000000008fe00000| Untracked 
| 255|0x000000008ff00000, 0x000000008ff00000, 0x0000000090000000|  0%| F|  |TAMS 0x000000008ff00000, 0x000000008ff00000| Untracked 
| 256|0x0000000090000000, 0x0000000090000000, 0x0000000090100000|  0%| F|  |TAMS 0x0000000090000000, 0x0000000090000000| Untracked 
| 257|0x0000000090100000, 0x0000000090100000, 0x0000000090200000|  0%| F|  |TAMS 0x0000000090100000, 0x0000000090100000| Untracked 
| 258|0x0000000090200000, 0x0000000090200000, 0x0000000090300000|  0%| F|  |TAMS 0x0000000090200000, 0x0000000090200000| Untracked 
| 259|0x0000000090300000, 0x0000000090300000, 0x0000000090400000|  0%| F|  |TAMS 0x0000000090300000, 0x0000000090300000| Untracked 
| 260|0x0000000090400000, 0x0000000090400000, 0x0000000090500000|  0%| F|  |TAMS 0x0000000090400000, 0x0000000090400000| Untracked 
| 261|0x0000000090500000, 0x0000000090500000, 0x0000000090600000|  0%| F|  |TAMS 0x0000000090500000, 0x0000000090500000| Untracked 
| 262|0x0000000090600000, 0x0000000090600000, 0x0000000090700000|  0%| F|  |TAMS 0x0000000090600000, 0x0000000090600000| Untracked 
| 263|0x0000000090700000, 0x0000000090700000, 0x0000000090800000|  0%| F|  |TAMS 0x0000000090700000, 0x0000000090700000| Untracked 
| 264|0x0000000090800000, 0x0000000090800000, 0x0000000090900000|  0%| F|  |TAMS 0x0000000090800000, 0x0000000090800000| Untracked 
| 265|0x0000000090900000, 0x0000000090900000, 0x0000000090a00000|  0%| F|  |TAMS 0x0000000090900000, 0x0000000090900000| Untracked 
| 266|0x0000000090a00000, 0x0000000090a00000, 0x0000000090b00000|  0%| F|  |TAMS 0x0000000090a00000, 0x0000000090a00000| Untracked 
| 267|0x0000000090b00000, 0x0000000090b00000, 0x0000000090c00000|  0%| F|  |TAMS 0x0000000090b00000, 0x0000000090b00000| Untracked 
| 268|0x0000000090c00000, 0x0000000090c00000, 0x0000000090d00000|  0%| F|  |TAMS 0x0000000090c00000, 0x0000000090c00000| Untracked 
| 269|0x0000000090d00000, 0x0000000090d00000, 0x0000000090e00000|  0%| F|  |TAMS 0x0000000090d00000, 0x0000000090d00000| Untracked 
| 270|0x0000000090e00000, 0x0000000090e00000, 0x0000000090f00000|  0%| F|  |TAMS 0x0000000090e00000, 0x0000000090e00000| Untracked 
| 271|0x0000000090f00000, 0x0000000090f00000, 0x0000000091000000|  0%| F|  |TAMS 0x0000000090f00000, 0x0000000090f00000| Untracked 
| 272|0x0000000091000000, 0x0000000091000000, 0x0000000091100000|  0%| F|  |TAMS 0x0000000091000000, 0x0000000091000000| Untracked 
| 273|0x0000000091100000, 0x0000000091100000, 0x0000000091200000|  0%| F|  |TAMS 0x0000000091100000, 0x0000000091100000| Untracked 
| 274|0x0000000091200000, 0x0000000091200000, 0x0000000091300000|  0%| F|  |TAMS 0x0000000091200000, 0x0000000091200000| Untracked 
| 275|0x0000000091300000, 0x0000000091300000, 0x0000000091400000|  0%| F|  |TAMS 0x0000000091300000, 0x0000000091300000| Untracked 
| 276|0x0000000091400000, 0x0000000091400000, 0x0000000091500000|  0%| F|  |TAMS 0x0000000091400000, 0x0000000091400000| Untracked 
| 277|0x0000000091500000, 0x0000000091500000, 0x0000000091600000|  0%| F|  |TAMS 0x0000000091500000, 0x0000000091500000| Untracked 
| 278|0x0000000091600000, 0x0000000091600000, 0x0000000091700000|  0%| F|  |TAMS 0x0000000091600000, 0x0000000091600000| Untracked 
| 279|0x0000000091700000, 0x0000000091700000, 0x0000000091800000|  0%| F|  |TAMS 0x0000000091700000, 0x0000000091700000| Untracked 
| 280|0x0000000091800000, 0x0000000091800000, 0x0000000091900000|  0%| F|  |TAMS 0x0000000091800000, 0x0000000091800000| Untracked 
| 281|0x0000000091900000, 0x0000000091900000, 0x0000000091a00000|  0%| F|  |TAMS 0x0000000091900000, 0x0000000091900000| Untracked 
| 282|0x0000000091a00000, 0x0000000091a00000, 0x0000000091b00000|  0%| F|  |TAMS 0x0000000091a00000, 0x0000000091a00000| Untracked 
| 283|0x0000000091b00000, 0x0000000091b00000, 0x0000000091c00000|  0%| F|  |TAMS 0x0000000091b00000, 0x0000000091b00000| Untracked 
| 284|0x0000000091c00000, 0x0000000091c00000, 0x0000000091d00000|  0%| F|  |TAMS 0x0000000091c00000, 0x0000000091c00000| Untracked 
| 285|0x0000000091d00000, 0x0000000091d00000, 0x0000000091e00000|  0%| F|  |TAMS 0x0000000091d00000, 0x0000000091d00000| Untracked 
| 286|0x0000000091e00000, 0x0000000091e00000, 0x0000000091f00000|  0%| F|  |TAMS 0x0000000091e00000, 0x0000000091e00000| Untracked 
| 287|0x0000000091f00000, 0x0000000091f00000, 0x0000000092000000|  0%| F|  |TAMS 0x0000000091f00000, 0x0000000091f00000| Untracked 
| 288|0x0000000092000000, 0x0000000092000000, 0x0000000092100000|  0%| F|  |TAMS 0x0000000092000000, 0x0000000092000000| Untracked 
| 289|0x0000000092100000, 0x0000000092100000, 0x0000000092200000|  0%| F|  |TAMS 0x0000000092100000, 0x0000000092100000| Untracked 
| 290|0x0000000092200000, 0x0000000092200000, 0x0000000092300000|  0%| F|  |TAMS 0x0000000092200000, 0x0000000092200000| Untracked 
| 291|0x0000000092300000, 0x0000000092300000, 0x0000000092400000|  0%| F|  |TAMS 0x0000000092300000, 0x0000000092300000| Untracked 
| 292|0x0000000092400000, 0x0000000092400000, 0x0000000092500000|  0%| F|  |TAMS 0x0000000092400000, 0x0000000092400000| Untracked 
| 293|0x0000000092500000, 0x0000000092500000, 0x0000000092600000|  0%| F|  |TAMS 0x0000000092500000, 0x0000000092500000| Untracked 
| 294|0x0000000092600000, 0x0000000092600000, 0x0000000092700000|  0%| F|  |TAMS 0x0000000092600000, 0x0000000092600000| Untracked 
| 295|0x0000000092700000, 0x000000009275f820, 0x0000000092800000| 37%| S|CS|TAMS 0x0000000092700000, 0x0000000092700000| Complete 
| 296|0x0000000092800000, 0x0000000092900000, 0x0000000092900000|100%| S|CS|TAMS 0x0000000092800000, 0x0000000092800000| Complete 
| 297|0x0000000092900000, 0x0000000092900000, 0x0000000092a00000|  0%| F|  |TAMS 0x0000000092900000, 0x0000000092900000| Untracked 
| 298|0x0000000092a00000, 0x0000000092a00000, 0x0000000092b00000|  0%| F|  |TAMS 0x0000000092a00000, 0x0000000092a00000| Untracked 
| 299|0x0000000092b00000, 0x0000000092b00000, 0x0000000092c00000|  0%| F|  |TAMS 0x0000000092b00000, 0x0000000092b00000| Untracked 
| 300|0x0000000092c00000, 0x0000000092c00000, 0x0000000092d00000|  0%| F|  |TAMS 0x0000000092c00000, 0x0000000092c00000| Untracked 
| 301|0x0000000092d00000, 0x0000000092d00000, 0x0000000092e00000|  0%| F|  |TAMS 0x0000000092d00000, 0x0000000092d00000| Untracked 
| 302|0x0000000092e00000, 0x0000000092e00000, 0x0000000092f00000|  0%| F|  |TAMS 0x0000000092e00000, 0x0000000092e00000| Untracked 
| 303|0x0000000092f00000, 0x0000000092f00000, 0x0000000093000000|  0%| F|  |TAMS 0x0000000092f00000, 0x0000000092f00000| Untracked 
| 304|0x0000000093000000, 0x0000000093000000, 0x0000000093100000|  0%| F|  |TAMS 0x0000000093000000, 0x0000000093000000| Untracked 
| 305|0x0000000093100000, 0x0000000093100000, 0x0000000093200000|  0%| F|  |TAMS 0x0000000093100000, 0x0000000093100000| Untracked 
| 306|0x0000000093200000, 0x0000000093200000, 0x0000000093300000|  0%| F|  |TAMS 0x0000000093200000, 0x0000000093200000| Untracked 
| 307|0x0000000093300000, 0x00000000933103c8, 0x0000000093400000|  6%| E|  |TAMS 0x0000000093300000, 0x0000000093300000| Complete 
| 308|0x0000000093400000, 0x0000000093500000, 0x0000000093500000|100%| E|CS|TAMS 0x0000000093400000, 0x0000000093400000| Complete 
| 309|0x0000000093500000, 0x0000000093600000, 0x0000000093600000|100%| E|CS|TAMS 0x0000000093500000, 0x0000000093500000| Complete 
| 310|0x0000000093600000, 0x00000000936fffd8, 0x0000000093700000| 99%| E|  |TAMS 0x0000000093600000, 0x0000000093600000| Complete 
| 311|0x0000000093700000, 0x0000000093800000, 0x0000000093800000|100%| E|CS|TAMS 0x0000000093700000, 0x0000000093700000| Complete 
| 312|0x0000000093800000, 0x0000000093900000, 0x0000000093900000|100%| E|CS|TAMS 0x0000000093800000, 0x0000000093800000| Complete 
| 313|0x0000000093900000, 0x0000000093a00000, 0x0000000093a00000|100%| E|CS|TAMS 0x0000000093900000, 0x0000000093900000| Complete 
| 314|0x0000000093a00000, 0x0000000093b00000, 0x0000000093b00000|100%| E|CS|TAMS 0x0000000093a00000, 0x0000000093a00000| Complete 
| 315|0x0000000093b00000, 0x0000000093c00000, 0x0000000093c00000|100%| E|CS|TAMS 0x0000000093b00000, 0x0000000093b00000| Complete 

Card table byte_map: [0x000001ed2fe30000,0x000001ed30230000] _byte_map_base: 0x000001ed2fa30000

Marking Bits (Prev, Next): (CMBitMap*) 0x000001ed1c93dcd0, (CMBitMap*) 0x000001ed1c93dc98
 Prev Bits: [0x000001ed32630000, 0x000001ed34630000)
 Next Bits: [0x000001ed30630000, 0x000001ed32630000)

Polling page: 0x000001ed1af70000

Metaspace:

Usage:
  Non-class:     84.59 MB capacity,    83.15 MB ( 98%) used,     1.19 MB (  1%) free+waste,   266.00 KB ( <1%) overhead. 
      Class:     12.79 MB capacity,    12.00 MB ( 94%) used,   688.92 KB (  5%) free+waste,   117.19 KB ( <1%) overhead. 
       Both:     97.38 MB capacity,    95.15 MB ( 98%) used,     1.86 MB (  2%) free+waste,   383.19 KB ( <1%) overhead. 

Virtual space:
  Non-class space:       86.00 MB reserved,      84.70 MB ( 98%) committed 
      Class space:        1.00 GB reserved,      12.88 MB (  1%) committed 
             Both:        1.08 GB reserved,      97.57 MB (  9%) committed 

Chunk freelists:
   Non-Class:  44.00 KB
       Class:  0 bytes
        Both:  44.00 KB

MaxMetaspaceSize: 17179869184.00 GB
CompressedClassSpaceSize: 1.00 GB
Initial GC threshold: 20.80 MB
Current GC threshold: 159.71 MB
CDS: off

CodeHeap 'non-profiled nmethods': size=120064Kb used=6892Kb max_used=6892Kb free=113171Kb
 bounds [0x000001ed27ed0000, 0x000001ed28590000, 0x000001ed2f410000]
CodeHeap 'profiled nmethods': size=120000Kb used=27433Kb max_used=27433Kb free=92566Kb
 bounds [0x000001ed209a0000, 0x000001ed22470000, 0x000001ed27ed0000]
CodeHeap 'non-nmethods': size=5696Kb used=2399Kb max_used=2451Kb free=3297Kb
 bounds [0x000001ed20410000, 0x000001ed20680000, 0x000001ed209a0000]
 total_blobs=14147 nmethods=13227 adapters=832
 compilation: enabled
              stopped_count=0, restarted_count=0
 full_count=0

Compilation events (20 events):
Event: 69.114 Thread 0x000001ed37454000 13410       3       java.util.stream.ReferencePipeline::filter (22 bytes)
Event: 69.115 Thread 0x000001ed37454000 nmethod 13410 0x000001ed2245a390 code [0x000001ed2245a580, 0x000001ed2245aa98]
Event: 69.115 Thread 0x000001ed37454000 13411       3       java.util.stream.ReferencePipeline$2::opWrapSink (10 bytes)
Event: 69.115 Thread 0x000001ed37454000 nmethod 13411 0x000001ed2245ac90 code [0x000001ed2245ae80, 0x000001ed2245b408]
Event: 69.154 Thread 0x000001ed37454000 13414       3       com.google.common.cache.LocalCache$Segment::removeValueFromChain (67 bytes)
Event: 69.155 Thread 0x000001ed37454000 nmethod 13414 0x000001ed2245b610 code [0x000001ed2245b840, 0x000001ed2245be28]
Event: 69.163 Thread 0x000001ed37454000 13415       3       org.gradle.internal.resources.AbstractTrackedResourceLock::<init> (26 bytes)
Event: 69.163 Thread 0x000001ed37454000 nmethod 13415 0x000001ed2245c010 code [0x000001ed2245c1e0, 0x000001ed2245c4b8]
Event: 69.163 Thread 0x000001ed37454000 13416       3       org.gradle.internal.work.DefaultWorkerLeaseService$WorkerLeaseLockRegistry$1::<init> (20 bytes)
Event: 69.164 Thread 0x000001ed37454000 nmethod 13416 0x000001ed2245c590 code [0x000001ed2245c740, 0x000001ed2245c9b8]
Event: 69.164 Thread 0x000001ed37454000 13417       3       org.gradle.internal.work.DefaultWorkerLeaseService$WorkerLeaseLockRegistry$1::create (13 bytes)
Event: 69.164 Thread 0x000001ed37454000 nmethod 13417 0x000001ed2245ca90 code [0x000001ed2245cc80, 0x000001ed2245d2f8]
Event: 69.164 Thread 0x000001ed37454000 13418       3       org.gradle.internal.work.DefaultWorkerLeaseService$WorkerLeaseLockRegistry$1::create (28 bytes)
Event: 69.164 Thread 0x000001ed37454000 nmethod 13418 0x000001ed2245d510 code [0x000001ed2245d700, 0x000001ed2245dc18]
Event: 69.164 Thread 0x000001ed37454000 13419       3       org.gradle.internal.work.DefaultWorkerLeaseService$DefaultWorkerLease::<init> (28 bytes)
Event: 69.164 Thread 0x000001ed37454000 nmethod 13419 0x000001ed2245dd90 code [0x000001ed2245df60, 0x000001ed2245e3b8]
Event: 69.165 Thread 0x000001ed37454000 13420       3       org.gradle.internal.work.DefaultWorkerLeaseService$WorkerLeaseLockRegistry::getResourceLock (50 bytes)
Event: 69.166 Thread 0x000001ed37454000 nmethod 13420 0x000001ed2245e510 code [0x000001ed2245e8a0, 0x000001ed22460178]
Event: 69.202 Thread 0x000001ed37454000 13421       3       org.gradle.internal.execution.history.changes.SortedMapDiffUtil::diff (360 bytes)
Event: 69.204 Thread 0x000001ed37454000 nmethod 13421 0x000001ed22460b90 code [0x000001ed22461040, 0x000001ed224639c8]

GC Heap History (20 events):
Event: 27.763 GC heap before
{Heap before GC invocations=73 (full 0):
 garbage-first heap   total 180224K, used 120692K [0x0000000080000000, 0x0000000100000000)
  region size 1024K, 35 young (35840K), 1 survivors (1024K)
 Metaspace       used 94433K, capacity 96623K, committed 96844K, reserved 1132544K
  class space    used 12000K, capacity 12804K, committed 12928K, reserved 1048576K
}
Event: 27.766 GC heap after
{Heap after GC invocations=74 (full 0):
 garbage-first heap   total 180224K, used 86145K [0x0000000080000000, 0x0000000100000000)
  region size 1024K, 1 young (1024K), 1 survivors (1024K)
 Metaspace       used 94433K, capacity 96623K, committed 96844K, reserved 1132544K
  class space    used 12000K, capacity 12804K, committed 12928K, reserved 1048576K
}
Event: 28.821 GC heap before
{Heap before GC invocations=75 (full 0):
 garbage-first heap   total 180224K, used 127105K [0x0000000080000000, 0x0000000100000000)
  region size 1024K, 44 young (45056K), 1 survivors (1024K)
 Metaspace       used 95439K, capacity 97673K, committed 97868K, reserved 1134592K
  class space    used 12089K, capacity 12886K, committed 12928K, reserved 1048576K
}
Event: 28.829 GC heap after
{Heap after GC invocations=76 (full 0):
 garbage-first heap   total 180224K, used 88132K [0x0000000080000000, 0x0000000100000000)
  region size 1024K, 5 young (5120K), 5 survivors (5120K)
 Metaspace       used 95439K, capacity 97673K, committed 97868K, reserved 1134592K
  class space    used 12089K, capacity 12886K, committed 12928K, reserved 1048576K
}
Event: 29.069 GC heap before
{Heap before GC invocations=76 (full 0):
 garbage-first heap   total 180224K, used 90180K [0x0000000080000000, 0x0000000100000000)
  region size 1024K, 8 young (8192K), 5 survivors (5120K)
 Metaspace       used 95447K, capacity 97677K, committed 97868K, reserved 1134592K
  class space    used 12089K, capacity 12886K, committed 12928K, reserved 1048576K
}
Event: 29.077 GC heap after
{Heap after GC invocations=77 (full 0):
 garbage-first heap   total 180224K, used 85782K [0x0000000080000000, 0x0000000100000000)
  region size 1024K, 1 young (1024K), 1 survivors (1024K)
 Metaspace       used 95447K, capacity 97677K, committed 97868K, reserved 1134592K
  class space    used 12089K, capacity 12886K, committed 12928K, reserved 1048576K
}
Event: 30.908 GC heap before
{Heap before GC invocations=77 (full 0):
 garbage-first heap   total 180224K, used 128790K [0x0000000080000000, 0x0000000100000000)
  region size 1024K, 44 young (45056K), 1 survivors (1024K)
 Metaspace       used 95548K, capacity 97829K, committed 97868K, reserved 1134592K
  class space    used 12092K, capacity 12889K, committed 12928K, reserved 1048576K
}
Event: 30.914 GC heap after
{Heap after GC invocations=78 (full 0):
 garbage-first heap   total 180224K, used 87482K [0x0000000080000000, 0x0000000100000000)
  region size 1024K, 3 young (3072K), 3 survivors (3072K)
 Metaspace       used 95548K, capacity 97829K, committed 97868K, reserved 1134592K
  class space    used 12092K, capacity 12889K, committed 12928K, reserved 1048576K
}
Event: 55.023 GC heap before
{Heap before GC invocations=79 (full 0):
 garbage-first heap   total 180224K, used 132538K [0x0000000080000000, 0x0000000100000000)
  region size 1024K, 48 young (49152K), 3 survivors (3072K)
 Metaspace       used 96375K, capacity 98713K, committed 98764K, reserved 1134592K
  class space    used 12176K, capacity 13017K, committed 13056K, reserved 1048576K
}
Event: 55.741 GC heap after
{Heap after GC invocations=80 (full 0):
 garbage-first heap   total 180224K, used 90810K [0x0000000080000000, 0x0000000100000000)
  region size 1024K, 6 young (6144K), 6 survivors (6144K)
 Metaspace       used 96375K, capacity 98713K, committed 98764K, reserved 1134592K
  class space    used 12176K, capacity 13017K, committed 13056K, reserved 1048576K
}
Event: 66.658 GC heap before
{Heap before GC invocations=80 (full 0):
 garbage-first heap   total 180224K, used 92858K [0x0000000080000000, 0x0000000100000000)
  region size 1024K, 8 young (8192K), 6 survivors (6144K)
 Metaspace       used 96562K, capacity 98919K, committed 99020K, reserved 1134592K
  class space    used 12198K, capacity 13022K, committed 13056K, reserved 1048576K
}
Event: 67.027 GC heap after
{Heap after GC invocations=81 (full 0):
 garbage-first heap   total 323584K, used 90612K [0x0000000080000000, 0x0000000100000000)
  region size 1024K, 1 young (1024K), 1 survivors (1024K)
 Metaspace       used 96562K, capacity 98919K, committed 99020K, reserved 1134592K
  class space    used 12198K, capacity 13022K, committed 13056K, reserved 1048576K
}
Event: 67.432 GC heap before
{Heap before GC invocations=81 (full 0):
 garbage-first heap   total 323584K, used 104948K [0x0000000080000000, 0x0000000100000000)
  region size 1024K, 15 young (15360K), 1 survivors (1024K)
 Metaspace       used 96974K, capacity 99310K, committed 99660K, reserved 1136640K
  class space    used 12242K, capacity 13088K, committed 13184K, reserved 1048576K
}
Event: 67.482 GC heap after
{Heap after GC invocations=82 (full 0):
 garbage-first heap   total 323584K, used 94014K [0x0000000080000000, 0x0000000100000000)
  region size 1024K, 2 young (2048K), 2 survivors (2048K)
 Metaspace       used 96974K, capacity 99310K, committed 99660K, reserved 1136640K
  class space    used 12242K, capacity 13088K, committed 13184K, reserved 1048576K
}
Event: 67.795 GC heap before
{Heap before GC invocations=82 (full 0):
 garbage-first heap   total 323584K, used 106302K [0x0000000080000000, 0x0000000100000000)
  region size 1024K, 15 young (15360K), 2 survivors (2048K)
 Metaspace       used 97026K, capacity 99374K, committed 99660K, reserved 1136640K
  class space    used 12251K, capacity 13088K, committed 13184K, reserved 1048576K
}
Event: 67.808 GC heap after
{Heap after GC invocations=83 (full 0):
 garbage-first heap   total 323584K, used 98299K [0x0000000080000000, 0x0000000100000000)
  region size 1024K, 2 young (2048K), 2 survivors (2048K)
 Metaspace       used 97026K, capacity 99374K, committed 99660K, reserved 1136640K
  class space    used 12251K, capacity 13088K, committed 13184K, reserved 1048576K
}
Event: 68.075 GC heap before
{Heap before GC invocations=83 (full 0):
 garbage-first heap   total 323584K, used 111611K [0x0000000080000000, 0x0000000100000000)
  region size 1024K, 15 young (15360K), 2 survivors (2048K)
 Metaspace       used 97224K, capacity 99502K, committed 99660K, reserved 1136640K
  class space    used 12267K, capacity 13088K, committed 13184K, reserved 1048576K
}
Event: 68.081 GC heap after
{Heap after GC invocations=84 (full 0):
 garbage-first heap   total 323584K, used 100248K [0x0000000080000000, 0x0000000100000000)
  region size 1024K, 2 young (2048K), 2 survivors (2048K)
 Metaspace       used 97224K, capacity 99502K, committed 99660K, reserved 1136640K
  class space    used 12267K, capacity 13088K, committed 13184K, reserved 1048576K
}
Event: 69.135 GC heap before
{Heap before GC invocations=84 (full 0):
 garbage-first heap   total 323584K, used 116632K [0x0000000080000000, 0x0000000100000000)
  region size 1024K, 19 young (19456K), 2 survivors (2048K)
 Metaspace       used 97383K, capacity 99710K, committed 99916K, reserved 1136640K
  class space    used 12280K, capacity 13093K, committed 13184K, reserved 1048576K
}
Event: 69.139 GC heap after
{Heap after GC invocations=85 (full 0):
 garbage-first heap   total 323584K, used 100237K [0x0000000080000000, 0x0000000100000000)
  region size 1024K, 2 young (2048K), 2 survivors (2048K)
 Metaspace       used 97383K, capacity 99710K, committed 99916K, reserved 1136640K
  class space    used 12280K, capacity 13093K, committed 13184K, reserved 1048576K
}

Deoptimization events (20 events):
Event: 67.832 Thread 0x000001ed3f813800 Uncommon trap: trap_request=0xffffffde fr.pc=0x000001ed28563b18 relative=0x0000000000001358
Event: 67.832 Thread 0x000001ed3f813800 Uncommon trap: reason=class_check action=maybe_recompile pc=0x000001ed28563b18 method=com.google.common.collect.ImmutableMap.copyOf(Ljava/util/Map;)Lcom/google/common/collect/ImmutableMap; @ 15 c2
Event: 67.832 Thread 0x000001ed3f813800 DEOPT PACKING pc=0x000001ed28563b18 sp=0x000000c1a7cfdeb0
Event: 67.832 Thread 0x000001ed3f813800 DEOPT UNPACKING pc=0x000001ed2045a1af sp=0x000000c1a7cfdea8 mode 2
Event: 68.091 Thread 0x000001ed3f813800 Uncommon trap: trap_request=0xffffff4d fr.pc=0x000001ed285615d4 relative=0x00000000000005d4
Event: 68.091 Thread 0x000001ed3f813800 Uncommon trap: reason=unstable_if action=reinterpret pc=0x000001ed285615d4 method=com.google.common.collect.RegularImmutableMap.get(Ljava/lang/Object;[Lcom/google/common/collect/ImmutableMapEntry;I)Ljava/lang/Object; @ 5 c2
Event: 68.091 Thread 0x000001ed3f813800 DEOPT PACKING pc=0x000001ed285615d4 sp=0x000000c1a7cfdc00
Event: 68.091 Thread 0x000001ed3f813800 DEOPT UNPACKING pc=0x000001ed2045a1af sp=0x000000c1a7cfdb28 mode 2
Event: 68.092 Thread 0x000001ed3f813800 Uncommon trap: trap_request=0xffffff4d fr.pc=0x000001ed28562198 relative=0x0000000000000598
Event: 68.092 Thread 0x000001ed3f813800 Uncommon trap: reason=unstable_if action=reinterpret pc=0x000001ed28562198 method=com.google.common.collect.RegularImmutableMap.get(Ljava/lang/Object;[Lcom/google/common/collect/ImmutableMapEntry;I)Ljava/lang/Object; @ 5 c2
Event: 68.092 Thread 0x000001ed3f813800 DEOPT PACKING pc=0x000001ed28562198 sp=0x000000c1a7cfdb70
Event: 68.092 Thread 0x000001ed3f813800 DEOPT UNPACKING pc=0x000001ed2045a1af sp=0x000000c1a7cfdb18 mode 2
Event: 68.946 Thread 0x000001ed3f814000 Uncommon trap: trap_request=0xffffffc6 fr.pc=0x000001ed283b60c0 relative=0x0000000000000960
Event: 68.946 Thread 0x000001ed3f814000 Uncommon trap: reason=bimorphic_or_optimized_type_check action=maybe_recompile pc=0x000001ed283b60c0 method=java.util.HashMap.removeNode(ILjava/lang/Object;Ljava/lang/Object;ZZ)Ljava/util/HashMap$Node; @ 283 c2
Event: 68.946 Thread 0x000001ed3f814000 DEOPT PACKING pc=0x000001ed283b60c0 sp=0x000000c1a79fb3e0
Event: 68.946 Thread 0x000001ed3f814000 DEOPT UNPACKING pc=0x000001ed2045a1af sp=0x000000c1a79fb368 mode 2
Event: 69.041 Thread 0x000001ed3f814000 Uncommon trap: trap_request=0xffffff4d fr.pc=0x000001ed2850a114 relative=0x00000000000051d4
Event: 69.041 Thread 0x000001ed3f814000 Uncommon trap: reason=unstable_if action=reinterpret pc=0x000001ed2850a114 method=org.gradle.api.internal.attributes.DefaultCompatibilityRuleChain.execute(Lorg/gradle/api/internal/attributes/CompatibilityCheckResult;)V @ 42 c2
Event: 69.041 Thread 0x000001ed3f814000 DEOPT PACKING pc=0x000001ed2850a114 sp=0x000000c1a79fb600
Event: 69.041 Thread 0x000001ed3f814000 DEOPT UNPACKING pc=0x000001ed2045a1af sp=0x000000c1a79fb3f0 mode 2

Classes redefined (0 events):
No events

Internal exceptions (20 events):
Event: 28.775 Thread 0x000001ed39546800 Exception <a 'java/lang/NoSuchMethodError'{0x000000008868e380}: 'int java.lang.invoke.DirectMethodHandle$Holder.invokeSpecial(java.lang.Object, java.lang.Object, java.lang.Object, java.lang.Object, java.lang.Object)'> (0x000000008868e380) thrown at [./src/hotspot/share/interpreter/linkResolver.cpp, line 773]
Event: 31.431 Thread 0x000001ed3f815000 Exception <a 'java/lang/NoSuchMethodError'{0x000000008a8b1548}: <clinit>> (0x000000008a8b1548) thrown at [./src/hotspot/share/prims/jni.cpp, line 1365]
Event: 31.431 Thread 0x000001ed3f815000 Exception <a 'java/lang/NoSuchMethodError'{0x000000008a8b2b38}: <clinit>> (0x000000008a8b2b38) thrown at [./src/hotspot/share/prims/jni.cpp, line 1365]
Event: 31.431 Thread 0x000001ed3f815000 Exception <a 'java/lang/NoSuchMethodError'{0x000000008a8b5738}: <clinit>> (0x000000008a8b5738) thrown at [./src/hotspot/share/prims/jni.cpp, line 1365]
Event: 31.432 Thread 0x000001ed3f815000 Exception <a 'java/lang/NoSuchMethodError'{0x000000008a8cc608}: <clinit>> (0x000000008a8cc608) thrown at [./src/hotspot/share/prims/jni.cpp, line 1365]
Event: 31.432 Thread 0x000001ed3f815000 Exception <a 'java/lang/NoSuchMethodError'{0x000000008a8cd840}: <clinit>> (0x000000008a8cd840) thrown at [./src/hotspot/share/prims/jni.cpp, line 1365]
Event: 32.138 Thread 0x000001ed3f815000 Implicit null exception at 0x000001ed284e25a4 to 0x000001ed284e28c4
Event: 32.245 Thread 0x000001ed3f815000 Exception <a 'java/lang/NoSuchMethodError'{0x00000000887fe740}: <clinit>> (0x00000000887fe740) thrown at [./src/hotspot/share/prims/jni.cpp, line 1365]
Event: 32.247 Thread 0x000001ed3f815000 Exception <a 'java/lang/NoSuchMethodError'{0x00000000886223d0}: <clinit>> (0x00000000886223d0) thrown at [./src/hotspot/share/prims/jni.cpp, line 1365]
Event: 32.248 Thread 0x000001ed3f815000 Exception <a 'java/lang/NoSuchMethodError'{0x0000000088634d98}: <clinit>> (0x0000000088634d98) thrown at [./src/hotspot/share/prims/jni.cpp, line 1365]
Event: 54.691 Thread 0x000001ed3f813800 Exception <a 'java/lang/NoSuchMethodError'{0x000000008800e640}: 'void java.lang.invoke.DirectMethodHandle$Holder.invokeStatic(java.lang.Object, long)'> (0x000000008800e640) thrown at [./src/hotspot/share/interpreter/linkResolver.cpp, line 773]
Event: 54.721 Thread 0x000001ed3f813800 Exception <a 'java/lang/NoSuchMethodError'{0x0000000088013858}: 'java.lang.Object java.lang.invoke.DirectMethodHandle$Holder.invokeStatic(java.lang.Object, long)'> (0x0000000088013858) thrown at [./src/hotspot/share/interpreter/linkResolver.cpp, line 773]
Event: 54.796 Thread 0x000001ed3f813800 Exception <a 'java/lang/NoSuchMethodError'{0x0000000088021bc0}: 'java.lang.Object java.lang.invoke.DirectMethodHandle$Holder.invokeStaticInit(java.lang.Object, java.lang.Object, long, java.lang.Object)'> (0x0000000088021bc0) thrown at [./src/hotspot/share/interpreter/linkResolver.cpp, line 773]
Event: 54.798 Thread 0x000001ed3f813800 Exception <a 'java/lang/NoSuchMethodError'{0x0000000088027d58}: 'java.lang.Object java.lang.invoke.DirectMethodHandle$Holder.invokeStatic(java.lang.Object, java.lang.Object, long)'> (0x0000000088027d58) thrown at [./src/hotspot/share/interpreter/linkResolver.cpp, line 773]
Event: 54.799 Thread 0x000001ed3f813800 Exception <a 'java/lang/NoSuchMethodError'{0x000000008802e2d0}: 'java.lang.Object java.lang.invoke.Invokers$Holder.linkToTargetMethod(java.lang.Object, long, java.lang.Object)'> (0x000000008802e2d0) thrown at [./src/hotspot/share/interpreter/linkResolver.cpp, line 773]
Event: 59.171 Thread 0x000001ed3f813800 Exception <a 'java/lang/NoSuchMethodError'{0x000000008ae36e70}: 'int java.lang.invoke.DirectMethodHandle$Holder.invokeSpecialIFC(java.lang.Object, java.lang.Object, java.lang.Object)'> (0x000000008ae36e70) thrown at [./src/hotspot/share/interpreter/linkResolver.cpp, line 773]
Event: 67.875 Thread 0x000001ed3f813800 Exception <a 'sun/nio/fs/WindowsException'{0x0000000093798fd8}> (0x0000000093798fd8) thrown at [./src/hotspot/share/prims/jni.cpp, line 615]
Event: 67.875 Thread 0x000001ed3f813800 Exception <a 'sun/nio/fs/WindowsException'{0x00000000937990c0}> (0x00000000937990c0) thrown at [./src/hotspot/share/prims/jni.cpp, line 615]
Event: 68.091 Thread 0x000001ed3f813800 Implicit null exception at 0x000001ed2856103b to 0x000001ed285615b8
Event: 68.092 Thread 0x000001ed3f813800 Implicit null exception at 0x000001ed28561c1e to 0x000001ed28562180

Events (20 events):
Event: 68.974 loading class org/gradle/util/internal/VersionNumber$AbstractScheme$Scanner
Event: 68.974 loading class org/gradle/util/internal/VersionNumber$AbstractScheme$Scanner done
Event: 68.975 loading class org/gradle/jvm/toolchain/internal/DefaultToolchainJavaCompiler
Event: 68.975 loading class org/gradle/jvm/toolchain/internal/DefaultToolchainJavaCompiler done
Event: 69.076 loading class org/gradle/api/internal/artifacts/transform/ImmutableConsumerVariantMatchResult
Event: 69.076 loading class org/gradle/api/internal/artifacts/transform/ImmutableConsumerVariantMatchResult done
Event: 69.108 loading class org/gradle/internal/Pair
Event: 69.108 loading class org/gradle/internal/Pair done
Event: 69.108 loading class org/gradle/internal/Pair
Event: 69.108 loading class org/gradle/internal/Pair done
Event: 69.111 Executing VM operation: RevokeBias
Event: 69.111 Executing VM operation: RevokeBias done
Event: 69.112 loading class org/gradle/api/internal/attributes/AttributeContainerInternal
Event: 69.112 loading class org/gradle/api/internal/attributes/AttributeContainerInternal done
Event: 69.112 loading class org/gradle/internal/Pair
Event: 69.112 loading class org/gradle/internal/Pair done
Event: 69.112 loading class org/gradle/api/internal/attributes/AttributeContainerInternal
Event: 69.112 loading class org/gradle/api/internal/attributes/AttributeContainerInternal done
Event: 69.134 Executing VM operation: G1CollectForAllocation
Event: 69.139 Executing VM operation: G1CollectForAllocation done


Dynamic libraries:
0x00007ff6c37f0000 - 0x00007ff6c37fa000 	C:\Program Files\Android\Android Studio\jre\bin\java.exe
0x00007ffb96d30000 - 0x00007ffb96f28000 	C:\WINDOWS\SYSTEM32\ntdll.dll
0x00007ffb96960000 - 0x00007ffb96a1d000 	C:\WINDOWS\System32\KERNEL32.DLL
0x00007ffb947b0000 - 0x00007ffb94a7e000 	C:\WINDOWS\System32\KERNELBASE.dll
0x00007ffb94480000 - 0x00007ffb94580000 	C:\WINDOWS\System32\ucrtbase.dll
0x00007ffb8b9c0000 - 0x00007ffb8b9d9000 	C:\Program Files\Android\Android Studio\jre\bin\jli.dll
0x00007ffb94d90000 - 0x00007ffb94f30000 	C:\WINDOWS\System32\USER32.dll
0x00007ffb94450000 - 0x00007ffb94472000 	C:\WINDOWS\System32\win32u.dll
0x00007ffb95770000 - 0x00007ffb9579a000 	C:\WINDOWS\System32\GDI32.dll
0x00007ffb94c80000 - 0x00007ffb94d8b000 	C:\WINDOWS\System32\gdi32full.dll
0x00007ffb8ac50000 - 0x00007ffb8aeea000 	C:\WINDOWS\WinSxS\amd64_microsoft.windows.common-controls_6595b64144ccf1df_6.0.19041.1110_none_60b5254171f9507e\COMCTL32.dll
0x00007ffb94580000 - 0x00007ffb9461d000 	C:\WINDOWS\System32\msvcp_win.dll
0x00007ffb96610000 - 0x00007ffb966ae000 	C:\WINDOWS\System32\msvcrt.dll
0x00007ffb8a8b0000 - 0x00007ffb8a8c7000 	C:\Program Files\Android\Android Studio\jre\bin\VCRUNTIME140.dll
0x00007ffb96530000 - 0x00007ffb96560000 	C:\WINDOWS\System32\IMM32.DLL
0x00007ffb80d80000 - 0x00007ffb80e1d000 	C:\Program Files\Android\Android Studio\jre\bin\msvcp140.dll
0x00007ffb4abe0000 - 0x00007ffb4b6c5000 	C:\Program Files\Android\Android Studio\jre\bin\server\jvm.dll
0x00007ffb96af0000 - 0x00007ffb96b9e000 	C:\WINDOWS\System32\ADVAPI32.dll
0x00007ffb96ba0000 - 0x00007ffb96c3c000 	C:\WINDOWS\System32\sechost.dll
0x00007ffb962e0000 - 0x00007ffb96405000 	C:\WINDOWS\System32\RPCRT4.dll
0x00007ffb94f30000 - 0x00007ffb94f38000 	C:\WINDOWS\System32\PSAPI.DLL
0x00007ffb8dc00000 - 0x00007ffb8dc27000 	C:\WINDOWS\SYSTEM32\WINMM.dll
0x00007ffb91d20000 - 0x00007ffb91d29000 	C:\WINDOWS\SYSTEM32\WSOCK32.dll
0x00007ffb96180000 - 0x00007ffb961eb000 	C:\WINDOWS\System32\WS2_32.dll
0x00007ffb8be50000 - 0x00007ffb8be5a000 	C:\WINDOWS\SYSTEM32\VERSION.dll
0x00007ffb92360000 - 0x00007ffb92372000 	C:\WINDOWS\SYSTEM32\kernel.appcore.dll
0x00007ffb8c810000 - 0x00007ffb8c821000 	C:\Program Files\Android\Android Studio\jre\bin\verify.dll
0x00007ffb8e680000 - 0x00007ffb8e864000 	C:\WINDOWS\SYSTEM32\DBGHELP.DLL
0x00007ffb86e50000 - 0x00007ffb86e7c000 	C:\WINDOWS\SYSTEM32\dbgcore.DLL
0x00007ffb94670000 - 0x00007ffb946f2000 	C:\WINDOWS\System32\bcryptPrimitives.dll
0x00007ffb8c7c0000 - 0x00007ffb8c7e9000 	C:\Program Files\Android\Android Studio\jre\bin\java.dll
0x00007ffb8f630000 - 0x00007ffb8f63b000 	C:\Program Files\Android\Android Studio\jre\bin\jimage.dll
0x00007ffb8c7a0000 - 0x00007ffb8c7b8000 	C:\Program Files\Android\Android Studio\jre\bin\zip.dll
0x00007ffb95950000 - 0x00007ffb96093000 	C:\WINDOWS\System32\SHELL32.dll
0x00007ffb92560000 - 0x00007ffb92cf5000 	C:\WINDOWS\SYSTEM32\windows.storage.dll
0x00007ffb95410000 - 0x00007ffb95764000 	C:\WINDOWS\System32\combase.dll
0x00007ffb93de0000 - 0x00007ffb93e10000 	C:\WINDOWS\SYSTEM32\Wldp.dll
0x00007ffb96c40000 - 0x00007ffb96ced000 	C:\WINDOWS\System32\SHCORE.dll
0x00007ffb961f0000 - 0x00007ffb96245000 	C:\WINDOWS\System32\shlwapi.dll
0x00007ffb94390000 - 0x00007ffb943af000 	C:\WINDOWS\SYSTEM32\profapi.dll
0x00007ffb8c780000 - 0x00007ffb8c79a000 	C:\Program Files\Android\Android Studio\jre\bin\net.dll
0x00007ffb8d710000 - 0x00007ffb8d81a000 	C:\WINDOWS\SYSTEM32\WINHTTP.dll
0x00007ffb93b40000 - 0x00007ffb93baa000 	C:\WINDOWS\system32\mswsock.dll
0x00007ffb8c6c0000 - 0x00007ffb8c6d4000 	C:\Program Files\Android\Android Studio\jre\bin\nio.dll
0x00007ffb8bb80000 - 0x00007ffb8bba7000 	C:\Users\user\.gradle\native\e1d6ef7f7dcc3fd88c89a11ec53ec762bb8ba0a96d01ffa2cd45eb1d1d8dd5c5\windows-amd64\native-platform.dll
0x00007ffb4c010000 - 0x00007ffb4c154000 	C:\Users\user\.gradle\native\5664cfc778a61ccfe75a443a1ab52a65af34e5dc3c78e0209fed803814484fcb\windows-amd64\native-platform-file-events.dll
0x00007ffb8f450000 - 0x00007ffb8f45a000 	C:\Program Files\Android\Android Studio\jre\bin\management.dll
0x00007ffb8c800000 - 0x00007ffb8c80d000 	C:\Program Files\Android\Android Studio\jre\bin\management_ext.dll
0x00007ffb93d40000 - 0x00007ffb93d58000 	C:\WINDOWS\SYSTEM32\CRYPTSP.dll
0x00007ffb934c0000 - 0x00007ffb934f4000 	C:\WINDOWS\system32\rsaenh.dll
0x00007ffb94be0000 - 0x00007ffb94c07000 	C:\WINDOWS\System32\bcrypt.dll
0x00007ffb94350000 - 0x00007ffb9437e000 	C:\WINDOWS\SYSTEM32\USERENV.dll
0x00007ffb93d30000 - 0x00007ffb93d3c000 	C:\WINDOWS\SYSTEM32\CRYPTBASE.dll
0x00007ffb93830000 - 0x00007ffb9386b000 	C:\WINDOWS\SYSTEM32\IPHLPAPI.DLL
0x00007ffb96410000 - 0x00007ffb96418000 	C:\WINDOWS\System32\NSI.dll
0x00007ffb8e660000 - 0x00007ffb8e677000 	C:\WINDOWS\SYSTEM32\dhcpcsvc6.DLL
0x00007ffb8e640000 - 0x00007ffb8e65d000 	C:\WINDOWS\SYSTEM32\dhcpcsvc.DLL
0x00007ffb93870000 - 0x00007ffb9393a000 	C:\WINDOWS\SYSTEM32\DNSAPI.dll

dbghelp: loaded successfully - version: 4.0.5 - missing functions: none
symbol engine: initialized successfully - sym options: 0x614 - pdb path: .;C:\Program Files\Android\Android Studio\jre\bin;C:\WINDOWS\SYSTEM32;C:\WINDOWS\WinSxS\amd64_microsoft.windows.common-controls_6595b64144ccf1df_6.0.19041.1110_none_60b5254171f9507e;C:\Program Files\Android\Android Studio\jre\bin\server;C:\Users\user\.gradle\native\e1d6ef7f7dcc3fd88c89a11ec53ec762bb8ba0a96d01ffa2cd45eb1d1d8dd5c5\windows-amd64;C:\Users\user\.gradle\native\5664cfc778a61ccfe75a443a1ab52a65af34e5dc3c78e0209fed803814484fcb\windows-amd64

VM Arguments:
jvm_args: --add-opens=java.base/java.util=ALL-UNNAMED --add-opens=java.base/java.lang=ALL-UNNAMED --add-opens=java.base/java.lang.invoke=ALL-UNNAMED --add-opens=java.base/java.util=ALL-UNNAMED --add-opens=java.prefs/java.util.prefs=ALL-UNNAMED --add-opens=java.prefs/java.util.prefs=ALL-UNNAMED --add-opens=java.base/java.nio.charset=ALL-UNNAMED --add-opens=java.base/java.net=ALL-UNNAMED --add-opens=java.base/java.util.concurrent.atomic=ALL-UNNAMED -Xmx2048m -Dfile.encoding=UTF-8 -Duser.country=US -Duser.language=en -Duser.variant 
java_command: org.gradle.launcher.daemon.bootstrap.GradleDaemon 7.3.3
java_class_path (initial): C:\Users\user\.gradle\wrapper\dists\gradle-7.3.3-bin\6a41zxkdtcxs8rphpq6y0069z\gradle-7.3.3\lib\gradle-launcher-7.3.3.jar
Launcher Type: SUN_STANDARD

[Global flags]
     intx CICompilerCount                          = 3                                         {product} {ergonomic}
     uint ConcGCThreads                            = 1                                         {product} {ergonomic}
     uint G1ConcRefinementThreads                  = 4                                         {product} {ergonomic}
   size_t G1HeapRegionSize                         = 1048576                                   {product} {ergonomic}
    uintx GCDrainStackTargetSize                   = 64                                        {product} {ergonomic}
   size_t InitialHeapSize                          = 58720256                                  {product} {ergonomic}
   size_t MarkStackSize                            = 4194304                                   {product} {ergonomic}
   size_t MaxHeapSize                              = 2147483648                                {product} {command line}
   size_t MaxNewSize                               = 1287651328                                {product} {ergonomic}
   size_t MinHeapDeltaBytes                        = 1048576                                   {product} {ergonomic}
    uintx NonNMethodCodeHeapSize                   = 5830732                                {pd product} {ergonomic}
    uintx NonProfiledCodeHeapSize                  = 122913754                              {pd product} {ergonomic}
    uintx ProfiledCodeHeapSize                     = 122913754                              {pd product} {ergonomic}
    uintx ReservedCodeCacheSize                    = 251658240                              {pd product} {ergonomic}
     bool SegmentedCodeCache                       = true                                      {product} {ergonomic}
     bool UseCompressedClassPointers               = true                                 {lp64_product} {ergonomic}
     bool UseCompressedOops                        = true                                 {lp64_product} {ergonomic}
     bool UseG1GC                                  = true                                      {product} {ergonomic}
     bool UseLargePagesIndividualAllocation        = false                                  {pd product} {ergonomic}

Logging:
Log output configuration:
 #0: stdout all=warning uptime,level,tags
 #1: stderr all=off uptime,level,tags

Environment Variables:
CLASSPATH="C:\Program Files (x86)\MySQL\mysql-connector-java-8.0.27;.;";
PATH=C:\Program Files\Common Files\Oracle\Java\javapath;C:\Windows\System32\wbem;
USERNAME=user
OS=Windows_NT
PROCESSOR_IDENTIFIER=AMD64 Family 23 Model 24 Stepping 1, AuthenticAMD



---------------  S Y S T E M  ---------------

OS: Windows 10 , 64 bit Build 19041 (10.0.19041.1889)
OS uptime: 0 days 3:37 hours

CPU:total 4 (initial active 4) (4 cores per cpu, 1 threads per core) family 23 model 24 stepping 1 microcode 0x0, cmov, cx8, fxsr, mmx, sse, sse2, sse3, ssse3, sse4.1, sse4.2, popcnt, avx, avx2, aes, clmul, mmxext, 3dnowpref, lzcnt, sse4a, tsc, tscinvbit, tscinv, bmi1, bmi2, adx, sha, fma

Memory: 4k page, system-wide physical 3532M (225M free)
TotalPageFile size 13772M (AvailPageFile size 3M)
current process WorkingSet (physical memory assigned to process): 174M, peak: 375M
current process commit charge ("private bytes"): 607M, peak: 608M

vm_info: OpenJDK 64-Bit Server VM (11.0.12+7-b1504.28-7817840) for windows-amd64 JRE (11.0.12+7-b1504.28-7817840), built on Oct 13 2021 22:12:33 by "builder" with MS VC++ 14.0 (VS2015)

END.
