#
# There is insufficient memory for the Java Runtime Environment to continue.
# Native memory allocation (malloc) failed to allocate 1126736 bytes for Chunk::new
# Possible reasons:
#   The system is out of physical RAM or swap space
#   The process is running with CompressedOops enabled, and the Java Heap may be blocking the growth of the native heap
# Possible solutions:
#   Reduce memory load on the system
#   Increase physical memory or swap space
#   Check if swap backing store is full
#   Decrease Java heap size (-Xmx/-Xms)
#   Decrease number of Java threads
#   Decrease Java thread stack sizes (-Xss)
#   Set larger code cache with -XX:ReservedCodeCacheSize=
#   JVM is running with Unscaled Compressed Oops mode in which the Java heap is
#     placed in the first 4GB address space. The Java Heap base address is the
#     maximum limit for the native heap growth. Please use -XX:HeapBaseMinAddress
#     to set the Java Heap base and to place the Java Heap above 4GB virtual address.
# This output file may be truncated or incomplete.
#
#  Out of Memory Error (./src/hotspot/share/memory/arena.cpp:197), pid=8964, tid=6188
#
# JRE version: OpenJDK Runtime Environment (11.0.12+7) (build 11.0.12+7-b1504.28-7817840)
# Java VM: OpenJDK 64-Bit Server VM (11.0.12+7-b1504.28-7817840, mixed mode, tiered, compressed oops, g1 gc, windows-amd64)
# No core dump will be written. Minidumps are not enabled by default on client versions of Windows
#

---------------  S U M M A R Y ------------

Command Line: --add-opens=java.base/java.util=ALL-UNNAMED --add-opens=java.base/java.lang=ALL-UNNAMED --add-opens=java.base/java.lang.invoke=ALL-UNNAMED --add-opens=java.base/java.util=ALL-UNNAMED --add-opens=java.prefs/java.util.prefs=ALL-UNNAMED --add-opens=java.prefs/java.util.prefs=ALL-UNNAMED --add-opens=java.base/java.nio.charset=ALL-UNNAMED --add-opens=java.base/java.net=ALL-UNNAMED --add-opens=java.base/java.util.concurrent.atomic=ALL-UNNAMED -Xmx2048m -Dfile.encoding=UTF-8 -Duser.country=US -Duser.language=en -Duser.variant org.gradle.launcher.daemon.bootstrap.GradleDaemon 7.3.3

Host: AMD Ryzen 3 3200G with Radeon Vega Graphics    , 4 cores, 3G,  Windows 10 , 64 bit Build 19041 (10.0.19041.1889)
Time: Wed Aug 31 17:52:44 2022 Bangladesh Standard Time elapsed time: 9.908234 seconds (0d 0h 0m 9s)

---------------  T H R E A D  ---------------

Current thread (0x000001a27f4c7000):  JavaThread "C2 CompilerThread1" daemon [_thread_in_native, id=6188, stack(0x0000000d00600000,0x0000000d00700000)]


Current CompileTask:
C2:   9908 6258 %     4       org.gradle.internal.instantiation.generator.AbstractClassGenerator::inspectType @ 207 (560 bytes)

Stack: [0x0000000d00600000,0x0000000d00700000]
Native frames: (J=compiled Java code, j=interpreted, Vv=VM code, C=native code)
V  [jvm.dll+0x5fbcea]
V  [jvm.dll+0x731905]
V  [jvm.dll+0x732f1d]
V  [jvm.dll+0x7335d3]
V  [jvm.dll+0x247bf8]
V  [jvm.dll+0xc018c]
V  [jvm.dll+0xc06cc]
V  [jvm.dll+0x35b31d]
V  [jvm.dll+0x19cebc]
V  [jvm.dll+0x20070e]
V  [jvm.dll+0x1ff794]
V  [jvm.dll+0x18868c]
V  [jvm.dll+0x20e0d7]
V  [jvm.dll+0x20c901]
V  [jvm.dll+0x6f9b7f]
V  [jvm.dll+0x6f26a5]
V  [jvm.dll+0x5fabf6]
C  [ucrtbase.dll+0x21bb2]
C  [KERNEL32.DLL+0x17034]
C  [ntdll.dll+0x526a1]


---------------  P R O C E S S  ---------------

Threads class SMR info:
_java_thread_list=0x000001a2009f6bf0, length=79, elements={
0x000001a26000b000, 0x000001a27ab56000, 0x000001a27ab57800, 0x000001a27abb2800,
0x000001a27abb4000, 0x000001a27abb6800, 0x000001a27abba000, 0x000001a27abc2000,
0x000001a27abc3800, 0x000001a27ae41800, 0x000001a27cc60800, 0x000001a27c141800,
0x000001a27d117000, 0x000001a27c3c2800, 0x000001a27c3c3800, 0x000001a27d4d5000,
0x000001a27bc3d000, 0x000001a27d16f800, 0x000001a27d405800, 0x000001a27d456800,
0x000001a27d45a800, 0x000001a27d459000, 0x000001a27d45b800, 0x000001a27d459800,
0x000001a27d45c000, 0x000001a27d45d000, 0x000001a27d457800, 0x000001a27d458000,
0x000001a200141000, 0x000001a200142000, 0x000001a200143800, 0x000001a200140800,
0x000001a200147000, 0x000001a200144800, 0x000001a200149800, 0x000001a200147800,
0x000001a20014b000, 0x000001a200145000, 0x000001a20014c000, 0x000001a200146000,
0x000001a20014d800, 0x000001a20014e000, 0x000001a20014c800, 0x000001a20014f000,
0x000001a27c024800, 0x000001a27c020800, 0x000001a27c023000, 0x000001a27c020000,
0x000001a27c021800, 0x000001a27c022800, 0x000001a27c01f000, 0x000001a27c029800,
0x000001a27c025800, 0x000001a27c027000, 0x000001a27c026800, 0x000001a27c028000,
0x000001a27c029000, 0x000001a27c024000, 0x000001a27c02a800, 0x000001a27c02b800,
0x000001a27c02c000, 0x000001a27c02d000, 0x000001a27c02d800, 0x000001a27bc4a000,
0x000001a27bc48800, 0x000001a27bc4a800, 0x000001a27bc4e000, 0x000001a27bc4f000,
0x000001a27bc4b800, 0x000001a27bc4c800, 0x000001a27bc49000, 0x000001a27bc53000,
0x000001a27bc52000, 0x000001a27bc4f800, 0x000001a27bc50800, 0x000001a27bc4d000,
0x000001a27bc51000, 0x000001a27f4c7000, 0x000001a27bc53800
}

Java Threads: ( => current thread )
  0x000001a26000b000 JavaThread "main" [_thread_blocked, id=3488, stack(0x0000000d7ae00000,0x0000000d7af00000)]
  0x000001a27ab56000 JavaThread "Reference Handler" daemon [_thread_blocked, id=4000, stack(0x0000000d7b500000,0x0000000d7b600000)]
  0x000001a27ab57800 JavaThread "Finalizer" daemon [_thread_blocked, id=8872, stack(0x0000000d7b600000,0x0000000d7b700000)]
  0x000001a27abb2800 JavaThread "Signal Dispatcher" daemon [_thread_blocked, id=5104, stack(0x0000000d7b700000,0x0000000d7b800000)]
  0x000001a27abb4000 JavaThread "Attach Listener" daemon [_thread_blocked, id=7480, stack(0x0000000d7b800000,0x0000000d7b900000)]
  0x000001a27abb6800 JavaThread "Service Thread" daemon [_thread_blocked, id=3308, stack(0x0000000d7b900000,0x0000000d7ba00000)]
  0x000001a27abba000 JavaThread "C2 CompilerThread0" daemon [_thread_in_native, id=8720, stack(0x0000000d7ba00000,0x0000000d7bb00000)]
  0x000001a27abc2000 JavaThread "C1 CompilerThread0" daemon [_thread_in_native, id=8392, stack(0x0000000d7bb00000,0x0000000d7bc00000)]
  0x000001a27abc3800 JavaThread "Sweeper thread" daemon [_thread_blocked, id=5448, stack(0x0000000d7bc00000,0x0000000d7bd00000)]
  0x000001a27ae41800 JavaThread "Common-Cleaner" daemon [_thread_blocked, id=6300, stack(0x0000000d7bd00000,0x0000000d7be00000)]
  0x000001a27cc60800 JavaThread "Daemon health stats" [_thread_blocked, id=3272, stack(0x0000000d7c100000,0x0000000d7c200000)]
  0x000001a27c141800 JavaThread "Incoming local TCP Connector on port 54338" [_thread_in_native, id=1852, stack(0x0000000d7c200000,0x0000000d7c300000)]
  0x000001a27d117000 JavaThread "Daemon periodic checks" [_thread_blocked, id=9320, stack(0x0000000d7c300000,0x0000000d7c400000)]
  0x000001a27c3c2800 JavaThread "Daemon" [_thread_blocked, id=9800, stack(0x0000000d7c400000,0x0000000d7c500000)]
  0x000001a27c3c3800 JavaThread "Handler for socket connection from /127.0.0.1:54338 to /127.0.0.1:54339" [_thread_in_native, id=4416, stack(0x0000000d7c500000,0x0000000d7c600000)]
  0x000001a27d4d5000 JavaThread "Cancel handler" [_thread_blocked, id=3648, stack(0x0000000d7c600000,0x0000000d7c700000)]
  0x000001a27bc3d000 JavaThread "Daemon worker" [_thread_in_Java, id=3808, stack(0x0000000d7c700000,0x0000000d7c800000)]
  0x000001a27d16f800 JavaThread "Asynchronous log dispatcher for DefaultDaemonConnection: socket connection from /127.0.0.1:54338 to /127.0.0.1:54339" [_thread_blocked, id=9060, stack(0x0000000d7ca00000,0x0000000d7cb00000)]
  0x000001a27d405800 JavaThread "Stdin handler" [_thread_blocked, id=9356, stack(0x0000000d7cb00000,0x0000000d7cc00000)]
  0x000001a27d456800 JavaThread "Daemon client event forwarder" [_thread_blocked, id=8100, stack(0x0000000d7cc00000,0x0000000d7cd00000)]
  0x000001a27d45a800 JavaThread "Cache worker for journal cache (C:\Users\user\.gradle\caches\journal-1)" [_thread_blocked, id=4764, stack(0x0000000d7cd00000,0x0000000d7ce00000)]
  0x000001a27d459000 JavaThread "File lock request listener" [_thread_in_native, id=1108, stack(0x0000000d7ce00000,0x0000000d7cf00000)]
  0x000001a27d45b800 JavaThread "Cache worker for file hash cache (C:\Users\user\.gradle\caches\7.3.3\fileHashes)" [_thread_blocked, id=3416, stack(0x0000000d7cf00000,0x0000000d7d000000)]
  0x000001a27d459800 JavaThread "Cache worker for file hash cache (C:\Users\user\AndroidStudioProjects\TaxCalculator\.gradle\7.3.3\fileHashes)" [_thread_blocked, id=9720, stack(0x0000000d7d000000,0x0000000d7d100000)]
  0x000001a27d45c000 JavaThread "File watcher server" daemon [_thread_in_native, id=564, stack(0x0000000d7d100000,0x0000000d7d200000)]
  0x000001a27d45d000 JavaThread "File watcher consumer" daemon [_thread_blocked, id=1996, stack(0x0000000d7d200000,0x0000000d7d300000)]
  0x000001a27d457800 JavaThread "Cache worker for checksums cache (C:\Users\user\AndroidStudioProjects\TaxCalculator\.gradle\7.3.3\checksums)" [_thread_blocked, id=6212, stack(0x0000000d7d300000,0x0000000d7d400000)]
  0x000001a27d458000 JavaThread "Cache worker for cache directory md-supplier (C:\Users\user\.gradle\caches\7.3.3\md-supplier)" [_thread_blocked, id=7748, stack(0x0000000d7d400000,0x0000000d7d500000)]
  0x000001a200141000 JavaThread "Cache worker for cache directory md-rule (C:\Users\user\.gradle\caches\7.3.3\md-rule)" [_thread_blocked, id=1860, stack(0x0000000d7d500000,0x0000000d7d600000)]
  0x000001a200142000 JavaThread "Cache worker for execution history cache (C:\Users\user\.gradle\caches\7.3.3\executionHistory)" [_thread_blocked, id=6468, stack(0x0000000d7d600000,0x0000000d7d700000)]
  0x000001a200143800 JavaThread "jar transforms" [_thread_blocked, id=9184, stack(0x0000000d7d700000,0x0000000d7d800000)]
  0x000001a200140800 JavaThread "jar transforms Thread 2" [_thread_blocked, id=5548, stack(0x0000000d7d800000,0x0000000d7d900000)]
  0x000001a200147000 JavaThread "Cache worker for file content cache (C:\Users\user\.gradle\caches\7.3.3\fileContent)" [_thread_blocked, id=7356, stack(0x0000000d7d900000,0x0000000d7da00000)]
  0x000001a200144800 JavaThread "Cache worker for dependencies-accessors (C:\Users\user\AndroidStudioProjects\TaxCalculator\.gradle\7.3.3\dependencies-accessors)" [_thread_blocked, id=8956, stack(0x0000000d7da00000,0x0000000d7db00000)]
  0x000001a200149800 JavaThread "jar transforms Thread 3" [_thread_blocked, id=6860, stack(0x0000000d7db00000,0x0000000d7dc00000)]
  0x000001a200147800 JavaThread "Cache worker for Build Output Cleanup Cache (C:\Users\user\AndroidStudioProjects\TaxCalculator\.gradle\buildOutputCleanup)" [_thread_blocked, id=3764, stack(0x0000000d7dc00000,0x0000000d7dd00000)]
  0x000001a20014b000 JavaThread "Unconstrained build operations" [_thread_blocked, id=5828, stack(0x0000000d7dd00000,0x0000000d7de00000)]
  0x000001a200145000 JavaThread "Unconstrained build operations Thread 2" [_thread_blocked, id=5432, stack(0x0000000d7de00000,0x0000000d7df00000)]
  0x000001a20014c000 JavaThread "Unconstrained build operations Thread 3" [_thread_blocked, id=4620, stack(0x0000000d7df00000,0x0000000d7e000000)]
  0x000001a200146000 JavaThread "Unconstrained build operations Thread 4" [_thread_blocked, id=5492, stack(0x0000000d7e000000,0x0000000d7e100000)]
  0x000001a20014d800 JavaThread "Unconstrained build operations Thread 5" [_thread_blocked, id=5436, stack(0x0000000d7e100000,0x0000000d7e200000)]
  0x000001a20014e000 JavaThread "Unconstrained build operations Thread 6" [_thread_blocked, id=5996, stack(0x0000000d7e200000,0x0000000d7e300000)]
  0x000001a20014c800 JavaThread "Unconstrained build operations Thread 7" [_thread_blocked, id=6848, stack(0x0000000d7e300000,0x0000000d7e400000)]
  0x000001a20014f000 JavaThread "Unconstrained build operations Thread 8" [_thread_blocked, id=9464, stack(0x0000000d7e400000,0x0000000d7e500000)]
  0x000001a27c024800 JavaThread "Unconstrained build operations Thread 9" [_thread_blocked, id=2032, stack(0x0000000d7e500000,0x0000000d7e600000)]
  0x000001a27c020800 JavaThread "Unconstrained build operations Thread 10" [_thread_blocked, id=7928, stack(0x0000000d7e600000,0x0000000d7e700000)]
  0x000001a27c023000 JavaThread "Unconstrained build operations Thread 11" [_thread_blocked, id=2672, stack(0x0000000d7e700000,0x0000000d7e800000)]
  0x000001a27c020000 JavaThread "Unconstrained build operations Thread 12" [_thread_blocked, id=5140, stack(0x0000000d7e800000,0x0000000d7e900000)]
  0x000001a27c021800 JavaThread "Unconstrained build operations Thread 13" [_thread_blocked, id=9736, stack(0x0000000d7e900000,0x0000000d7ea00000)]
  0x000001a27c022800 JavaThread "Unconstrained build operations Thread 14" [_thread_blocked, id=908, stack(0x0000000d7ea00000,0x0000000d7eb00000)]
  0x000001a27c01f000 JavaThread "Unconstrained build operations Thread 15" [_thread_blocked, id=6004, stack(0x0000000d7eb00000,0x0000000d7ec00000)]
  0x000001a27c029800 JavaThread "Unconstrained build operations Thread 16" [_thread_blocked, id=2304, stack(0x0000000d7ec00000,0x0000000d7ed00000)]
  0x000001a27c025800 JavaThread "Unconstrained build operations Thread 17" [_thread_blocked, id=5388, stack(0x0000000d7ed00000,0x0000000d7ee00000)]
  0x000001a27c027000 JavaThread "Unconstrained build operations Thread 18" [_thread_blocked, id=9668, stack(0x0000000d7ee00000,0x0000000d7ef00000)]
  0x000001a27c026800 JavaThread "Unconstrained build operations Thread 19" [_thread_blocked, id=3684, stack(0x0000000d7ef00000,0x0000000d7f000000)]
  0x000001a27c028000 JavaThread "Unconstrained build operations Thread 20" [_thread_blocked, id=5732, stack(0x0000000d7f000000,0x0000000d7f100000)]
  0x000001a27c029000 JavaThread "Unconstrained build operations Thread 21" [_thread_blocked, id=9820, stack(0x0000000d7f100000,0x0000000d7f200000)]
  0x000001a27c024000 JavaThread "Unconstrained build operations Thread 22" [_thread_blocked, id=1112, stack(0x0000000d7f200000,0x0000000d7f300000)]
  0x000001a27c02a800 JavaThread "Unconstrained build operations Thread 23" [_thread_blocked, id=4908, stack(0x0000000d7f300000,0x0000000d7f400000)]
  0x000001a27c02b800 JavaThread "Unconstrained build operations Thread 24" [_thread_blocked, id=820, stack(0x0000000d7f400000,0x0000000d7f500000)]
  0x000001a27c02c000 JavaThread "Unconstrained build operations Thread 25" [_thread_blocked, id=5648, stack(0x0000000d7f500000,0x0000000d7f600000)]
  0x000001a27c02d000 JavaThread "Unconstrained build operations Thread 26" [_thread_blocked, id=5656, stack(0x0000000d7f600000,0x0000000d7f700000)]
  0x000001a27c02d800 JavaThread "Unconstrained build operations Thread 27" [_thread_blocked, id=3640, stack(0x0000000d7f700000,0x0000000d7f800000)]
  0x000001a27bc4a000 JavaThread "Unconstrained build operations Thread 28" [_thread_blocked, id=8072, stack(0x0000000d7f800000,0x0000000d7f900000)]
  0x000001a27bc48800 JavaThread "Unconstrained build operations Thread 29" [_thread_blocked, id=8188, stack(0x0000000d7f900000,0x0000000d7fa00000)]
  0x000001a27bc4a800 JavaThread "Unconstrained build operations Thread 30" [_thread_blocked, id=6812, stack(0x0000000d7fa00000,0x0000000d7fb00000)]
  0x000001a27bc4e000 JavaThread "Unconstrained build operations Thread 31" [_thread_blocked, id=8816, stack(0x0000000d7fb00000,0x0000000d7fc00000)]
  0x000001a27bc4f000 JavaThread "Unconstrained build operations Thread 32" [_thread_blocked, id=8420, stack(0x0000000d7fc00000,0x0000000d7fd00000)]
  0x000001a27bc4b800 JavaThread "Unconstrained build operations Thread 33" [_thread_blocked, id=4632, stack(0x0000000d7fd00000,0x0000000d7fe00000)]
  0x000001a27bc4c800 JavaThread "Unconstrained build operations Thread 34" [_thread_blocked, id=3504, stack(0x0000000d7fe00000,0x0000000d7ff00000)]
  0x000001a27bc49000 JavaThread "Unconstrained build operations Thread 35" [_thread_blocked, id=9004, stack(0x0000000d7ff00000,0x0000000d80000000)]
  0x000001a27bc53000 JavaThread "Unconstrained build operations Thread 36" [_thread_blocked, id=2232, stack(0x0000000d00000000,0x0000000d00100000)]
  0x000001a27bc52000 JavaThread "Unconstrained build operations Thread 37" [_thread_blocked, id=5576, stack(0x0000000d00100000,0x0000000d00200000)]
  0x000001a27bc4f800 JavaThread "Unconstrained build operations Thread 38" [_thread_blocked, id=1068, stack(0x0000000d00200000,0x0000000d00300000)]
  0x000001a27bc50800 JavaThread "Unconstrained build operations Thread 39" [_thread_blocked, id=2964, stack(0x0000000d00300000,0x0000000d00400000)]
  0x000001a27bc4d000 JavaThread "Unconstrained build operations Thread 40" [_thread_blocked, id=8128, stack(0x0000000d00400000,0x0000000d00500000)]
  0x000001a27bc51000 JavaThread "jar transforms Thread 4" [_thread_blocked, id=3132, stack(0x0000000d00500000,0x0000000d00600000)]
=>0x000001a27f4c7000 JavaThread "C2 CompilerThread1" daemon [_thread_in_native, id=6188, stack(0x0000000d00600000,0x0000000d00700000)]
  0x000001a27bc53800 JavaThread "Memory manager" [_thread_blocked, id=1728, stack(0x0000000d00700000,0x0000000d00800000)]

Other Threads:
  0x000001a27ab4f000 VMThread "VM Thread" [stack: 0x0000000d7b400000,0x0000000d7b500000] [id=7884]
  0x000001a27ae46800 WatcherThread [stack: 0x0000000d7be00000,0x0000000d7bf00000] [id=8412]
  0x000001a260024800 GCTaskThread "GC Thread#0" [stack: 0x0000000d7af00000,0x0000000d7b000000] [id=3556]
  0x000001a27b635800 GCTaskThread "GC Thread#1" [stack: 0x0000000d7c000000,0x0000000d7c100000] [id=10072]
  0x000001a27cd01800 GCTaskThread "GC Thread#2" [stack: 0x0000000d7c800000,0x0000000d7c900000] [id=5936]
  0x000001a27cd02000 GCTaskThread "GC Thread#3" [stack: 0x0000000d7c900000,0x0000000d7ca00000] [id=6756]
  0x000001a260054000 ConcurrentGCThread "G1 Main Marker" [stack: 0x0000000d7b000000,0x0000000d7b100000] [id=7700]
  0x000001a260056800 ConcurrentGCThread "G1 Conc#0" [stack: 0x0000000d7b100000,0x0000000d7b200000] [id=8524]
  0x000001a26009c800 ConcurrentGCThread "G1 Refine#0" [stack: 0x0000000d7b200000,0x0000000d7b300000] [id=8216]
  0x000001a26009d800 ConcurrentGCThread "G1 Young RemSet Sampling" [stack: 0x0000000d7b300000,0x0000000d7b400000] [id=5900]

Threads with active compile tasks:
C2 CompilerThread0   9924 6829       4       java.util.Hashtable$Enumerator::hasMoreElements (53 bytes)
C2 CompilerThread1   9924 6258 %     4       org.gradle.internal.instantiation.generator.AbstractClassGenerator::inspectType @ 207 (560 bytes)

VM state:not at safepoint (normal execution)

VM Mutex/Monitor currently owned by a thread: None

Heap address: 0x0000000080000000, size: 2048 MB, Compressed Oops mode: 32-bit
Narrow klass base: 0x0000000000000000, Narrow klass shift: 3
Compressed class space size: 1073741824 Address: 0x0000000100000000

Heap:
 garbage-first heap   total 121856K, used 91776K [0x0000000080000000, 0x0000000100000000)
  region size 1024K, 41 young (41984K), 6 survivors (6144K)
 Metaspace       used 70982K, capacity 72652K, committed 72832K, reserved 1112064K
  class space    used 9238K, capacity 9844K, committed 9856K, reserved 1048576K
Heap Regions: E=young(eden), S=young(survivor), O=old, HS=humongous(starts), HC=humongous(continues), CS=collection set, F=free, A=archive, TAMS=top-at-mark-start (previous, next)
|   0|0x0000000080000000, 0x0000000080100000, 0x0000000080100000|100%| O|  |TAMS 0x0000000080100000, 0x0000000080000000| Untracked 
|   1|0x0000000080100000, 0x0000000080200000, 0x0000000080200000|100%| O|  |TAMS 0x0000000080200000, 0x0000000080100000| Untracked 
|   2|0x0000000080200000, 0x0000000080300000, 0x0000000080300000|100%| O|  |TAMS 0x0000000080300000, 0x0000000080200000| Untracked 
|   3|0x0000000080300000, 0x0000000080400000, 0x0000000080400000|100%|HS|  |TAMS 0x0000000080400000, 0x0000000080300000| Complete 
|   4|0x0000000080400000, 0x0000000080500000, 0x0000000080500000|100%|HC|  |TAMS 0x0000000080500000, 0x0000000080400000| Complete 
|   5|0x0000000080500000, 0x0000000080600000, 0x0000000080600000|100%|HC|  |TAMS 0x0000000080600000, 0x0000000080500000| Complete 
|   6|0x0000000080600000, 0x0000000080700000, 0x0000000080700000|100%| O|  |TAMS 0x0000000080700000, 0x0000000080600000| Untracked 
|   7|0x0000000080700000, 0x0000000080800000, 0x0000000080800000|100%| O|  |TAMS 0x0000000080800000, 0x0000000080700000| Untracked 
|   8|0x0000000080800000, 0x0000000080900000, 0x0000000080900000|100%| O|  |TAMS 0x0000000080900000, 0x0000000080800000| Untracked 
|   9|0x0000000080900000, 0x0000000080a00000, 0x0000000080a00000|100%| O|  |TAMS 0x0000000080a00000, 0x0000000080900000| Untracked 
|  10|0x0000000080a00000, 0x0000000080b00000, 0x0000000080b00000|100%| O|  |TAMS 0x0000000080b00000, 0x0000000080a00000| Untracked 
|  11|0x0000000080b00000, 0x0000000080c00000, 0x0000000080c00000|100%| O|  |TAMS 0x0000000080c00000, 0x0000000080b00000| Untracked 
|  12|0x0000000080c00000, 0x0000000080d00000, 0x0000000080d00000|100%| O|  |TAMS 0x0000000080d00000, 0x0000000080c00000| Untracked 
|  13|0x0000000080d00000, 0x0000000080e00000, 0x0000000080e00000|100%| O|  |TAMS 0x0000000080e00000, 0x0000000080d00000| Untracked 
|  14|0x0000000080e00000, 0x0000000080f00000, 0x0000000080f00000|100%| O|  |TAMS 0x0000000080f00000, 0x0000000080e00000| Untracked 
|  15|0x0000000080f00000, 0x0000000081000000, 0x0000000081000000|100%| O|  |TAMS 0x0000000081000000, 0x0000000080f00000| Untracked 
|  16|0x0000000081000000, 0x0000000081100000, 0x0000000081100000|100%| O|  |TAMS 0x0000000081100000, 0x0000000081000000| Untracked 
|  17|0x0000000081100000, 0x0000000081200000, 0x0000000081200000|100%| O|  |TAMS 0x0000000081200000, 0x0000000081100000| Untracked 
|  18|0x0000000081200000, 0x0000000081300000, 0x0000000081300000|100%| O|  |TAMS 0x0000000081300000, 0x0000000081200000| Untracked 
|  19|0x0000000081300000, 0x0000000081400000, 0x0000000081400000|100%| O|  |TAMS 0x0000000081400000, 0x0000000081300000| Untracked 
|  20|0x0000000081400000, 0x0000000081500000, 0x0000000081500000|100%| O|  |TAMS 0x0000000081500000, 0x0000000081400000| Untracked 
|  21|0x0000000081500000, 0x0000000081600000, 0x0000000081600000|100%| O|  |TAMS 0x0000000081600000, 0x0000000081500000| Untracked 
|  22|0x0000000081600000, 0x0000000081700000, 0x0000000081700000|100%| O|  |TAMS 0x0000000081700000, 0x0000000081600000| Untracked 
|  23|0x0000000081700000, 0x0000000081800000, 0x0000000081800000|100%| O|  |TAMS 0x0000000081800000, 0x0000000081700000| Untracked 
|  24|0x0000000081800000, 0x0000000081900000, 0x0000000081900000|100%| O|  |TAMS 0x0000000081900000, 0x0000000081800000| Untracked 
|  25|0x0000000081900000, 0x0000000081a00000, 0x0000000081a00000|100%| O|  |TAMS 0x0000000081a00000, 0x0000000081900000| Untracked 
|  26|0x0000000081a00000, 0x0000000081b00000, 0x0000000081b00000|100%| O|  |TAMS 0x0000000081b00000, 0x0000000081a00000| Untracked 
|  27|0x0000000081b00000, 0x0000000081c00000, 0x0000000081c00000|100%| O|  |TAMS 0x0000000081c00000, 0x0000000081b00000| Untracked 
|  28|0x0000000081c00000, 0x0000000081d00000, 0x0000000081d00000|100%| O|  |TAMS 0x0000000081d00000, 0x0000000081c00000| Untracked 
|  29|0x0000000081d00000, 0x0000000081e00000, 0x0000000081e00000|100%|HS|  |TAMS 0x0000000081e00000, 0x0000000081d00000| Complete 
|  30|0x0000000081e00000, 0x0000000081f00000, 0x0000000081f00000|100%|HS|  |TAMS 0x0000000081f00000, 0x0000000081e00000| Complete 
|  31|0x0000000081f00000, 0x0000000082000000, 0x0000000082000000|100%|HS|  |TAMS 0x0000000082000000, 0x0000000081f00000| Complete 
|  32|0x0000000082000000, 0x0000000082100000, 0x0000000082100000|100%|HC|  |TAMS 0x0000000082100000, 0x0000000082000000| Complete 
|  33|0x0000000082100000, 0x0000000082200000, 0x0000000082200000|100%| O|  |TAMS 0x0000000082200000, 0x0000000082100000| Untracked 
|  34|0x0000000082200000, 0x0000000082300000, 0x0000000082300000|100%| O|  |TAMS 0x0000000082300000, 0x0000000082200000| Untracked 
|  35|0x0000000082300000, 0x0000000082400000, 0x0000000082400000|100%| O|  |TAMS 0x0000000082400000, 0x0000000082300000| Untracked 
|  36|0x0000000082400000, 0x0000000082500000, 0x0000000082500000|100%| O|  |TAMS 0x0000000082500000, 0x0000000082400000| Untracked 
|  37|0x0000000082500000, 0x0000000082600000, 0x0000000082600000|100%| O|  |TAMS 0x0000000082600000, 0x0000000082500000| Untracked 
|  38|0x0000000082600000, 0x0000000082700000, 0x0000000082700000|100%| O|  |TAMS 0x0000000082700000, 0x0000000082600000| Untracked 
|  39|0x0000000082700000, 0x0000000082800000, 0x0000000082800000|100%| O|  |TAMS 0x0000000082800000, 0x0000000082700000| Untracked 
|  40|0x0000000082800000, 0x0000000082900000, 0x0000000082900000|100%| O|  |TAMS 0x0000000082900000, 0x0000000082800000| Untracked 
|  41|0x0000000082900000, 0x0000000082a00000, 0x0000000082a00000|100%| O|  |TAMS 0x0000000082a00000, 0x0000000082900000| Untracked 
|  42|0x0000000082a00000, 0x0000000082b00000, 0x0000000082b00000|100%| O|  |TAMS 0x0000000082b00000, 0x0000000082a00000| Untracked 
|  43|0x0000000082b00000, 0x0000000082c00000, 0x0000000082c00000|100%| O|  |TAMS 0x0000000082c00000, 0x0000000082b00000| Untracked 
|  44|0x0000000082c00000, 0x0000000082d00000, 0x0000000082d00000|100%| O|  |TAMS 0x0000000082c34400, 0x0000000082c00000| Untracked 
|  45|0x0000000082d00000, 0x0000000082d00000, 0x0000000082e00000|  0%| F|  |TAMS 0x0000000082d00000, 0x0000000082d00000| Untracked 
|  46|0x0000000082e00000, 0x0000000082f00000, 0x0000000082f00000|100%| O|  |TAMS 0x0000000082e00000, 0x0000000082e00000| Untracked 
|  47|0x0000000082f00000, 0x0000000083000000, 0x0000000083000000|100%| O|  |TAMS 0x0000000082f00000, 0x0000000082f00000| Untracked 
|  48|0x0000000083000000, 0x0000000083100000, 0x0000000083100000|100%| O|  |TAMS 0x0000000083000000, 0x0000000083000000| Untracked 
|  49|0x0000000083100000, 0x0000000083200000, 0x0000000083200000|100%| O|  |TAMS 0x0000000083100000, 0x0000000083100000| Untracked 
|  50|0x0000000083200000, 0x00000000832c8e00, 0x0000000083300000| 78%| O|  |TAMS 0x0000000083200000, 0x0000000083200000| Untracked 
|  51|0x0000000083300000, 0x0000000083300000, 0x0000000083400000|  0%| F|  |TAMS 0x0000000083300000, 0x0000000083300000| Untracked 
|  52|0x0000000083400000, 0x0000000083400000, 0x0000000083500000|  0%| F|  |TAMS 0x0000000083400000, 0x0000000083400000| Untracked 
|  53|0x0000000083500000, 0x0000000083500000, 0x0000000083600000|  0%| F|  |TAMS 0x0000000083500000, 0x0000000083500000| Untracked 
|  54|0x0000000083600000, 0x0000000083600000, 0x0000000083700000|  0%| F|  |TAMS 0x0000000083600000, 0x0000000083600000| Untracked 
|  55|0x0000000083700000, 0x0000000083700000, 0x0000000083800000|  0%| F|  |TAMS 0x0000000083700000, 0x0000000083700000| Untracked 
|  56|0x0000000083800000, 0x0000000083800000, 0x0000000083900000|  0%| F|  |TAMS 0x0000000083800000, 0x0000000083800000| Untracked 
|  57|0x0000000083900000, 0x0000000083900000, 0x0000000083a00000|  0%| F|  |TAMS 0x0000000083900000, 0x0000000083900000| Untracked 
|  58|0x0000000083a00000, 0x0000000083a00000, 0x0000000083b00000|  0%| F|  |TAMS 0x0000000083a00000, 0x0000000083a00000| Untracked 
|  59|0x0000000083b00000, 0x0000000083b00000, 0x0000000083c00000|  0%| F|  |TAMS 0x0000000083b00000, 0x0000000083b00000| Untracked 
|  60|0x0000000083c00000, 0x0000000083c00000, 0x0000000083d00000|  0%| F|  |TAMS 0x0000000083c00000, 0x0000000083c00000| Untracked 
|  61|0x0000000083d00000, 0x0000000083d00000, 0x0000000083e00000|  0%| F|  |TAMS 0x0000000083d00000, 0x0000000083d00000| Untracked 
|  62|0x0000000083e00000, 0x0000000083e00000, 0x0000000083f00000|  0%| F|  |TAMS 0x0000000083e00000, 0x0000000083e00000| Untracked 
|  63|0x0000000083f00000, 0x0000000083f00000, 0x0000000084000000|  0%| F|  |TAMS 0x0000000083f00000, 0x0000000083f00000| Untracked 
|  64|0x0000000084000000, 0x0000000084000000, 0x0000000084100000|  0%| F|  |TAMS 0x0000000084000000, 0x0000000084000000| Untracked 
|  65|0x0000000084100000, 0x0000000084100000, 0x0000000084200000|  0%| F|  |TAMS 0x0000000084100000, 0x0000000084100000| Untracked 
|  66|0x0000000084200000, 0x0000000084200000, 0x0000000084300000|  0%| F|  |TAMS 0x0000000084200000, 0x0000000084200000| Untracked 
|  67|0x0000000084300000, 0x0000000084300000, 0x0000000084400000|  0%| F|  |TAMS 0x0000000084300000, 0x0000000084300000| Untracked 
|  68|0x0000000084400000, 0x0000000084400000, 0x0000000084500000|  0%| F|  |TAMS 0x0000000084400000, 0x0000000084400000| Untracked 
|  69|0x0000000084500000, 0x0000000084500000, 0x0000000084600000|  0%| F|  |TAMS 0x0000000084500000, 0x0000000084500000| Untracked 
|  70|0x0000000084600000, 0x0000000084600000, 0x0000000084700000|  0%| F|  |TAMS 0x0000000084600000, 0x0000000084600000| Untracked 
|  71|0x0000000084700000, 0x0000000084700000, 0x0000000084800000|  0%| F|  |TAMS 0x0000000084700000, 0x0000000084700000| Untracked 
|  72|0x0000000084800000, 0x0000000084800000, 0x0000000084900000|  0%| F|  |TAMS 0x0000000084800000, 0x0000000084800000| Untracked 
|  73|0x0000000084900000, 0x00000000849d75b0, 0x0000000084a00000| 84%| S|CS|TAMS 0x0000000084900000, 0x0000000084900000| Complete 
|  74|0x0000000084a00000, 0x0000000084b00000, 0x0000000084b00000|100%| S|CS|TAMS 0x0000000084a00000, 0x0000000084a00000| Complete 
|  75|0x0000000084b00000, 0x0000000084c00000, 0x0000000084c00000|100%| S|CS|TAMS 0x0000000084b00000, 0x0000000084b00000| Complete 
|  76|0x0000000084c00000, 0x0000000084d00000, 0x0000000084d00000|100%| S|CS|TAMS 0x0000000084c00000, 0x0000000084c00000| Complete 
|  77|0x0000000084d00000, 0x0000000084e00000, 0x0000000084e00000|100%| S|CS|TAMS 0x0000000084d00000, 0x0000000084d00000| Complete 
|  78|0x0000000084e00000, 0x0000000084f00000, 0x0000000084f00000|100%| S|CS|TAMS 0x0000000084e00000, 0x0000000084e00000| Complete 
|  79|0x0000000084f00000, 0x0000000084f00000, 0x0000000085000000|  0%| F|  |TAMS 0x0000000084f00000, 0x0000000084f00000| Untracked 
|  80|0x0000000085000000, 0x0000000085000000, 0x0000000085100000|  0%| F|  |TAMS 0x0000000085000000, 0x0000000085000000| Untracked 
|  81|0x0000000085100000, 0x0000000085100000, 0x0000000085200000|  0%| F|  |TAMS 0x0000000085100000, 0x0000000085100000| Untracked 
|  82|0x0000000085200000, 0x0000000085200000, 0x0000000085300000|  0%| F|  |TAMS 0x0000000085200000, 0x0000000085200000| Untracked 
|  83|0x0000000085300000, 0x0000000085300000, 0x0000000085400000|  0%| F|  |TAMS 0x0000000085300000, 0x0000000085300000| Untracked 
|  84|0x0000000085400000, 0x0000000085500000, 0x0000000085500000|100%| E|  |TAMS 0x0000000085400000, 0x0000000085400000| Complete 
|  85|0x0000000085500000, 0x0000000085600000, 0x0000000085600000|100%| E|CS|TAMS 0x0000000085500000, 0x0000000085500000| Complete 
|  86|0x0000000085600000, 0x0000000085700000, 0x0000000085700000|100%| E|CS|TAMS 0x0000000085600000, 0x0000000085600000| Complete 
|  87|0x0000000085700000, 0x0000000085800000, 0x0000000085800000|100%| E|CS|TAMS 0x0000000085700000, 0x0000000085700000| Complete 
|  88|0x0000000085800000, 0x0000000085900000, 0x0000000085900000|100%| E|CS|TAMS 0x0000000085800000, 0x0000000085800000| Complete 
|  89|0x0000000085900000, 0x0000000085a00000, 0x0000000085a00000|100%| E|CS|TAMS 0x0000000085900000, 0x0000000085900000| Complete 
|  90|0x0000000085a00000, 0x0000000085b00000, 0x0000000085b00000|100%| E|CS|TAMS 0x0000000085a00000, 0x0000000085a00000| Complete 
|  91|0x0000000085b00000, 0x0000000085c00000, 0x0000000085c00000|100%| E|CS|TAMS 0x0000000085b00000, 0x0000000085b00000| Complete 
|  92|0x0000000085c00000, 0x0000000085d00000, 0x0000000085d00000|100%| E|CS|TAMS 0x0000000085c00000, 0x0000000085c00000| Complete 
|  93|0x0000000085d00000, 0x0000000085e00000, 0x0000000085e00000|100%| E|CS|TAMS 0x0000000085d00000, 0x0000000085d00000| Complete 
|  94|0x0000000085e00000, 0x0000000085f00000, 0x0000000085f00000|100%| E|CS|TAMS 0x0000000085e00000, 0x0000000085e00000| Complete 
|  95|0x0000000085f00000, 0x0000000086000000, 0x0000000086000000|100%| E|CS|TAMS 0x0000000085f00000, 0x0000000085f00000| Complete 
|  96|0x0000000086000000, 0x0000000086100000, 0x0000000086100000|100%| E|CS|TAMS 0x0000000086000000, 0x0000000086000000| Complete 
|  97|0x0000000086100000, 0x0000000086200000, 0x0000000086200000|100%| E|CS|TAMS 0x0000000086100000, 0x0000000086100000| Complete 
|  98|0x0000000086200000, 0x0000000086300000, 0x0000000086300000|100%| E|CS|TAMS 0x0000000086200000, 0x0000000086200000| Complete 
|  99|0x0000000086300000, 0x0000000086400000, 0x0000000086400000|100%| E|CS|TAMS 0x0000000086300000, 0x0000000086300000| Complete 
| 100|0x0000000086400000, 0x0000000086500000, 0x0000000086500000|100%| E|CS|TAMS 0x0000000086400000, 0x0000000086400000| Complete 
| 101|0x0000000086500000, 0x0000000086600000, 0x0000000086600000|100%| E|CS|TAMS 0x0000000086500000, 0x0000000086500000| Complete 
| 102|0x0000000086600000, 0x0000000086700000, 0x0000000086700000|100%| E|CS|TAMS 0x0000000086600000, 0x0000000086600000| Complete 
| 103|0x0000000086700000, 0x0000000086800000, 0x0000000086800000|100%| E|CS|TAMS 0x0000000086700000, 0x0000000086700000| Complete 
| 104|0x0000000086800000, 0x0000000086900000, 0x0000000086900000|100%| E|CS|TAMS 0x0000000086800000, 0x0000000086800000| Complete 
| 105|0x0000000086900000, 0x0000000086a00000, 0x0000000086a00000|100%| E|CS|TAMS 0x0000000086900000, 0x0000000086900000| Complete 
| 106|0x0000000086a00000, 0x0000000086b00000, 0x0000000086b00000|100%| E|CS|TAMS 0x0000000086a00000, 0x0000000086a00000| Complete 
| 107|0x0000000086b00000, 0x0000000086c00000, 0x0000000086c00000|100%| E|CS|TAMS 0x0000000086b00000, 0x0000000086b00000| Complete 
| 108|0x0000000086c00000, 0x0000000086d00000, 0x0000000086d00000|100%| E|CS|TAMS 0x0000000086c00000, 0x0000000086c00000| Complete 
| 109|0x0000000086d00000, 0x0000000086e00000, 0x0000000086e00000|100%| E|CS|TAMS 0x0000000086d00000, 0x0000000086d00000| Complete 
| 110|0x0000000086e00000, 0x0000000086f00000, 0x0000000086f00000|100%| E|CS|TAMS 0x0000000086e00000, 0x0000000086e00000| Complete 
| 111|0x0000000086f00000, 0x0000000087000000, 0x0000000087000000|100%| E|CS|TAMS 0x0000000086f00000, 0x0000000086f00000| Complete 
| 112|0x0000000087000000, 0x0000000087100000, 0x0000000087100000|100%| E|CS|TAMS 0x0000000087000000, 0x0000000087000000| Complete 
| 113|0x0000000087100000, 0x0000000087200000, 0x0000000087200000|100%| E|CS|TAMS 0x0000000087100000, 0x0000000087100000| Complete 
| 114|0x0000000087200000, 0x0000000087300000, 0x0000000087300000|100%| E|CS|TAMS 0x0000000087200000, 0x0000000087200000| Complete 
| 115|0x0000000087300000, 0x0000000087400000, 0x0000000087400000|100%| E|CS|TAMS 0x0000000087300000, 0x0000000087300000| Complete 
| 116|0x0000000087400000, 0x0000000087500000, 0x0000000087500000|100%| E|CS|TAMS 0x0000000087400000, 0x0000000087400000| Complete 
| 117|0x0000000087500000, 0x0000000087600000, 0x0000000087600000|100%| E|CS|TAMS 0x0000000087500000, 0x0000000087500000| Complete 
| 118|0x0000000087600000, 0x0000000087700000, 0x0000000087700000|100%| E|CS|TAMS 0x0000000087600000, 0x0000000087600000| Complete 

Card table byte_map: [0x000001a273560000,0x000001a273960000] _byte_map_base: 0x000001a273160000

Marking Bits (Prev, Next): (CMBitMap*) 0x000001a26004b670, (CMBitMap*) 0x000001a26004b638
 Prev Bits: [0x000001a275d60000, 0x000001a277d60000)
 Next Bits: [0x000001a273d60000, 0x000001a275d60000)

Polling page: 0x000001a25e740000

Metaspace:

Usage:
  Non-class:     61.34 MB capacity,    60.30 MB ( 98%) used,   886.82 KB (  1%) free+waste,   173.38 KB ( <1%) overhead. 
      Class:      9.61 MB capacity,     9.02 MB ( 94%) used,   524.52 KB (  5%) free+waste,    80.75 KB ( <1%) overhead. 
       Both:     70.95 MB capacity,    69.33 MB ( 98%) used,     1.38 MB (  2%) free+waste,   254.13 KB ( <1%) overhead. 

Virtual space:
  Non-class space:       62.00 MB reserved,      61.50 MB (>99%) committed 
      Class space:        1.00 GB reserved,       9.63 MB ( <1%) committed 
             Both:        1.06 GB reserved,      71.13 MB (  7%) committed 

Chunk freelists:
   Non-Class:  38.00 KB
       Class:  11.00 KB
        Both:  49.00 KB

MaxMetaspaceSize: 17179869184.00 GB
CompressedClassSpaceSize: 1.00 GB
Initial GC threshold: 20.80 MB
Current GC threshold: 96.25 MB
CDS: off

CodeHeap 'non-profiled nmethods': size=120064Kb used=4139Kb max_used=4139Kb free=115924Kb
 bounds [0x000001a26b5f0000, 0x000001a26ba00000, 0x000001a272b30000]
CodeHeap 'profiled nmethods': size=120000Kb used=14421Kb max_used=14421Kb free=105578Kb
 bounds [0x000001a2640c0000, 0x000001a264ee0000, 0x000001a26b5f0000]
CodeHeap 'non-nmethods': size=5696Kb used=2354Kb max_used=2431Kb free=3342Kb
 bounds [0x000001a263b30000, 0x000001a263da0000, 0x000001a2640c0000]
 total_blobs=7681 nmethods=6819 adapters=774
 compilation: enabled
              stopped_count=0, restarted_count=0
 full_count=0

Compilation events (20 events):
Event: 9.872 Thread 0x000001a27abc2000 nmethod 6801 0x000001a26b9f5a10 code [0x000001a26b9f5bc0, 0x000001a26b9f5c58]
Event: 9.873 Thread 0x000001a27abc2000 6802       1       com.android.build.gradle.internal.publishing.AndroidArtifacts$ArtifactType::getType (5 bytes)
Event: 9.873 Thread 0x000001a27abc2000 nmethod 6802 0x000001a26b9f5d10 code [0x000001a26b9f5ec0, 0x000001a26b9f5f78]
Event: 9.883 Thread 0x000001a27abba000 6803       4       jdk.internal.reflect.ClassFileAssembler::cpi (22 bytes)
Event: 9.883 Thread 0x000001a27abc2000 6804       3       jdk.internal.reflect.ByteVectorImpl::put (27 bytes)
Event: 9.883 Thread 0x000001a27abc2000 nmethod 6804 0x000001a264ec0110 code [0x000001a264ec02e0, 0x000001a264ec04a8]
Event: 9.883 Thread 0x000001a27abba000 nmethod 6803 0x000001a26b9f6010 code [0x000001a26b9f61a0, 0x000001a26b9f6218]
Event: 9.890 Thread 0x000001a27abc2000 6805       3       org.gradle.api.internal.provider.Providers$FixedValueProvider::<init> (10 bytes)
Event: 9.890 Thread 0x000001a27abc2000 nmethod 6805 0x000001a264ec0610 code [0x000001a264ec07e0, 0x000001a264ec0a58]
Event: 9.891 Thread 0x000001a27abc2000 6806       3       java.lang.reflect.Method::getDeclaredAnnotations (5 bytes)
Event: 9.891 Thread 0x000001a27abba000 6807       4       java.lang.Enum::equals (11 bytes)
Event: 9.891 Thread 0x000001a27abc2000 nmethod 6806 0x000001a264ec0b90 code [0x000001a264ec0d80, 0x000001a264ec11e8]
Event: 9.891 Thread 0x000001a27abba000 nmethod 6807 0x000001a26b9f6310 code [0x000001a26b9f64a0, 0x000001a26b9f6518]
Event: 9.891 Thread 0x000001a27abba000 6808       4       org.objectweb.asm.Type::appendDescriptor (90 bytes)
Event: 9.900 Thread 0x000001a27abc2000 6811       2       sun.reflect.generics.tree.ClassTypeSignature::<init> (10 bytes)
Event: 9.900 Thread 0x000001a27abc2000 nmethod 6811 0x000001a264ec1390 code [0x000001a264ec1540, 0x000001a264ec1678]
Event: 9.900 Thread 0x000001a27abc2000 6812       3       org.gradle.internal.instantiation.generator.AbstractClassGenerator::access$1600 (6 bytes)
Event: 9.901 Thread 0x000001a27abc2000 nmethod 6812 0x000001a264ec1710 code [0x000001a264ec18c0, 0x000001a264ec19c8]
Event: 9.905 Thread 0x000001a27abc2000 6815       3       java.lang.invoke.MethodHandles$Lookup::checkUnprivilegedlookupClass (38 bytes)
Event: 9.905 Thread 0x000001a27abc2000 nmethod 6815 0x000001a264ec1a90 code [0x000001a264ec1d60, 0x000001a264ec28e8]

GC Heap History (20 events):
Event: 4.821 GC heap before
{Heap before GC invocations=15 (full 0):
 garbage-first heap   total 83968K, used 59037K [0x0000000080000000, 0x0000000100000000)
  region size 1024K, 34 young (34816K), 4 survivors (4096K)
 Metaspace       used 39906K, capacity 40831K, committed 41088K, reserved 1085440K
  class space    used 5084K, capacity 5429K, committed 5504K, reserved 1048576K
}
Event: 4.827 GC heap after
{Heap after GC invocations=16 (full 0):
 garbage-first heap   total 83968K, used 27927K [0x0000000080000000, 0x0000000100000000)
  region size 1024K, 5 young (5120K), 5 survivors (5120K)
 Metaspace       used 39906K, capacity 40831K, committed 41088K, reserved 1085440K
  class space    used 5084K, capacity 5429K, committed 5504K, reserved 1048576K
}
Event: 5.172 GC heap before
{Heap before GC invocations=16 (full 0):
 garbage-first heap   total 83968K, used 58647K [0x0000000080000000, 0x0000000100000000)
  region size 1024K, 35 young (35840K), 5 survivors (5120K)
 Metaspace       used 42342K, capacity 43358K, committed 43520K, reserved 1087488K
  class space    used 5463K, capacity 5817K, committed 5888K, reserved 1048576K
}
Event: 5.180 GC heap after
{Heap after GC invocations=17 (full 0):
 garbage-first heap   total 83968K, used 29115K [0x0000000080000000, 0x0000000100000000)
  region size 1024K, 4 young (4096K), 4 survivors (4096K)
 Metaspace       used 42342K, capacity 43358K, committed 43520K, reserved 1087488K
  class space    used 5463K, capacity 5817K, committed 5888K, reserved 1048576K
}
Event: 5.540 GC heap before
{Heap before GC invocations=17 (full 0):
 garbage-first heap   total 83968K, used 59835K [0x0000000080000000, 0x0000000100000000)
  region size 1024K, 34 young (34816K), 4 survivors (4096K)
 Metaspace       used 45163K, capacity 46389K, committed 46720K, reserved 1089536K
  class space    used 5797K, capacity 6189K, committed 6272K, reserved 1048576K
}
Event: 5.546 GC heap after
{Heap after GC invocations=18 (full 0):
 garbage-first heap   total 101376K, used 30687K [0x0000000080000000, 0x0000000100000000)
  region size 1024K, 3 young (3072K), 3 survivors (3072K)
 Metaspace       used 45163K, capacity 46389K, committed 46720K, reserved 1089536K
  class space    used 5797K, capacity 6189K, committed 6272K, reserved 1048576K
}
Event: 6.164 GC heap before
{Heap before GC invocations=18 (full 0):
 garbage-first heap   total 101376K, used 67551K [0x0000000080000000, 0x0000000100000000)
  region size 1024K, 39 young (39936K), 3 survivors (3072K)
 Metaspace       used 47684K, capacity 48921K, committed 49024K, reserved 1091584K
  class space    used 6111K, capacity 6520K, committed 6528K, reserved 1048576K
}
Event: 6.170 GC heap after
{Heap after GC invocations=19 (full 0):
 garbage-first heap   total 101376K, used 32945K [0x0000000080000000, 0x0000000100000000)
  region size 1024K, 4 young (4096K), 4 survivors (4096K)
 Metaspace       used 47684K, capacity 48921K, committed 49024K, reserved 1091584K
  class space    used 6111K, capacity 6520K, committed 6528K, reserved 1048576K
}
Event: 6.879 GC heap before
{Heap before GC invocations=19 (full 0):
 garbage-first heap   total 101376K, used 74929K [0x0000000080000000, 0x0000000100000000)
  region size 1024K, 42 young (43008K), 4 survivors (4096K)
 Metaspace       used 48644K, capacity 49958K, committed 50048K, reserved 1093632K
  class space    used 6223K, capacity 6710K, committed 6784K, reserved 1048576K
}
Event: 6.889 GC heap after
{Heap after GC invocations=20 (full 0):
 garbage-first heap   total 101376K, used 45133K [0x0000000080000000, 0x0000000100000000)
  region size 1024K, 6 young (6144K), 6 survivors (6144K)
 Metaspace       used 48644K, capacity 49958K, committed 50048K, reserved 1093632K
  class space    used 6223K, capacity 6710K, committed 6784K, reserved 1048576K
}
Event: 7.347 GC heap before
{Heap before GC invocations=20 (full 0):
 garbage-first heap   total 101376K, used 75853K [0x0000000080000000, 0x0000000100000000)
  region size 1024K, 36 young (36864K), 6 survivors (6144K)
 Metaspace       used 52438K, capacity 53913K, committed 54144K, reserved 1095680K
  class space    used 6704K, capacity 7185K, committed 7296K, reserved 1048576K
}
Event: 7.352 GC heap after
{Heap after GC invocations=21 (full 0):
 garbage-first heap   total 101376K, used 46588K [0x0000000080000000, 0x0000000100000000)
  region size 1024K, 2 young (2048K), 2 survivors (2048K)
 Metaspace       used 52438K, capacity 53913K, committed 54144K, reserved 1095680K
  class space    used 6704K, capacity 7185K, committed 7296K, reserved 1048576K
}
Event: 7.859 GC heap before
{Heap before GC invocations=21 (full 0):
 garbage-first heap   total 101376K, used 77308K [0x0000000080000000, 0x0000000100000000)
  region size 1024K, 32 young (32768K), 2 survivors (2048K)
 Metaspace       used 57144K, capacity 58699K, committed 58752K, reserved 1099776K
  class space    used 7259K, capacity 7775K, committed 7808K, reserved 1048576K
}
Event: 7.863 GC heap after
{Heap after GC invocations=22 (full 0):
 garbage-first heap   total 121856K, used 47718K [0x0000000080000000, 0x0000000100000000)
  region size 1024K, 3 young (3072K), 3 survivors (3072K)
 Metaspace       used 57144K, capacity 58699K, committed 58752K, reserved 1099776K
  class space    used 7259K, capacity 7775K, committed 7808K, reserved 1048576K
}
Event: 8.499 GC heap before
{Heap before GC invocations=23 (full 0):
 garbage-first heap   total 121856K, used 87654K [0x0000000080000000, 0x0000000100000000)
  region size 1024K, 43 young (44032K), 3 survivors (3072K)
 Metaspace       used 61992K, capacity 63577K, committed 63744K, reserved 1103872K
  class space    used 7883K, capacity 8441K, committed 8448K, reserved 1048576K
}
Event: 8.506 GC heap after
{Heap after GC invocations=24 (full 0):
 garbage-first heap   total 121856K, used 51314K [0x0000000080000000, 0x0000000100000000)
  region size 1024K, 6 young (6144K), 6 survivors (6144K)
 Metaspace       used 61992K, capacity 63577K, committed 63744K, reserved 1103872K
  class space    used 7883K, capacity 8441K, committed 8448K, reserved 1048576K
}
Event: 8.987 GC heap before
{Heap before GC invocations=24 (full 0):
 garbage-first heap   total 121856K, used 93298K [0x0000000080000000, 0x0000000100000000)
  region size 1024K, 46 young (47104K), 6 survivors (6144K)
 Metaspace       used 65080K, capacity 66742K, committed 66816K, reserved 1107968K
  class space    used 8296K, capacity 8886K, committed 8960K, reserved 1048576K
}
Event: 8.996 GC heap after
{Heap after GC invocations=25 (full 0):
 garbage-first heap   total 121856K, used 53747K [0x0000000080000000, 0x0000000100000000)
  region size 1024K, 3 young (3072K), 3 survivors (3072K)
 Metaspace       used 65080K, capacity 66742K, committed 66816K, reserved 1107968K
  class space    used 8296K, capacity 8886K, committed 8960K, reserved 1048576K
}
Event: 9.366 GC heap before
{Heap before GC invocations=25 (full 0):
 garbage-first heap   total 121856K, used 94707K [0x0000000080000000, 0x0000000100000000)
  region size 1024K, 43 young (44032K), 3 survivors (3072K)
 Metaspace       used 66729K, capacity 68462K, committed 68608K, reserved 1107968K
  class space    used 8527K, capacity 9118K, committed 9216K, reserved 1048576K
}
Event: 9.372 GC heap after
{Heap after GC invocations=26 (full 0):
 garbage-first heap   total 121856K, used 56960K [0x0000000080000000, 0x0000000100000000)
  region size 1024K, 6 young (6144K), 6 survivors (6144K)
 Metaspace       used 66729K, capacity 68462K, committed 68608K, reserved 1107968K
  class space    used 8527K, capacity 9118K, committed 9216K, reserved 1048576K
}

Deoptimization events (20 events):
Event: 9.017 Thread 0x000001a27bc3d000 DEOPT PACKING pc=0x000001a26b8c2918 sp=0x0000000d7c7f5b60
Event: 9.017 Thread 0x000001a27bc3d000 DEOPT UNPACKING pc=0x000001a263b7a1af sp=0x0000000d7c7f5b10 mode 2
Event: 9.120 Thread 0x000001a27bc3d000 Uncommon trap: trap_request=0xffffff4d fr.pc=0x000001a26b80c7d4 relative=0x0000000000005bd4
Event: 9.120 Thread 0x000001a27bc3d000 Uncommon trap: reason=unstable_if action=reinterpret pc=0x000001a26b80c7d4 method=org.codehaus.groovy.runtime.metaclass.MetaMethodIndex.isOverridden(Lgroovy/lang/MetaMethod;Lgroovy/lang/MetaMethod;)Z @ 33 c2
Event: 9.120 Thread 0x000001a27bc3d000 DEOPT PACKING pc=0x000001a26b80c7d4 sp=0x0000000d7c7f4970
Event: 9.120 Thread 0x000001a27bc3d000 DEOPT UNPACKING pc=0x000001a263b7a1af sp=0x0000000d7c7f4988 mode 2
Event: 9.329 Thread 0x000001a27bc3d000 DEOPT PACKING pc=0x000001a264df6bdd sp=0x0000000d7c7f8860
Event: 9.329 Thread 0x000001a27bc3d000 DEOPT UNPACKING pc=0x000001a263b7a95e sp=0x0000000d7c7f7d18 mode 0
Event: 9.647 Thread 0x000001a27bc3d000 Uncommon trap: trap_request=0xffffff4d fr.pc=0x000001a26b905f5c relative=0x000000000000167c
Event: 9.647 Thread 0x000001a27bc3d000 Uncommon trap: reason=unstable_if action=reinterpret pc=0x000001a26b905f5c method=java.util.concurrent.ConcurrentHashMap.putVal(Ljava/lang/Object;Ljava/lang/Object;Z)Ljava/lang/Object; @ 245 c2
Event: 9.647 Thread 0x000001a27bc3d000 DEOPT PACKING pc=0x000001a26b905f5c sp=0x0000000d7c7f8750
Event: 9.647 Thread 0x000001a27bc3d000 DEOPT UNPACKING pc=0x000001a263b7a1af sp=0x0000000d7c7f86d8 mode 2
Event: 9.795 Thread 0x000001a27bc3d000 Uncommon trap: trap_request=0xfffffff4 fr.pc=0x000001a26b9edc88 relative=0x0000000000000068
Event: 9.795 Thread 0x000001a27bc3d000 Uncommon trap: reason=null_check action=make_not_entrant pc=0x000001a26b9edc88 method=java.lang.Class.isAnnotation()Z @ 1 c2
Event: 9.795 Thread 0x000001a27bc3d000 DEOPT PACKING pc=0x000001a26b9edc88 sp=0x0000000d7c7f8e00
Event: 9.795 Thread 0x000001a27bc3d000 DEOPT UNPACKING pc=0x000001a263b7a1af sp=0x0000000d7c7f8d90 mode 2
Event: 9.849 Thread 0x000001a27bc3d000 Uncommon trap: trap_request=0xffffffde fr.pc=0x000001a26b981480 relative=0x0000000000000ee0
Event: 9.849 Thread 0x000001a27bc3d000 Uncommon trap: reason=class_check action=maybe_recompile pc=0x000001a26b981480 method=org.gradle.internal.instantiation.generator.AbstractClassGenerator$InjectionAnnotationValidator.validateMethod(Ljava/lang/reflect/Method;Lorg/gradle/internal/reflect/Pro
Event: 9.849 Thread 0x000001a27bc3d000 DEOPT PACKING pc=0x000001a26b981480 sp=0x0000000d7c7f8b00
Event: 9.849 Thread 0x000001a27bc3d000 DEOPT UNPACKING pc=0x000001a263b7a1af sp=0x0000000d7c7f8ab8 mode 2

Classes redefined (0 events):
No events

Internal exceptions (20 events):
Event: 9.122 Thread 0x000001a27bc3d000 Exception <a 'java/lang/ClassNotFoundException'{0x0000000085f58860}: com/android/build/gradle/internal/dsl/BuildType$AgpDecorated_DecoratedBeanInfo> (0x0000000085f58860) thrown at [./src/hotspot/share/classfile/systemDictionary.cpp, line 231]
Event: 9.123 Thread 0x000001a27bc3d000 Exception <a 'java/lang/ClassNotFoundException'{0x0000000085f74c58}: com/android/build/gradle/internal/dsl/BuildType$AgpDecoratedBeanInfo> (0x0000000085f74c58) thrown at [./src/hotspot/share/classfile/systemDictionary.cpp, line 231]
Event: 9.123 Thread 0x000001a27bc3d000 Exception <a 'java/lang/ClassNotFoundException'{0x0000000085f8f500}: com/android/build/gradle/internal/dsl/BuildTypeBeanInfo> (0x0000000085f8f500) thrown at [./src/hotspot/share/classfile/systemDictionary.cpp, line 231]
Event: 9.123 Thread 0x000001a27bc3d000 Exception <a 'java/lang/ClassNotFoundException'{0x0000000085fa96a0}: com/android/builder/core/AbstractBuildTypeBeanInfo> (0x0000000085fa96a0) thrown at [./src/hotspot/share/classfile/systemDictionary.cpp, line 231]
Event: 9.124 Thread 0x000001a27bc3d000 Exception <a 'java/lang/ClassNotFoundException'{0x0000000085fc3df8}: com/android/builder/core/AbstractBuildTypeCustomizer> (0x0000000085fc3df8) thrown at [./src/hotspot/share/classfile/systemDictionary.cpp, line 231]
Event: 9.125 Thread 0x000001a27bc3d000 Exception <a 'java/lang/ClassNotFoundException'{0x0000000085ffa438}: com/android/build/gradle/internal/dsl/BuildTypeCustomizer> (0x0000000085ffa438) thrown at [./src/hotspot/share/classfile/systemDictionary.cpp, line 231]
Event: 9.128 Thread 0x000001a27bc3d000 Exception <a 'java/lang/ClassNotFoundException'{0x0000000085e91700}: com/android/build/gradle/internal/dsl/BuildType$AgpDecoratedCustomizer> (0x0000000085e91700) thrown at [./src/hotspot/share/classfile/systemDictionary.cpp, line 231]
Event: 9.130 Thread 0x000001a27bc3d000 Exception <a 'java/lang/ClassNotFoundException'{0x0000000085ee2938}: com/android/build/gradle/internal/dsl/BuildType$AgpDecorated_DecoratedCustomizer> (0x0000000085ee2938) thrown at [./src/hotspot/share/classfile/systemDictionary.cpp, line 231]
Event: 9.135 Thread 0x000001a27bc3d000 Exception <a 'java/lang/ClassNotFoundException'{0x0000000085db1c38}: build_ee73xyodycwzu9gz3ctfma604$_run_closure1$_closure4BeanInfo> (0x0000000085db1c38) thrown at [./src/hotspot/share/classfile/systemDictionary.cpp, line 231]
Event: 9.135 Thread 0x000001a27bc3d000 Exception <a 'java/lang/ClassNotFoundException'{0x0000000085dc3060}: build_ee73xyodycwzu9gz3ctfma604$_run_closure1$_closure4Customizer> (0x0000000085dc3060) thrown at [./src/hotspot/share/classfile/systemDictionary.cpp, line 231]
Event: 9.138 Thread 0x000001a27bc3d000 Exception <a 'java/lang/ClassNotFoundException'{0x0000000085dec9b0}: build_ee73xyodycwzu9gz3ctfma604$_run_closure1BeanInfo> (0x0000000085dec9b0) thrown at [./src/hotspot/share/classfile/systemDictionary.cpp, line 231]
Event: 9.138 Thread 0x000001a27bc3d000 Exception <a 'java/lang/ClassNotFoundException'{0x0000000085dfd370}: build_ee73xyodycwzu9gz3ctfma604$_run_closure1Customizer> (0x0000000085dfd370) thrown at [./src/hotspot/share/classfile/systemDictionary.cpp, line 231]
Event: 9.143 Thread 0x000001a27bc3d000 Exception <a 'java/lang/ClassNotFoundException'{0x0000000085c5c790}: org/gradle/api/JavaVersionBeanInfo> (0x0000000085c5c790) thrown at [./src/hotspot/share/classfile/systemDictionary.cpp, line 231]
Event: 9.143 Thread 0x000001a27bc3d000 Exception <a 'java/lang/ClassNotFoundException'{0x0000000085c877c8}: org/gradle/api/JavaVersionCustomizer> (0x0000000085c877c8) thrown at [./src/hotspot/share/classfile/systemDictionary.cpp, line 231]
Event: 9.147 Thread 0x000001a27bc3d000 Exception <a 'java/lang/ClassNotFoundException'{0x0000000085cef148}: com/android/build/gradle/internal/CompileOptions$AgpDecorated_DecoratedBeanInfo> (0x0000000085cef148) thrown at [./src/hotspot/share/classfile/systemDictionary.cpp, line 231]
Event: 9.147 Thread 0x000001a27bc3d000 Exception <a 'java/lang/ClassNotFoundException'{0x0000000085b0b0f8}: com/android/build/gradle/internal/CompileOptions$AgpDecoratedBeanInfo> (0x0000000085b0b0f8) thrown at [./src/hotspot/share/classfile/systemDictionary.cpp, line 231]
Event: 9.147 Thread 0x000001a27bc3d000 Exception <a 'java/lang/ClassNotFoundException'{0x0000000085b24ca8}: com/android/build/gradle/internal/CompileOptionsBeanInfo> (0x0000000085b24ca8) thrown at [./src/hotspot/share/classfile/systemDictionary.cpp, line 231]
Event: 9.148 Thread 0x000001a27bc3d000 Exception <a 'java/lang/ClassNotFoundException'{0x0000000085b3ee48}: com/android/build/gradle/internal/CompileOptionsCustomizer> (0x0000000085b3ee48) thrown at [./src/hotspot/share/classfile/systemDictionary.cpp, line 231]
Event: 9.149 Thread 0x000001a27bc3d000 Exception <a 'java/lang/ClassNotFoundException'{0x0000000085b66500}: com/android/build/gradle/internal/CompileOptions$AgpDecoratedCustomizer> (0x0000000085b66500) thrown at [./src/hotspot/share/classfile/systemDictionary.cpp, line 231]
Event: 9.149 Thread 0x000001a27bc3d000 Exception <a 'java/lang/ClassNotFoundException'{0x0000000085b91360}: com/android/build/gradle/internal/CompileOptions$AgpDecorated_DecoratedCustomizer> (0x0000000085b91360) thrown at [./src/hotspot/share/classfile/systemDictionary.cpp, line 231]

Events (20 events):
Event: 9.894 loading class com/android/build/gradle/internal/ApiObjectFactory
Event: 9.894 loading class com/android/build/gradle/internal/ApiObjectFactory done
Event: 9.894 loading class com/android/build/gradle/internal/api/BaseVariantImpl
Event: 9.894 loading class com/android/build/gradle/internal/api/BaseVariantImpl done
Event: 9.895 loading class com/android/build/gradle/internal/api/TestVariantImpl
Event: 9.895 loading class com/android/build/gradle/internal/api/TestVariantImpl done
Event: 9.896 loading class com/android/build/gradle/internal/api/ApkVariantImpl
Event: 9.896 loading class com/android/build/gradle/internal/api/ApkVariantImpl done
Event: 9.896 loading class com/android/build/gradle/internal/api/InstallableVariantImpl
Event: 9.896 loading class com/android/build/gradle/internal/api/InstallableVariantImpl done
Event: 9.896 loading class com/android/build/gradle/internal/api/AndroidArtifactVariantImpl
Event: 9.896 loading class com/android/build/gradle/internal/api/AndroidArtifactVariantImpl done
Event: 9.896 loading class com/android/build/gradle/internal/api/ApplicationVariantImpl
Event: 9.896 loading class com/android/build/gradle/internal/api/ApplicationVariantImpl done
Event: 9.898 loading class com/android/build/api/variant/impl/DirectoryEntry
Event: 9.898 loading class com/android/build/api/variant/impl/DirectoryEntry done
Event: 9.899 loading class com/android/build/gradle/tasks/ExternalNativeBuildTask
Event: 9.899 loading class com/android/build/gradle/tasks/ExternalNativeBuildTask done
Event: 9.899 loading class com/android/build/gradle/internal/tasks/UnsafeOutputsTask
Event: 9.899 loading class com/android/build/gradle/internal/tasks/UnsafeOutputsTask done


Dynamic libraries:
0x00007ff6c37f0000 - 0x00007ff6c37fa000 	C:\Program Files\Android\Android Studio\jre\bin\java.exe
0x00007ffb96d30000 - 0x00007ffb96f28000 	C:\WINDOWS\SYSTEM32\ntdll.dll
0x00007ffb96960000 - 0x00007ffb96a1d000 	C:\WINDOWS\System32\KERNEL32.DLL
0x00007ffb947b0000 - 0x00007ffb94a7e000 	C:\WINDOWS\System32\KERNELBASE.dll
0x00007ffb94480000 - 0x00007ffb94580000 	C:\WINDOWS\System32\ucrtbase.dll
0x00007ffb8b9c0000 - 0x00007ffb8b9d7000 	C:\Program Files\Android\Android Studio\jre\bin\VCRUNTIME140.dll
0x00007ffb8a8b0000 - 0x00007ffb8a8c9000 	C:\Program Files\Android\Android Studio\jre\bin\jli.dll
0x00007ffb94d90000 - 0x00007ffb94f30000 	C:\WINDOWS\System32\USER32.dll
0x00007ffb94450000 - 0x00007ffb94472000 	C:\WINDOWS\System32\win32u.dll
0x00007ffb95770000 - 0x00007ffb9579a000 	C:\WINDOWS\System32\GDI32.dll
0x00007ffb94c80000 - 0x00007ffb94d8b000 	C:\WINDOWS\System32\gdi32full.dll
0x00007ffb94580000 - 0x00007ffb9461d000 	C:\WINDOWS\System32\msvcp_win.dll
0x00007ffb8ac50000 - 0x00007ffb8aeea000 	C:\WINDOWS\WinSxS\amd64_microsoft.windows.common-controls_6595b64144ccf1df_6.0.19041.1110_none_60b5254171f9507e\COMCTL32.dll
0x00007ffb96610000 - 0x00007ffb966ae000 	C:\WINDOWS\System32\msvcrt.dll
0x00007ffb96530000 - 0x00007ffb96560000 	C:\WINDOWS\System32\IMM32.DLL
0x00007ffb81e00000 - 0x00007ffb81e9d000 	C:\Program Files\Android\Android Studio\jre\bin\msvcp140.dll
0x00007ffb4abe0000 - 0x00007ffb4b6c5000 	C:\Program Files\Android\Android Studio\jre\bin\server\jvm.dll
0x00007ffb96af0000 - 0x00007ffb96b9e000 	C:\WINDOWS\System32\ADVAPI32.dll
0x00007ffb96ba0000 - 0x00007ffb96c3c000 	C:\WINDOWS\System32\sechost.dll
0x00007ffb962e0000 - 0x00007ffb96405000 	C:\WINDOWS\System32\RPCRT4.dll
0x00007ffb94f30000 - 0x00007ffb94f38000 	C:\WINDOWS\System32\PSAPI.DLL
0x00007ffb91d20000 - 0x00007ffb91d29000 	C:\WINDOWS\SYSTEM32\WSOCK32.dll
0x00007ffb96180000 - 0x00007ffb961eb000 	C:\WINDOWS\System32\WS2_32.dll
0x00007ffb8dc00000 - 0x00007ffb8dc27000 	C:\WINDOWS\SYSTEM32\WINMM.dll
0x00007ffb8be50000 - 0x00007ffb8be5a000 	C:\WINDOWS\SYSTEM32\VERSION.dll
0x00007ffb92360000 - 0x00007ffb92372000 	C:\WINDOWS\SYSTEM32\kernel.appcore.dll
0x00007ffb8c810000 - 0x00007ffb8c821000 	C:\Program Files\Android\Android Studio\jre\bin\verify.dll
0x00007ffb8e680000 - 0x00007ffb8e864000 	C:\WINDOWS\SYSTEM32\DBGHELP.DLL
0x00007ffb86e50000 - 0x00007ffb86e7c000 	C:\WINDOWS\SYSTEM32\dbgcore.DLL
0x00007ffb94670000 - 0x00007ffb946f2000 	C:\WINDOWS\System32\bcryptPrimitives.dll
0x00007ffb8c7c0000 - 0x00007ffb8c7e9000 	C:\Program Files\Android\Android Studio\jre\bin\java.dll
0x00007ffb8f630000 - 0x00007ffb8f63b000 	C:\Program Files\Android\Android Studio\jre\bin\jimage.dll
0x00007ffb8c7a0000 - 0x00007ffb8c7b8000 	C:\Program Files\Android\Android Studio\jre\bin\zip.dll
0x00007ffb95950000 - 0x00007ffb96093000 	C:\WINDOWS\System32\SHELL32.dll
0x00007ffb92560000 - 0x00007ffb92cf5000 	C:\WINDOWS\SYSTEM32\windows.storage.dll
0x00007ffb95410000 - 0x00007ffb95764000 	C:\WINDOWS\System32\combase.dll
0x00007ffb93de0000 - 0x00007ffb93e10000 	C:\WINDOWS\SYSTEM32\Wldp.dll
0x00007ffb96c40000 - 0x00007ffb96ced000 	C:\WINDOWS\System32\SHCORE.dll
0x00007ffb961f0000 - 0x00007ffb96245000 	C:\WINDOWS\System32\shlwapi.dll
0x00007ffb94390000 - 0x00007ffb943af000 	C:\WINDOWS\SYSTEM32\profapi.dll
0x00007ffb8c780000 - 0x00007ffb8c79a000 	C:\Program Files\Android\Android Studio\jre\bin\net.dll
0x00007ffb8d710000 - 0x00007ffb8d81a000 	C:\WINDOWS\SYSTEM32\WINHTTP.dll
0x00007ffb93b40000 - 0x00007ffb93baa000 	C:\WINDOWS\system32\mswsock.dll
0x00007ffb8c6c0000 - 0x00007ffb8c6d4000 	C:\Program Files\Android\Android Studio\jre\bin\nio.dll
0x00007ffb8bb80000 - 0x00007ffb8bba7000 	C:\Users\user\.gradle\native\e1d6ef7f7dcc3fd88c89a11ec53ec762bb8ba0a96d01ffa2cd45eb1d1d8dd5c5\windows-amd64\native-platform.dll
0x00007ffb77520000 - 0x00007ffb77664000 	C:\Users\user\.gradle\native\5664cfc778a61ccfe75a443a1ab52a65af34e5dc3c78e0209fed803814484fcb\windows-amd64\native-platform-file-events.dll
0x00007ffb8f450000 - 0x00007ffb8f45a000 	C:\Program Files\Android\Android Studio\jre\bin\management.dll
0x00007ffb8c800000 - 0x00007ffb8c80d000 	C:\Program Files\Android\Android Studio\jre\bin\management_ext.dll
0x00007ffb93d40000 - 0x00007ffb93d58000 	C:\WINDOWS\SYSTEM32\CRYPTSP.dll
0x00007ffb934c0000 - 0x00007ffb934f4000 	C:\WINDOWS\system32\rsaenh.dll
0x00007ffb94be0000 - 0x00007ffb94c07000 	C:\WINDOWS\System32\bcrypt.dll
0x00007ffb94350000 - 0x00007ffb9437e000 	C:\WINDOWS\SYSTEM32\USERENV.dll
0x00007ffb93d30000 - 0x00007ffb93d3c000 	C:\WINDOWS\SYSTEM32\CRYPTBASE.dll
0x00007ffb93830000 - 0x00007ffb9386b000 	C:\WINDOWS\SYSTEM32\IPHLPAPI.DLL
0x00007ffb96410000 - 0x00007ffb96418000 	C:\WINDOWS\System32\NSI.dll
0x00007ffb8e660000 - 0x00007ffb8e677000 	C:\WINDOWS\SYSTEM32\dhcpcsvc6.DLL
0x00007ffb8e640000 - 0x00007ffb8e65d000 	C:\WINDOWS\SYSTEM32\dhcpcsvc.DLL
0x00007ffb93870000 - 0x00007ffb9393a000 	C:\WINDOWS\SYSTEM32\DNSAPI.dll

dbghelp: loaded successfully - version: 4.0.5 - missing functions: none
symbol engine: initialized successfully - sym options: 0x614 - pdb path: .;C:\Program Files\Android\Android Studio\jre\bin;C:\WINDOWS\SYSTEM32;C:\WINDOWS\WinSxS\amd64_microsoft.windows.common-controls_6595b64144ccf1df_6.0.19041.1110_none_60b5254171f9507e;C:\Program Files\Android\Android Studio\jre\bin\server;C:\Users\user\.gradle\native\e1d6ef7f7dcc3fd88c89a11ec53ec762bb8ba0a96d01ffa2cd45eb1d1d8dd5c5\windows-amd64;C:\Users\user\.gradle\native\5664cfc778a61ccfe75a443a1ab52a65af34e5dc3c78e0209fed803814484fcb\windows-amd64

VM Arguments:
jvm_args: --add-opens=java.base/java.util=ALL-UNNAMED --add-opens=java.base/java.lang=ALL-UNNAMED --add-opens=java.base/java.lang.invoke=ALL-UNNAMED --add-opens=java.base/java.util=ALL-UNNAMED --add-opens=java.prefs/java.util.prefs=ALL-UNNAMED --add-opens=java.prefs/java.util.prefs=ALL-UNNAMED --add-opens=java.base/java.nio.charset=ALL-UNNAMED --add-opens=java.base/java.net=ALL-UNNAMED --add-opens=java.base/java.util.concurrent.atomic=ALL-UNNAMED -Xmx2048m -Dfile.encoding=UTF-8 -Duser.country=US -Duser.language=en -Duser.variant 
java_command: org.gradle.launcher.daemon.bootstrap.GradleDaemon 7.3.3
java_class_path (initial): C:\Users\user\.gradle\wrapper\dists\gradle-7.3.3-bin\6a41zxkdtcxs8rphpq6y0069z\gradle-7.3.3\lib\gradle-launcher-7.3.3.jar
Launcher Type: SUN_STANDARD

[Global flags]
     intx CICompilerCount                          = 3                                         {product} {ergonomic}
     uint ConcGCThreads                            = 1                                         {product} {ergonomic}
     uint G1ConcRefinementThreads                  = 4                                         {product} {ergonomic}
   size_t G1HeapRegionSize                         = 1048576                                   {product} {ergonomic}
    uintx GCDrainStackTargetSize                   = 64                                        {product} {ergonomic}
   size_t InitialHeapSize                          = 58720256                                  {product} {ergonomic}
   size_t MarkStackSize                            = 4194304                                   {product} {ergonomic}
   size_t MaxHeapSize                              = 2147483648                                {product} {command line}
   size_t MaxNewSize                               = 1287651328                                {product} {ergonomic}
   size_t MinHeapDeltaBytes                        = 1048576                                   {product} {ergonomic}
    uintx NonNMethodCodeHeapSize                   = 5830732                                {pd product} {ergonomic}
    uintx NonProfiledCodeHeapSize                  = 122913754                              {pd product} {ergonomic}
    uintx ProfiledCodeHeapSize                     = 122913754                              {pd product} {ergonomic}
    uintx ReservedCodeCacheSize                    = 251658240                              {pd product} {ergonomic}
     bool SegmentedCodeCache                       = true                                      {product} {ergonomic}
     bool UseCompressedClassPointers               = true                                 {lp64_product} {ergonomic}
     bool UseCompressedOops                        = true                                 {lp64_product} {ergonomic}
     bool UseG1GC                                  = true                                      {product} {ergonomic}
     bool UseLargePagesIndividualAllocation        = false                                  {pd product} {ergonomic}

Logging:
Log output configuration:
 #0: stdout all=warning uptime,level,tags
 #1: stderr all=off uptime,level,tags

Environment Variables:
CLASSPATH="C:\Program Files (x86)\MySQL\mysql-connector-java-8.0.27;.;";
PATH=C:\Program Files\Common Files\Oracle\Java\javapath;C:\Windows\System32\wbem;
USERNAME=user
OS=Windows_NT
PROCESSOR_IDENTIFIER=AMD64 Family 23 Model 24 Stepping 1, AuthenticAMD



---------------  S Y S T E M  ---------------

OS: Windows 10 , 64 bit Build 19041 (10.0.19041.1889)
OS uptime: 0 days 3:38 hours

CPU:total 4 (initial active 4) (4 cores per cpu, 1 threads per core) family 23 model 24 stepping 1 microcode 0x0, cmov, cx8, fxsr, mmx, sse, sse2, sse3, ssse3, sse4.1, sse4.2, popcnt, avx, avx2, aes, clmul, mmxext, 3dnowpref, lzcnt, sse4a, tsc, tscinvbit, tscinv, bmi1, bmi2, adx, sha, fma

Memory: 4k page, system-wide physical 3532M (351M free)
TotalPageFile size 13772M (AvailPageFile size 6M)
current process WorkingSet (physical memory assigned to process): 357M, peak: 359M
current process commit charge ("private bytes"): 386M, peak: 388M

vm_info: OpenJDK 64-Bit Server VM (11.0.12+7-b1504.28-7817840) for windows-amd64 JRE (11.0.12+7-b1504.28-7817840), built on Oct 13 2021 22:12:33 by "builder" with MS VC++ 14.0 (VS2015)

END.
